<?xml version="1.0" encoding="UTF-8"?>
<!-- Generated by org.testng.reporters.JUnitXMLReporter -->
<testsuite hostname="DESKTOP-58VBRHF" ignored="0" name="SMOKE TESTS" tests="11" failures="1" timestamp="17 мар 2019 13:51:00 GMT" time="135.262" errors="0">
  <testcase name="smoke1 on [Smoke1 passed=0 failed=0 skipped=0]" time="126.876" classname="com.tests.smoke.Smoke1">
    <failure type="com.codeborne.selenide.ex.ElementNotFound" message="Element not found {By.xpath: //*[@cuba-id=&amp;apos;createBtn&amp;apos;]}
Expected: exist">
      <![CDATA[Element not found {By.xpath: //*[@cuba-id='createBtn']}
Expected: exist
Screenshot: file:/D:/all/build/reports/tests/1552830658923.0.png
Page source: file:/D:/all/build/reports/tests/1552830658923.0.html
Timeout: 60 s.
Caused by: NoSuchElementException: no such element: Unable to locate element: {"method":"xpath","selector":"//*[@cuba-id='createBtn']"}
at com.codeborne.selenide.impl.WebElementSource.createElementNotFoundError(WebElementSource.java:37)
at com.codeborne.selenide.impl.ElementFinder.createElementNotFoundError(ElementFinder.java:100)
at com.codeborne.selenide.impl.WebElementSource.checkCondition(WebElementSource.java:65)
at com.codeborne.selenide.commands.Should.should(Should.java:35)
at com.codeborne.selenide.commands.Should.execute(Should.java:29)
at com.codeborne.selenide.commands.Should.execute(Should.java:12)
at com.codeborne.selenide.commands.Commands.execute(Commands.java:144)
at com.codeborne.selenide.impl.SelenideElementProxy.dispatchAndRetry(SelenideElementProxy.java:99)
at com.codeborne.selenide.impl.SelenideElementProxy.invoke(SelenideElementProxy.java:65)
at com.sun.proxy.$Proxy10.waitUntil(Unknown Source)
at com.pages.Query.queriesCreateBtn(Query.java:37)
at com.pages.Smokes.createNewQuerie(Smokes.java:165)
at com.pages.Smokes.addNewQuery(Smokes.java:240)
at com.tests.smoke.Smoke1.smoke1(Smoke1.java:26)
Caused by: org.openqa.selenium.NoSuchElementException: no such element: Unable to locate element: {"method":"xpath","selector":"//*[@cuba-id='createBtn']"}
  (Session info: chrome=72.0.3626.121)
  (Driver info: chromedriver=2.45.615291 (ec3682e3c9061c10f26ea9e5cdcf3c53f3f74387),platform=Windows NT 10.0.17134 x86_64) (WARNING: The server did not provide any stacktrace information)
Command duration or timeout: 0 milliseconds
For documentation on this error, please visit: https://www.seleniumhq.org/exceptions/no_such_element.html
Build info: version: '3.141.59', revision: 'e82be7d358', time: '2018-11-14T08:17:03'
System info: host: 'DESKTOP-58VBRHF', ip: '192.168.1.68', os.name: 'Windows 10', os.arch: 'amd64', os.version: '10.0', java.version: '1.8.0_111'
Driver info: org.openqa.selenium.chrome.ChromeDriver
Capabilities {acceptInsecureCerts: false, acceptSslCerts: false, applicationCacheEnabled: false, browserConnectionEnabled: false, browserName: chrome, chrome: {chromedriverVersion: 2.45.615291 (ec3682e3c9061c..., userDataDir: C:\Users\5991~1\AppData\Loc...}, cssSelectorsEnabled: true, databaseEnabled: false, goog:chromeOptions: {debuggerAddress: localhost:62252}, handlesAlerts: true, hasTouchScreen: false, javascriptEnabled: true, locationContextEnabled: true, mobileEmulationEnabled: false, nativeEvents: true, networkConnectionEnabled: false, pageLoadStrategy: normal, platform: XP, platformName: XP, proxy: Proxy(), rotatable: false, setWindowRect: true, strictFileInteractability: false, takesHeapSnapshot: true, takesScreenshot: true, timeouts: {implicit: 0, pageLoad: 300000, script: 30000}, unexpectedAlertBehaviour: ignore, unhandledPromptBehavior: ignore, version: 72.0.3626.121, webStorageEnabled: true}
Session ID: a4b444242c0b0398746623a0ca402d7f
*** Element info: {Using=xpath, value=//*[@cuba-id='createBtn']}
at org.openqa.selenium.remote.ErrorHandler.createThrowable(ErrorHandler.java:214)
at org.openqa.selenium.remote.ErrorHandler.throwIfResponseFailed(ErrorHandler.java:166)
at org.openqa.selenium.remote.http.JsonHttpResponseCodec.reconstructValue(JsonHttpResponseCodec.java:40)
at org.openqa.selenium.remote.http.AbstractHttpResponseCodec.decode(AbstractHttpResponseCodec.java:80)
at org.openqa.selenium.remote.http.AbstractHttpResponseCodec.decode(AbstractHttpResponseCodec.java:44)
at org.openqa.selenium.remote.HttpCommandExecutor.execute(HttpCommandExecutor.java:158)
at org.openqa.selenium.remote.service.DriverCommandExecutor.execute(DriverCommandExecutor.java:83)
at org.openqa.selenium.remote.RemoteWebDriver.execute(RemoteWebDriver.java:552)
at org.openqa.selenium.remote.RemoteWebDriver.findElement(RemoteWebDriver.java:323)
at org.openqa.selenium.remote.RemoteWebDriver.findElementByXPath(RemoteWebDriver.java:428)
at org.openqa.selenium.By$ByXPath.findElement(By.java:353)
at org.openqa.selenium.remote.RemoteWebDriver.findElement(RemoteWebDriver.java:315)
at com.codeborne.selenide.impl.WebElementSelector.findElement(WebElementSelector.java:28)
at com.codeborne.selenide.impl.ElementFinder.getWebElement(ElementFinder.java:74)
at com.codeborne.selenide.impl.WebElementSource.checkCondition(WebElementSource.java:50)
... 36 more
... Removed 28 stack frames]]>
    </failure>
  </testcase> <!-- smoke1 on [Smoke1 passed=0 failed=0 skipped=0] -->
  <testcase name="smoke2" time="0.0" classname="com.tests.smoke.Smoke1">
    <skipped/>
  </testcase> <!-- smoke2 -->
  <testcase name="smoke3" time="0.0" classname="com.tests.smoke.Smoke1">
    <skipped/>
  </testcase> <!-- smoke3 -->
  <testcase name="smoke4" time="0.0" classname="com.tests.smoke.Smoke1">
    <skipped/>
  </testcase> <!-- smoke4 -->
  <testcase name="smoke5" time="0.0" classname="com.tests.smoke.Smoke1">
    <skipped/>
  </testcase> <!-- smoke5 -->
  <testcase name="smoke6" time="0.0" classname="com.tests.smoke.Smoke1">
    <skipped/>
  </testcase> <!-- smoke6 -->
  <testcase name="smoke7" time="0.0" classname="com.tests.smoke.Smoke1">
    <skipped/>
  </testcase> <!-- smoke7 -->
  <testcase name="smoke8" time="0.0" classname="com.tests.smoke.Smoke1">
    <skipped/>
  </testcase> <!-- smoke8 -->
  <testcase name="smoke9" time="0.0" classname="com.tests.smoke.Smoke1">
    <skipped/>
  </testcase> <!-- smoke9 -->
  <testcase name="smoke10" time="0.0" classname="com.tests.smoke.Smoke1">
    <skipped/>
  </testcase> <!-- smoke10 -->
  <testcase name="smoke11" time="0.0" classname="com.tests.smoke.Smoke1">
    <skipped/>
  </testcase> <!-- smoke11 -->
</testsuite> <!-- SMOKE TESTS -->
