<?xml version="1.0" encoding="UTF-8"?>
<!-- Generated by org.testng.reporters.JUnitXMLReporter -->
<testsuite hostname="DESKTOP-J47TJ88" ignored="29" name="SMOKE TESTS" tests="30" failures="7" timestamp="12 авг 2019 17:04:24 GMT" time="1698.184" errors="0">
  <testcase name="smoke1 on [Smoke_tko_98 passed=0 failed=0 skipped=0]" time="38.752" classname="com.tests.smoke.Smoke_tko_98"/>
  <testcase name="smoke1 on [Smoke_tko_1 passed=0 failed=0 skipped=0]" time="25.236" classname="com.tests.smoke.Smoke_tko_1"/>
  <testcase name="smoke1 on [Smoke_tko_3 passed=0 failed=0 skipped=0]" time="16.494" classname="com.tests.smoke.Smoke_tko_3"/>
  <testcase name="smoke1 on [Smoke_tko_99 passed=0 failed=0 skipped=0]" time="32.948" classname="com.tests.smoke.Smoke_tko_99"/>
  <testcase name="smoke1 on [Smoke_tko_15 passed=0 failed=0 skipped=0]" time="11.68" classname="com.tests.smoke.Smoke_tko_15"/>
  <testcase name="smoke1 on [Smoke_tko_10 passed=0 failed=0 skipped=0]" time="63.971" classname="com.tests.smoke.Smoke_tko_10"/>
  <testcase name="smoke1 on [Smoke_tko_9 passed=0 failed=0 skipped=0]" time="32.138" classname="com.tests.smoke.Smoke_tko_9"/>
  <testcase name="smoke1 on [Smoke_tko_17 passed=0 failed=0 skipped=0]" time="24.212" classname="com.tests.smoke.Smoke_tko_17"/>
  <testcase name="smoke1 on [Smoke_tko_28 passed=0 failed=0 skipped=0]" time="22.902" classname="com.tests.smoke.Smoke_tko_28"/>
  <testcase name="smoke1 on [Smoke_tko_12 passed=0 failed=0 skipped=0]" time="15.204" classname="com.tests.smoke.Smoke_tko_12"/>
  <testcase name="smoke1 on [Smoke_tko_4 passed=0 failed=0 skipped=0]" time="20.844" classname="com.tests.smoke.Smoke_tko_4"/>
  <testcase name="smoke1 on [Smoke_tko_5 passed=0 failed=0 skipped=0]" time="24.818" classname="com.tests.smoke.Smoke_tko_5"/>
  <testcase name="smoke1 on [Smoke_tko_6 passed=0 failed=0 skipped=0]" time="37.55" classname="com.tests.smoke.Smoke_tko_6"/>
  <testcase name="smoke1 on [Smoke_tko_7 passed=0 failed=0 skipped=0]" time="52.463" classname="com.tests.smoke.Smoke_tko_7"/>
  <testcase name="smoke1 on [Smoke_tko_8 passed=0 failed=0 skipped=0]" time="52.773" classname="com.tests.smoke.Smoke_tko_8"/>
  <testcase name="smoke1 on [Smoke_tko_13 passed=0 failed=0 skipped=0]" time="125.738" classname="com.tests.smoke.Smoke_tko_13"/>
  <testcase name="smoke1 on [Smoke_tko_14 passed=0 failed=0 skipped=0]" time="63.158" classname="com.tests.smoke.Smoke_tko_14">
    <failure type="com.codeborne.selenide.ex.ElementNotFound" message="Element not found {By.xpath: //div[text()=&amp;apos;Верификация&amp;apos;]}
Expected: visible or transparent">
      <![CDATA[Element not found {By.xpath: //div[text()='Верификация']}
Expected: visible or transparent
Screenshot: file:/C:/Users/Home/git/AutoTKO/TKO/build/reports/tests/1565628537842.0.png
Page source: file:/C:/Users/Home/git/AutoTKO/TKO/build/reports/tests/1565628537842.0.html
Timeout: 4 s.
Caused by: NoSuchElementException: no such element: Unable to locate element: {"method":"xpath","selector":"//div[text()='Верификация']"}
at com.codeborne.selenide.impl.WebElementSource.createElementNotFoundError(WebElementSource.java:37)
at com.codeborne.selenide.impl.ElementFinder.createElementNotFoundError(ElementFinder.java:100)
at com.codeborne.selenide.impl.WebElementSource.checkCondition(WebElementSource.java:65)
at com.codeborne.selenide.impl.WebElementSource.findAndAssertElementIsInteractable(WebElementSource.java:87)
at com.codeborne.selenide.commands.Click.execute(Click.java:13)
at com.codeborne.selenide.commands.Click.execute(Click.java:9)
at com.codeborne.selenide.commands.Commands.execute(Commands.java:144)
at com.codeborne.selenide.impl.SelenideElementProxy.dispatchAndRetry(SelenideElementProxy.java:99)
at com.codeborne.selenide.impl.SelenideElementProxy.invoke(SelenideElementProxy.java:65)
at com.sun.proxy.$Proxy10.click(Unknown Source)
at com.pages.tko_14_RejectRequest.startAdmin(tko_14_RejectRequest.java:298)
at com.pages.tko_14_RejectRequest.RejectRequest(tko_14_RejectRequest.java:352)
at com.tests.smoke.Smoke_tko_14.smoke1(Smoke_tko_14.java:18)
Caused by: org.openqa.selenium.NoSuchElementException: no such element: Unable to locate element: {"method":"xpath","selector":"//div[text()='Верификация']"}
  (Session info: chrome=76.0.3809.100)
For documentation on this error, please visit: https://www.seleniumhq.org/exceptions/no_such_element.html
Build info: version: '3.141.59', revision: 'e82be7d358', time: '2018-11-14T08:17:03'
System info: host: 'DESKTOP-J47TJ88', ip: '192.168.0.105', os.name: 'Windows 10', os.arch: 'amd64', os.version: '10.0', java.version: '1.8.0_201'
Driver info: org.openqa.selenium.chrome.ChromeDriver
Capabilities {acceptInsecureCerts: false, browserName: chrome, browserVersion: 76.0.3809.100, chrome: {chromedriverVersion: 75.0.3770.140 (2d9f97485c7b..., userDataDir: C:\Users\Home\AppData\Local...}, goog:chromeOptions: {debuggerAddress: localhost:58652}, javascriptEnabled: true, networkConnectionEnabled: false, pageLoadStrategy: normal, platform: XP, platformName: XP, proxy: Proxy(), setWindowRect: true, strictFileInteractability: false, timeouts: {implicit: 0, pageLoad: 300000, script: 30000}, unhandledPromptBehavior: dismiss and notify}
Session ID: 970cab68419209a9ffe023dbdd38b946
*** Element info: {Using=xpath, value=//div[text()='Верификация']}
at org.openqa.selenium.remote.http.W3CHttpResponseCodec.createException(W3CHttpResponseCodec.java:187)
at org.openqa.selenium.remote.http.W3CHttpResponseCodec.decode(W3CHttpResponseCodec.java:122)
at org.openqa.selenium.remote.http.W3CHttpResponseCodec.decode(W3CHttpResponseCodec.java:49)
at org.openqa.selenium.remote.HttpCommandExecutor.execute(HttpCommandExecutor.java:158)
at org.openqa.selenium.remote.service.DriverCommandExecutor.execute(DriverCommandExecutor.java:83)
at org.openqa.selenium.remote.RemoteWebDriver.execute(RemoteWebDriver.java:552)
at org.openqa.selenium.remote.RemoteWebDriver.findElement(RemoteWebDriver.java:323)
at org.openqa.selenium.remote.RemoteWebDriver.findElementByXPath(RemoteWebDriver.java:428)
at org.openqa.selenium.By$ByXPath.findElement(By.java:353)
at org.openqa.selenium.remote.RemoteWebDriver.findElement(RemoteWebDriver.java:315)
at com.codeborne.selenide.impl.WebElementSelector.findElement(WebElementSelector.java:28)
at com.codeborne.selenide.impl.ElementFinder.getWebElement(ElementFinder.java:74)
at com.codeborne.selenide.impl.WebElementSource.checkCondition(WebElementSource.java:50)
... 35 more
... Removed 28 stack frames]]>
    </failure>
  </testcase> <!-- smoke1 on [Smoke_tko_14 passed=0 failed=0 skipped=0] -->
  <testcase name="smoke1 on [Smoke_tko_11 passed=0 failed=0 skipped=0]" time="32.269" classname="com.tests.smoke.Smoke_tko_11">
    <failure type="com.codeborne.selenide.ex.ElementNotFound" message="Element not found {By.xpath: //div[@class=&amp;apos;v-button v-widget c-window-action-button v-button-c-window-action-button icon v-button-icon c-primary-action v-button-c-primary-action&amp;apos;]}
Expected: visible">
      <![CDATA[Element not found {By.xpath: //div[@class='v-button v-widget c-window-action-button v-button-c-window-action-button icon v-button-icon c-primary-action v-button-c-primary-action']}
Expected: visible
Screenshot: file:/C:/Users/Home/git/AutoTKO/TKO/build/reports/tests/1565628576764.1.png
Page source: file:/C:/Users/Home/git/AutoTKO/TKO/build/reports/tests/1565628576764.1.html
Timeout: 5 s.
Caused by: NoSuchElementException: no such element: Unable to locate element: {"method":"xpath","selector":"//div[@class='v-button v-widget c-window-action-button v-button-c-window-action-button icon v-button-icon c-primary-action v-button-c-primary-action']"}
at com.codeborne.selenide.impl.WebElementSource.createElementNotFoundError(WebElementSource.java:37)
at com.codeborne.selenide.impl.ElementFinder.createElementNotFoundError(ElementFinder.java:100)
at com.codeborne.selenide.impl.WebElementSource.checkCondition(WebElementSource.java:65)
at com.codeborne.selenide.commands.Should.should(Should.java:35)
at com.codeborne.selenide.commands.Should.execute(Should.java:29)
at com.codeborne.selenide.commands.Should.execute(Should.java:12)
at com.codeborne.selenide.commands.Commands.execute(Commands.java:144)
at com.codeborne.selenide.impl.SelenideElementProxy.dispatchAndRetry(SelenideElementProxy.java:99)
at com.codeborne.selenide.impl.SelenideElementProxy.invoke(SelenideElementProxy.java:65)
at com.sun.proxy.$Proxy10.waitUntil(Unknown Source)
at com.pages.tko_11_NewContainerAddress.buttonSelect(tko_11_NewContainerAddress.java:93)
at com.pages.tko_11_NewContainerAddress.editAgent(tko_11_NewContainerAddress.java:191)
at com.pages.tko_11_NewContainerAddress.AddProperty(tko_11_NewContainerAddress.java:234)
at com.tests.smoke.Smoke_tko_11.smoke1(Smoke_tko_11.java:18)
Caused by: org.openqa.selenium.NoSuchElementException: no such element: Unable to locate element: {"method":"xpath","selector":"//div[@class='v-button v-widget c-window-action-button v-button-c-window-action-button icon v-button-icon c-primary-action v-button-c-primary-action']"}
  (Session info: chrome=76.0.3809.100)
For documentation on this error, please visit: https://www.seleniumhq.org/exceptions/no_such_element.html
Build info: version: '3.141.59', revision: 'e82be7d358', time: '2018-11-14T08:17:03'
System info: host: 'DESKTOP-J47TJ88', ip: '192.168.0.105', os.name: 'Windows 10', os.arch: 'amd64', os.version: '10.0', java.version: '1.8.0_201'
Driver info: org.openqa.selenium.chrome.ChromeDriver
Capabilities {acceptInsecureCerts: false, browserName: chrome, browserVersion: 76.0.3809.100, chrome: {chromedriverVersion: 75.0.3770.140 (2d9f97485c7b..., userDataDir: C:\Users\Home\AppData\Local...}, goog:chromeOptions: {debuggerAddress: localhost:59208}, javascriptEnabled: true, networkConnectionEnabled: false, pageLoadStrategy: normal, platform: XP, platformName: XP, proxy: Proxy(), setWindowRect: true, strictFileInteractability: false, timeouts: {implicit: 0, pageLoad: 300000, script: 30000}, unhandledPromptBehavior: dismiss and notify}
Session ID: a8505a5aa7a863c7b2c22180fb055c2d
*** Element info: {Using=xpath, value=//div[@class='v-button v-widget c-window-action-button v-button-c-window-action-button icon v-button-icon c-primary-action v-button-c-primary-action']}
at org.openqa.selenium.remote.http.W3CHttpResponseCodec.createException(W3CHttpResponseCodec.java:187)
at org.openqa.selenium.remote.http.W3CHttpResponseCodec.decode(W3CHttpResponseCodec.java:122)
at org.openqa.selenium.remote.http.W3CHttpResponseCodec.decode(W3CHttpResponseCodec.java:49)
at org.openqa.selenium.remote.HttpCommandExecutor.execute(HttpCommandExecutor.java:158)
at org.openqa.selenium.remote.service.DriverCommandExecutor.execute(DriverCommandExecutor.java:83)
at org.openqa.selenium.remote.RemoteWebDriver.execute(RemoteWebDriver.java:552)
at org.openqa.selenium.remote.RemoteWebDriver.findElement(RemoteWebDriver.java:323)
at org.openqa.selenium.remote.RemoteWebDriver.findElementByXPath(RemoteWebDriver.java:428)
at org.openqa.selenium.By$ByXPath.findElement(By.java:353)
at org.openqa.selenium.remote.RemoteWebDriver.findElement(RemoteWebDriver.java:315)
at com.codeborne.selenide.impl.WebElementSelector.findElement(WebElementSelector.java:28)
at com.codeborne.selenide.impl.ElementFinder.getWebElement(ElementFinder.java:74)
at com.codeborne.selenide.impl.WebElementSource.checkCondition(WebElementSource.java:50)
... 36 more
... Removed 28 stack frames]]>
    </failure>
  </testcase> <!-- smoke1 on [Smoke_tko_11 passed=0 failed=0 skipped=0] -->
  <testcase name="smoke1 on [Smoke_tko_16 passed=0 failed=0 skipped=0]" time="91.035" classname="com.tests.smoke.Smoke_tko_16"/>
  <testcase name="smoke1 on [Smoke_tko_21 passed=0 failed=0 skipped=0]" time="136.607" classname="com.tests.smoke.Smoke_tko_21"/>
  <testcase name="smoke1 on [Smoke_tko_22 passed=0 failed=0 skipped=0]" time="94.459" classname="com.tests.smoke.Smoke_tko_22">
    <failure type="com.codeborne.selenide.ex.ElementNotFound" message="Element not found {By.xpath: (//div[@class=&amp;apos;v-button v-widget icon v-button-icon&amp;apos;])[2]}
Expected: visible">
      <![CDATA[Element not found {By.xpath: (//div[@class='v-button v-widget icon v-button-icon'])[2]}
Expected: visible
Screenshot: file:/C:/Users/Home/git/AutoTKO/TKO/build/reports/tests/1565628918072.2.png
Page source: file:/C:/Users/Home/git/AutoTKO/TKO/build/reports/tests/1565628918072.2.html
Timeout: 5 s.
Caused by: NoSuchElementException: no such element: Unable to locate element: {"method":"xpath","selector":"(//div[@class='v-button v-widget icon v-button-icon'])[2]"}
at com.codeborne.selenide.impl.WebElementSource.createElementNotFoundError(WebElementSource.java:37)
at com.codeborne.selenide.impl.ElementFinder.createElementNotFoundError(ElementFinder.java:100)
at com.codeborne.selenide.impl.WebElementSource.checkCondition(WebElementSource.java:65)
at com.codeborne.selenide.commands.Should.should(Should.java:35)
at com.codeborne.selenide.commands.Should.execute(Should.java:29)
at com.codeborne.selenide.commands.Should.execute(Should.java:12)
at com.codeborne.selenide.commands.Commands.execute(Commands.java:144)
at com.codeborne.selenide.impl.SelenideElementProxy.dispatchAndRetry(SelenideElementProxy.java:99)
at com.codeborne.selenide.impl.SelenideElementProxy.invoke(SelenideElementProxy.java:65)
at com.sun.proxy.$Proxy10.waitUntil(Unknown Source)
at com.pages.tko_22_RejectProperty.buttonRefuse(tko_22_RejectProperty.java:88)
at com.pages.tko_22_RejectProperty.request(tko_22_RejectProperty.java:203)
at com.pages.tko_22_RejectProperty.RejectProperty(tko_22_RejectProperty.java:248)
at com.tests.smoke.Smoke_tko_22.smoke1(Smoke_tko_22.java:18)
Caused by: org.openqa.selenium.NoSuchElementException: no such element: Unable to locate element: {"method":"xpath","selector":"(//div[@class='v-button v-widget icon v-button-icon'])[2]"}
  (Session info: chrome=76.0.3809.100)
For documentation on this error, please visit: https://www.seleniumhq.org/exceptions/no_such_element.html
Build info: version: '3.141.59', revision: 'e82be7d358', time: '2018-11-14T08:17:03'
System info: host: 'DESKTOP-J47TJ88', ip: '192.168.0.105', os.name: 'Windows 10', os.arch: 'amd64', os.version: '10.0', java.version: '1.8.0_201'
Driver info: org.openqa.selenium.chrome.ChromeDriver
Capabilities {acceptInsecureCerts: false, browserName: chrome, browserVersion: 76.0.3809.100, chrome: {chromedriverVersion: 75.0.3770.140 (2d9f97485c7b..., userDataDir: C:\Users\Home\AppData\Local...}, goog:chromeOptions: {debuggerAddress: localhost:61379}, javascriptEnabled: true, networkConnectionEnabled: false, pageLoadStrategy: normal, platform: XP, platformName: XP, proxy: Proxy(), setWindowRect: true, strictFileInteractability: false, timeouts: {implicit: 0, pageLoad: 300000, script: 30000}, unhandledPromptBehavior: dismiss and notify}
Session ID: 7eb4318928386e3bec957a309addf98e
*** Element info: {Using=xpath, value=(//div[@class='v-button v-widget icon v-button-icon'])[2]}
at org.openqa.selenium.remote.http.W3CHttpResponseCodec.createException(W3CHttpResponseCodec.java:187)
at org.openqa.selenium.remote.http.W3CHttpResponseCodec.decode(W3CHttpResponseCodec.java:122)
at org.openqa.selenium.remote.http.W3CHttpResponseCodec.decode(W3CHttpResponseCodec.java:49)
at org.openqa.selenium.remote.HttpCommandExecutor.execute(HttpCommandExecutor.java:158)
at org.openqa.selenium.remote.service.DriverCommandExecutor.execute(DriverCommandExecutor.java:83)
at org.openqa.selenium.remote.RemoteWebDriver.execute(RemoteWebDriver.java:552)
at org.openqa.selenium.remote.RemoteWebDriver.findElement(RemoteWebDriver.java:323)
at org.openqa.selenium.remote.RemoteWebDriver.findElementByXPath(RemoteWebDriver.java:428)
at org.openqa.selenium.By$ByXPath.findElement(By.java:353)
at org.openqa.selenium.remote.RemoteWebDriver.findElement(RemoteWebDriver.java:315)
at com.codeborne.selenide.impl.WebElementSelector.findElement(WebElementSelector.java:28)
at com.codeborne.selenide.impl.ElementFinder.getWebElement(ElementFinder.java:74)
at com.codeborne.selenide.impl.WebElementSource.checkCondition(WebElementSource.java:50)
... 36 more
... Removed 28 stack frames]]>
    </failure>
  </testcase> <!-- smoke1 on [Smoke_tko_22 passed=0 failed=0 skipped=0] -->
  <testcase name="smoke1 on [Smoke_tko_20 passed=0 failed=0 skipped=0]" time="100.664" classname="com.tests.smoke.Smoke_tko_20">
    <failure type="com.codeborne.selenide.ex.ElementNotFound" message="Element not found {By.xpath: //div[@class=&amp;apos;v-button v-widget friendly v-button-friendly icon v-button-icon&amp;apos;]}
Expected: visible">
      <![CDATA[Element not found {By.xpath: //div[@class='v-button v-widget friendly v-button-friendly icon v-button-icon']}
Expected: visible
Screenshot: file:/C:/Users/Home/git/AutoTKO/TKO/build/reports/tests/1565629025112.3.png
Page source: file:/C:/Users/Home/git/AutoTKO/TKO/build/reports/tests/1565629025112.3.html
Timeout: 5 s.
Caused by: NoSuchElementException: no such element: Unable to locate element: {"method":"xpath","selector":"//div[@class='v-button v-widget friendly v-button-friendly icon v-button-icon']"}
at com.codeborne.selenide.impl.WebElementSource.createElementNotFoundError(WebElementSource.java:37)
at com.codeborne.selenide.impl.ElementFinder.createElementNotFoundError(ElementFinder.java:100)
at com.codeborne.selenide.impl.WebElementSource.checkCondition(WebElementSource.java:65)
at com.codeborne.selenide.commands.Should.should(Should.java:35)
at com.codeborne.selenide.commands.Should.execute(Should.java:29)
at com.codeborne.selenide.commands.Should.execute(Should.java:12)
at com.codeborne.selenide.commands.Commands.execute(Commands.java:144)
at com.codeborne.selenide.impl.SelenideElementProxy.dispatchAndRetry(SelenideElementProxy.java:99)
at com.codeborne.selenide.impl.SelenideElementProxy.invoke(SelenideElementProxy.java:65)
at com.sun.proxy.$Proxy10.waitUntil(Unknown Source)
at com.pages.tko_20_DeleteON.buttonApprove(tko_20_DeleteON.java:80)
at com.pages.tko_20_DeleteON.menuDelete(tko_20_DeleteON.java:189)
at com.pages.tko_20_DeleteON.DeleteON(tko_20_DeleteON.java:230)
at com.tests.smoke.Smoke_tko_20.smoke1(Smoke_tko_20.java:18)
Caused by: org.openqa.selenium.NoSuchElementException: no such element: Unable to locate element: {"method":"xpath","selector":"//div[@class='v-button v-widget friendly v-button-friendly icon v-button-icon']"}
  (Session info: chrome=76.0.3809.100)
For documentation on this error, please visit: https://www.seleniumhq.org/exceptions/no_such_element.html
Build info: version: '3.141.59', revision: 'e82be7d358', time: '2018-11-14T08:17:03'
System info: host: 'DESKTOP-J47TJ88', ip: '192.168.0.105', os.name: 'Windows 10', os.arch: 'amd64', os.version: '10.0', java.version: '1.8.0_201'
Driver info: org.openqa.selenium.chrome.ChromeDriver
Capabilities {acceptInsecureCerts: false, browserName: chrome, browserVersion: 76.0.3809.100, chrome: {chromedriverVersion: 75.0.3770.140 (2d9f97485c7b..., userDataDir: C:\Users\Home\AppData\Local...}, goog:chromeOptions: {debuggerAddress: localhost:62197}, javascriptEnabled: true, networkConnectionEnabled: false, pageLoadStrategy: normal, platform: XP, platformName: XP, proxy: Proxy(), setWindowRect: true, strictFileInteractability: false, timeouts: {implicit: 0, pageLoad: 300000, script: 30000}, unhandledPromptBehavior: dismiss and notify}
Session ID: f77d20c0b1e42273a651617ee01f97ee
*** Element info: {Using=xpath, value=//div[@class='v-button v-widget friendly v-button-friendly icon v-button-icon']}
at org.openqa.selenium.remote.http.W3CHttpResponseCodec.createException(W3CHttpResponseCodec.java:187)
at org.openqa.selenium.remote.http.W3CHttpResponseCodec.decode(W3CHttpResponseCodec.java:122)
at org.openqa.selenium.remote.http.W3CHttpResponseCodec.decode(W3CHttpResponseCodec.java:49)
at org.openqa.selenium.remote.HttpCommandExecutor.execute(HttpCommandExecutor.java:158)
at org.openqa.selenium.remote.service.DriverCommandExecutor.execute(DriverCommandExecutor.java:83)
at org.openqa.selenium.remote.RemoteWebDriver.execute(RemoteWebDriver.java:552)
at org.openqa.selenium.remote.RemoteWebDriver.findElement(RemoteWebDriver.java:323)
at org.openqa.selenium.remote.RemoteWebDriver.findElementByXPath(RemoteWebDriver.java:428)
at org.openqa.selenium.By$ByXPath.findElement(By.java:353)
at org.openqa.selenium.remote.RemoteWebDriver.findElement(RemoteWebDriver.java:315)
at com.codeborne.selenide.impl.WebElementSelector.findElement(WebElementSelector.java:28)
at com.codeborne.selenide.impl.ElementFinder.getWebElement(ElementFinder.java:74)
at com.codeborne.selenide.impl.WebElementSource.checkCondition(WebElementSource.java:50)
... 36 more
... Removed 28 stack frames]]>
    </failure>
  </testcase> <!-- smoke1 on [Smoke_tko_20 passed=0 failed=0 skipped=0] -->
  <testcase name="smoke1 on [Smoke_tko_18 passed=0 failed=0 skipped=0]" time="21.568" classname="com.tests.smoke.Smoke_tko_18"/>
  <testcase name="smoke1 on [Smoke_tko_19 passed=0 failed=0 skipped=0]" time="60.338" classname="com.tests.smoke.Smoke_tko_19">
    <failure type="com.codeborne.selenide.ex.ElementNotFound" message="Element not found {By.xpath: //table[@class=&amp;apos;v-table-table&amp;apos;]//tr/td[3]}
Expected: visible">
      <![CDATA[Element not found {By.xpath: //table[@class='v-table-table']//tr/td[3]}
Expected: visible
Screenshot: file:/C:/Users/Home/git/AutoTKO/TKO/build/reports/tests/1565629119979.4.png
Page source: file:/C:/Users/Home/git/AutoTKO/TKO/build/reports/tests/1565629119979.4.html
Timeout: 5 s.
Caused by: NoSuchElementException: no such element: Unable to locate element: {"method":"xpath","selector":"//table[@class='v-table-table']//tr/td[3]"}
at com.codeborne.selenide.impl.WebElementSource.createElementNotFoundError(WebElementSource.java:37)
at com.codeborne.selenide.impl.ElementFinder.createElementNotFoundError(ElementFinder.java:100)
at com.codeborne.selenide.impl.WebElementSource.checkCondition(WebElementSource.java:65)
at com.codeborne.selenide.commands.Should.should(Should.java:35)
at com.codeborne.selenide.commands.Should.execute(Should.java:29)
at com.codeborne.selenide.commands.Should.execute(Should.java:12)
at com.codeborne.selenide.commands.Commands.execute(Commands.java:144)
at com.codeborne.selenide.impl.SelenideElementProxy.dispatchAndRetry(SelenideElementProxy.java:99)
at com.codeborne.selenide.impl.SelenideElementProxy.invoke(SelenideElementProxy.java:65)
at com.sun.proxy.$Proxy10.waitUntil(Unknown Source)
at com.pages.tko_19_AddPNOOLR.selectRequest(tko_19_AddPNOOLR.java:89)
at com.pages.tko_19_AddPNOOLR.request(tko_19_AddPNOOLR.java:211)
at com.pages.tko_19_AddPNOOLR.AddPNOOLR(tko_19_AddPNOOLR.java:260)
at com.tests.smoke.Smoke_tko_19.smoke1(Smoke_tko_19.java:18)
Caused by: org.openqa.selenium.NoSuchElementException: no such element: Unable to locate element: {"method":"xpath","selector":"//table[@class='v-table-table']//tr/td[3]"}
  (Session info: chrome=76.0.3809.100)
For documentation on this error, please visit: https://www.seleniumhq.org/exceptions/no_such_element.html
Build info: version: '3.141.59', revision: 'e82be7d358', time: '2018-11-14T08:17:03'
System info: host: 'DESKTOP-J47TJ88', ip: '192.168.0.105', os.name: 'Windows 10', os.arch: 'amd64', os.version: '10.0', java.version: '1.8.0_201'
Driver info: org.openqa.selenium.chrome.ChromeDriver
Capabilities {acceptInsecureCerts: false, browserName: chrome, browserVersion: 76.0.3809.100, chrome: {chromedriverVersion: 75.0.3770.140 (2d9f97485c7b..., userDataDir: C:\Users\Home\AppData\Local...}, goog:chromeOptions: {debuggerAddress: localhost:63250}, javascriptEnabled: true, networkConnectionEnabled: false, pageLoadStrategy: normal, platform: XP, platformName: XP, proxy: Proxy(), setWindowRect: true, strictFileInteractability: false, timeouts: {implicit: 0, pageLoad: 300000, script: 30000}, unhandledPromptBehavior: dismiss and notify}
Session ID: 92b957d78b009b870fdd8cf9d650ba8d
*** Element info: {Using=xpath, value=//table[@class='v-table-table']//tr/td[3]}
at org.openqa.selenium.remote.http.W3CHttpResponseCodec.createException(W3CHttpResponseCodec.java:187)
at org.openqa.selenium.remote.http.W3CHttpResponseCodec.decode(W3CHttpResponseCodec.java:122)
at org.openqa.selenium.remote.http.W3CHttpResponseCodec.decode(W3CHttpResponseCodec.java:49)
at org.openqa.selenium.remote.HttpCommandExecutor.execute(HttpCommandExecutor.java:158)
at org.openqa.selenium.remote.service.DriverCommandExecutor.execute(DriverCommandExecutor.java:83)
at org.openqa.selenium.remote.RemoteWebDriver.execute(RemoteWebDriver.java:552)
at org.openqa.selenium.remote.RemoteWebDriver.findElement(RemoteWebDriver.java:323)
at org.openqa.selenium.remote.RemoteWebDriver.findElementByXPath(RemoteWebDriver.java:428)
at org.openqa.selenium.By$ByXPath.findElement(By.java:353)
at org.openqa.selenium.remote.RemoteWebDriver.findElement(RemoteWebDriver.java:315)
at com.codeborne.selenide.impl.WebElementSelector.findElement(WebElementSelector.java:28)
at com.codeborne.selenide.impl.ElementFinder.getWebElement(ElementFinder.java:74)
at com.codeborne.selenide.impl.WebElementSource.checkCondition(WebElementSource.java:50)
... 36 more
... Removed 28 stack frames]]>
    </failure>
  </testcase> <!-- smoke1 on [Smoke_tko_19 passed=0 failed=0 skipped=0] -->
  <testcase name="smoke1 on [Smoke_tko_23 passed=0 failed=0 skipped=0]" time="38.838" classname="com.tests.smoke.Smoke_tko_23"/>
  <testcase name="smoke1 on [Smoke_tko_24 passed=0 failed=0 skipped=0]" time="39.832" classname="com.tests.smoke.Smoke_tko_24"/>
  <testcase name="smoke1 on [Smoke_tko_25 passed=0 failed=0 skipped=0]" time="21.492" classname="com.tests.smoke.Smoke_tko_25"/>
  <testcase name="smoke1 on [Smoke_tko_26 passed=0 failed=0 skipped=0]" time="25.236" classname="com.tests.smoke.Smoke_tko_26">
    <failure type="com.codeborne.selenide.ex.ElementNotFound" message="Element not found {By.xpath: //div[text()=&amp;apos;Шаблоны&amp;apos;]}
Expected: visible">
      <![CDATA[Element not found {By.xpath: //div[text()='Шаблоны']}
Expected: visible
Screenshot: file:/C:/Users/Home/git/AutoTKO/TKO/build/reports/tests/1565629271186.5.png
Page source: file:/C:/Users/Home/git/AutoTKO/TKO/build/reports/tests/1565629271186.5.html
Timeout: 5 s.
Caused by: NoSuchElementException: no such element: Unable to locate element: {"method":"xpath","selector":"//div[text()='Шаблоны']"}
at com.codeborne.selenide.impl.WebElementSource.createElementNotFoundError(WebElementSource.java:37)
at com.codeborne.selenide.impl.ElementFinder.createElementNotFoundError(ElementFinder.java:100)
at com.codeborne.selenide.impl.WebElementSource.checkCondition(WebElementSource.java:65)
at com.codeborne.selenide.commands.Should.should(Should.java:35)
at com.codeborne.selenide.commands.Should.execute(Should.java:29)
at com.codeborne.selenide.commands.Should.execute(Should.java:12)
at com.codeborne.selenide.commands.Commands.execute(Commands.java:144)
at com.codeborne.selenide.impl.SelenideElementProxy.dispatchAndRetry(SelenideElementProxy.java:99)
at com.codeborne.selenide.impl.SelenideElementProxy.invoke(SelenideElementProxy.java:65)
at com.sun.proxy.$Proxy10.waitUntil(Unknown Source)
at com.pages.tko_26_SendSomeMassage.menuTemplate(tko_26_SendSomeMassage.java:73)
at com.pages.tko_26_SendSomeMassage.selectUser(tko_26_SendSomeMassage.java:173)
at com.pages.tko_26_SendSomeMassage.SendSomeMassage(tko_26_SendSomeMassage.java:203)
at com.tests.smoke.Smoke_tko_26.smoke1(Smoke_tko_26.java:18)
Caused by: org.openqa.selenium.NoSuchElementException: no such element: Unable to locate element: {"method":"xpath","selector":"//div[text()='Шаблоны']"}
  (Session info: chrome=76.0.3809.100)
For documentation on this error, please visit: https://www.seleniumhq.org/exceptions/no_such_element.html
Build info: version: '3.141.59', revision: 'e82be7d358', time: '2018-11-14T08:17:03'
System info: host: 'DESKTOP-J47TJ88', ip: '192.168.0.105', os.name: 'Windows 10', os.arch: 'amd64', os.version: '10.0', java.version: '1.8.0_201'
Driver info: org.openqa.selenium.chrome.ChromeDriver
Capabilities {acceptInsecureCerts: false, browserName: chrome, browserVersion: 76.0.3809.100, chrome: {chromedriverVersion: 75.0.3770.140 (2d9f97485c7b..., userDataDir: C:\Users\Home\AppData\Local...}, goog:chromeOptions: {debuggerAddress: localhost:56514}, javascriptEnabled: true, networkConnectionEnabled: false, pageLoadStrategy: normal, platform: XP, platformName: XP, proxy: Proxy(), setWindowRect: true, strictFileInteractability: false, timeouts: {implicit: 0, pageLoad: 300000, script: 30000}, unhandledPromptBehavior: dismiss and notify}
Session ID: 84984e91a903611d0f2261b27ae15a7f
*** Element info: {Using=xpath, value=//div[text()='Шаблоны']}
at org.openqa.selenium.remote.http.W3CHttpResponseCodec.createException(W3CHttpResponseCodec.java:187)
at org.openqa.selenium.remote.http.W3CHttpResponseCodec.decode(W3CHttpResponseCodec.java:122)
at org.openqa.selenium.remote.http.W3CHttpResponseCodec.decode(W3CHttpResponseCodec.java:49)
at org.openqa.selenium.remote.HttpCommandExecutor.execute(HttpCommandExecutor.java:158)
at org.openqa.selenium.remote.service.DriverCommandExecutor.execute(DriverCommandExecutor.java:83)
at org.openqa.selenium.remote.RemoteWebDriver.execute(RemoteWebDriver.java:552)
at org.openqa.selenium.remote.RemoteWebDriver.findElement(RemoteWebDriver.java:323)
at org.openqa.selenium.remote.RemoteWebDriver.findElementByXPath(RemoteWebDriver.java:428)
at org.openqa.selenium.By$ByXPath.findElement(By.java:353)
at org.openqa.selenium.remote.RemoteWebDriver.findElement(RemoteWebDriver.java:315)
at com.codeborne.selenide.impl.WebElementSelector.findElement(WebElementSelector.java:28)
at com.codeborne.selenide.impl.ElementFinder.getWebElement(ElementFinder.java:74)
at com.codeborne.selenide.impl.WebElementSource.checkCondition(WebElementSource.java:50)
... 36 more
... Removed 28 stack frames]]>
    </failure>
  </testcase> <!-- smoke1 on [Smoke_tko_26 passed=0 failed=0 skipped=0] -->
  <testcase name="smoke1 on [Smoke_tko_27 passed=0 failed=0 skipped=0]" time="19.824" classname="com.tests.smoke.Smoke_tko_27"/>
  <testcase name="smoke1 on [Smoke_tko_30 passed=0 failed=0 skipped=0]" time="155.843" classname="com.tests.smoke.Smoke_tko_30">
    <failure type="com.codeborne.selenide.ex.ElementNotFound" message="Element not found {By.xpath: //div[@class=&amp;apos;c-grouptable-group-cell-expander&amp;apos;]}
Expected: visible">
      <![CDATA[Element not found {By.xpath: //div[@class='c-grouptable-group-cell-expander']}
Expected: visible
Screenshot: file:/C:/Users/Home/git/AutoTKO/TKO/build/reports/tests/1565629462802.6.png
Page source: file:/C:/Users/Home/git/AutoTKO/TKO/build/reports/tests/1565629462802.6.html
Timeout: 5 s.
Caused by: NoSuchElementException: no such element: Unable to locate element: {"method":"xpath","selector":"//div[@class='c-grouptable-group-cell-expander']"}
at com.codeborne.selenide.impl.WebElementSource.createElementNotFoundError(WebElementSource.java:37)
at com.codeborne.selenide.impl.ElementFinder.createElementNotFoundError(ElementFinder.java:100)
at com.codeborne.selenide.impl.WebElementSource.checkCondition(WebElementSource.java:65)
at com.codeborne.selenide.commands.Should.should(Should.java:35)
at com.codeborne.selenide.commands.Should.execute(Should.java:29)
at com.codeborne.selenide.commands.Should.execute(Should.java:12)
at com.codeborne.selenide.commands.Commands.execute(Commands.java:144)
at com.codeborne.selenide.impl.SelenideElementProxy.dispatchAndRetry(SelenideElementProxy.java:99)
at com.codeborne.selenide.impl.SelenideElementProxy.invoke(SelenideElementProxy.java:65)
at com.sun.proxy.$Proxy10.waitUntil(Unknown Source)
at com.pages.tko_30_AccountRent.period(tko_30_AccountRent.java:324)
at com.pages.tko_30_AccountRent.contract(tko_30_AccountRent.java:608)
at com.pages.tko_30_AccountRent.AccountRent(tko_30_AccountRent.java:624)
at com.tests.smoke.Smoke_tko_30.smoke1(Smoke_tko_30.java:18)
Caused by: org.openqa.selenium.NoSuchElementException: no such element: Unable to locate element: {"method":"xpath","selector":"//div[@class='c-grouptable-group-cell-expander']"}
  (Session info: chrome=76.0.3809.100)
For documentation on this error, please visit: https://www.seleniumhq.org/exceptions/no_such_element.html
Build info: version: '3.141.59', revision: 'e82be7d358', time: '2018-11-14T08:17:03'
System info: host: 'DESKTOP-J47TJ88', ip: '192.168.0.105', os.name: 'Windows 10', os.arch: 'amd64', os.version: '10.0', java.version: '1.8.0_201'
Driver info: org.openqa.selenium.chrome.ChromeDriver
Capabilities {acceptInsecureCerts: false, browserName: chrome, browserVersion: 76.0.3809.100, chrome: {chromedriverVersion: 75.0.3770.140 (2d9f97485c7b..., userDataDir: C:\Users\Home\AppData\Local...}, goog:chromeOptions: {debuggerAddress: localhost:56857}, javascriptEnabled: true, networkConnectionEnabled: false, pageLoadStrategy: normal, platform: XP, platformName: XP, proxy: Proxy(), setWindowRect: true, strictFileInteractability: false, timeouts: {implicit: 0, pageLoad: 300000, script: 30000}, unhandledPromptBehavior: dismiss and notify}
Session ID: 447451df7cecf19e7817a5f5dbd47b0e
*** Element info: {Using=xpath, value=//div[@class='c-grouptable-group-cell-expander']}
at org.openqa.selenium.remote.http.W3CHttpResponseCodec.createException(W3CHttpResponseCodec.java:187)
at org.openqa.selenium.remote.http.W3CHttpResponseCodec.decode(W3CHttpResponseCodec.java:122)
at org.openqa.selenium.remote.http.W3CHttpResponseCodec.decode(W3CHttpResponseCodec.java:49)
at org.openqa.selenium.remote.HttpCommandExecutor.execute(HttpCommandExecutor.java:158)
at org.openqa.selenium.remote.service.DriverCommandExecutor.execute(DriverCommandExecutor.java:83)
at org.openqa.selenium.remote.RemoteWebDriver.execute(RemoteWebDriver.java:552)
at org.openqa.selenium.remote.RemoteWebDriver.findElement(RemoteWebDriver.java:323)
at org.openqa.selenium.remote.RemoteWebDriver.findElementByXPath(RemoteWebDriver.java:428)
at org.openqa.selenium.By$ByXPath.findElement(By.java:353)
at org.openqa.selenium.remote.RemoteWebDriver.findElement(RemoteWebDriver.java:315)
at com.codeborne.selenide.impl.WebElementSelector.findElement(WebElementSelector.java:28)
at com.codeborne.selenide.impl.ElementFinder.getWebElement(ElementFinder.java:74)
at com.codeborne.selenide.impl.WebElementSource.checkCondition(WebElementSource.java:50)
... 36 more
... Removed 28 stack frames]]>
    </failure>
  </testcase> <!-- smoke1 on [Smoke_tko_30 passed=0 failed=0 skipped=0] -->
  <testcase name="@BeforeSuite cleanUp" time="0.0" classname="com.base.common.BaseTest">
    <ignored/>
  </testcase> <!-- @BeforeSuite cleanUp -->
  <testcase name="@BeforeSuite cleanUp" time="0.0" classname="com.base.common.BaseTest">
    <ignored/>
  </testcase> <!-- @BeforeSuite cleanUp -->
  <testcase name="@BeforeSuite cleanUp" time="0.0" classname="com.base.common.BaseTest">
    <ignored/>
  </testcase> <!-- @BeforeSuite cleanUp -->
  <testcase name="@BeforeSuite cleanUp" time="0.0" classname="com.base.common.BaseTest">
    <ignored/>
  </testcase> <!-- @BeforeSuite cleanUp -->
  <testcase name="@BeforeSuite cleanUp" time="0.0" classname="com.base.common.BaseTest">
    <ignored/>
  </testcase> <!-- @BeforeSuite cleanUp -->
  <testcase name="@BeforeSuite cleanUp" time="0.0" classname="com.base.common.BaseTest">
    <ignored/>
  </testcase> <!-- @BeforeSuite cleanUp -->
  <testcase name="@BeforeSuite cleanUp" time="0.0" classname="com.base.common.BaseTest">
    <ignored/>
  </testcase> <!-- @BeforeSuite cleanUp -->
  <testcase name="@BeforeSuite cleanUp" time="0.0" classname="com.base.common.BaseTest">
    <ignored/>
  </testcase> <!-- @BeforeSuite cleanUp -->
  <testcase name="@BeforeSuite cleanUp" time="0.0" classname="com.base.common.BaseTest">
    <ignored/>
  </testcase> <!-- @BeforeSuite cleanUp -->
  <testcase name="@BeforeSuite cleanUp" time="0.0" classname="com.base.common.BaseTest">
    <ignored/>
  </testcase> <!-- @BeforeSuite cleanUp -->
  <testcase name="@BeforeSuite cleanUp" time="0.0" classname="com.base.common.BaseTest">
    <ignored/>
  </testcase> <!-- @BeforeSuite cleanUp -->
  <testcase name="@BeforeSuite cleanUp" time="0.0" classname="com.base.common.BaseTest">
    <ignored/>
  </testcase> <!-- @BeforeSuite cleanUp -->
  <testcase name="@BeforeSuite cleanUp" time="0.0" classname="com.base.common.BaseTest">
    <ignored/>
  </testcase> <!-- @BeforeSuite cleanUp -->
  <testcase name="@BeforeSuite cleanUp" time="0.0" classname="com.base.common.BaseTest">
    <ignored/>
  </testcase> <!-- @BeforeSuite cleanUp -->
  <testcase name="@BeforeSuite cleanUp" time="0.0" classname="com.base.common.BaseTest">
    <ignored/>
  </testcase> <!-- @BeforeSuite cleanUp -->
  <testcase name="@BeforeSuite cleanUp" time="0.0" classname="com.base.common.BaseTest">
    <ignored/>
  </testcase> <!-- @BeforeSuite cleanUp -->
  <testcase name="@BeforeSuite cleanUp" time="0.0" classname="com.base.common.BaseTest">
    <ignored/>
  </testcase> <!-- @BeforeSuite cleanUp -->
  <testcase name="@BeforeSuite cleanUp" time="0.0" classname="com.base.common.BaseTest">
    <ignored/>
  </testcase> <!-- @BeforeSuite cleanUp -->
  <testcase name="@BeforeSuite cleanUp" time="0.0" classname="com.base.common.BaseTest">
    <ignored/>
  </testcase> <!-- @BeforeSuite cleanUp -->
  <testcase name="@BeforeSuite cleanUp" time="0.0" classname="com.base.common.BaseTest">
    <ignored/>
  </testcase> <!-- @BeforeSuite cleanUp -->
  <testcase name="@BeforeSuite cleanUp" time="0.0" classname="com.base.common.BaseTest">
    <ignored/>
  </testcase> <!-- @BeforeSuite cleanUp -->
  <testcase name="@BeforeSuite cleanUp" time="0.0" classname="com.base.common.BaseTest">
    <ignored/>
  </testcase> <!-- @BeforeSuite cleanUp -->
  <testcase name="@BeforeSuite cleanUp" time="0.0" classname="com.base.common.BaseTest">
    <ignored/>
  </testcase> <!-- @BeforeSuite cleanUp -->
  <testcase name="@BeforeSuite cleanUp" time="0.0" classname="com.base.common.BaseTest">
    <ignored/>
  </testcase> <!-- @BeforeSuite cleanUp -->
  <testcase name="@BeforeSuite cleanUp" time="0.0" classname="com.base.common.BaseTest">
    <ignored/>
  </testcase> <!-- @BeforeSuite cleanUp -->
  <testcase name="@BeforeSuite cleanUp" time="0.0" classname="com.base.common.BaseTest">
    <ignored/>
  </testcase> <!-- @BeforeSuite cleanUp -->
  <testcase name="@BeforeSuite cleanUp" time="0.0" classname="com.base.common.BaseTest">
    <ignored/>
  </testcase> <!-- @BeforeSuite cleanUp -->
  <testcase name="@BeforeSuite cleanUp" time="0.0" classname="com.base.common.BaseTest">
    <ignored/>
  </testcase> <!-- @BeforeSuite cleanUp -->
  <testcase name="@BeforeSuite cleanUp" time="0.0" classname="com.base.common.BaseTest">
    <ignored/>
  </testcase> <!-- @BeforeSuite cleanUp -->
</testsuite> <!-- SMOKE TESTS -->
