<!DOCTYPE html PUBLIC "-//W3C//DTD XHTML 1.1//EN" "https://www.w3.org/TR/xhtml11/DTD/xhtml11.dtd">
<html xmlns="https://www.w3.org/1999/xhtml">
<head>
<meta http-equiv="content-type" content="text/html; charset=UTF-8"/>
<title>TestNG Report</title>
<style type="text/css">table {margin-bottom:10px;border-collapse:collapse;empty-cells:show}th,td {border:1px solid #009;padding:.25em .5em}th {vertical-align:bottom}td {vertical-align:top}table a {font-weight:bold}.stripe td {background-color: #E6EBF9}.num {text-align:right}.passedodd td {background-color: #3F3}.passedeven td {background-color: #0A0}.skippedodd td {background-color: #DDD}.skippedeven td {background-color: #CCC}.failedodd td,.attn {background-color: #F33}.failedeven td,.stripe .attn {background-color: #D00}.stacktrace {white-space:pre;font-family:monospace}.totop {font-size:85%;text-align:center;border-bottom:2px solid #000}.invisible {display:none}</style>
</head>
<body>
<table>
<tr><th>Test</th><th># Passed</th><th># Skipped</th><th># Retried</th><th># Failed</th><th>Time (ms)</th><th>Included Groups</th><th>Excluded Groups</th></tr>
<tr><th colspan="8">SMOKE TESTS TKO</th></tr>
<tr><td><a href="#t0">SMOKE TESTS</a></td><td class="num">0</td><td class="num">0</td><td class="num">0</td><td class="num attn">13</td><td class="num">144 871</td><td></td><td></td></tr>
</table>
<table id='summary'><thead><tr><th>Class</th><th>Method</th><th>Start</th><th>Time (ms)</th></tr></thead><tbody><tr><th colspan="4">SMOKE TESTS TKO</th></tr></tbody><tbody id="t0"><tr><th colspan="4">SMOKE TESTS &#8212; failed</th></tr><tr class="failedeven"><td rowspan="1">com.tests.smoke.Smoke_tko_10</td><td><a href="#m0">smoke1</a></td><td rowspan="1">1610512202276</td><td rowspan="1">5427</td></tr><tr class="failedodd"><td rowspan="1">com.tests.smoke.Smoke_tko_12</td><td><a href="#m1">smoke1</a></td><td rowspan="1">1610512233518</td><td rowspan="1">5442</td></tr><tr class="failedeven"><td rowspan="1">com.tests.smoke.Smoke_tko_13</td><td><a href="#m2">smoke1</a></td><td rowspan="1">1610512305902</td><td rowspan="1">5445</td></tr><tr class="failedodd"><td rowspan="1">com.tests.smoke.Smoke_tko_16</td><td><a href="#m3">smoke1</a></td><td rowspan="1">1610512275167</td><td rowspan="1">5513</td></tr><tr class="failedeven"><td rowspan="1">com.tests.smoke.Smoke_tko_17</td><td><a href="#m4">smoke1</a></td><td rowspan="1">1610512223183</td><td rowspan="1">5451</td></tr><tr class="failedodd"><td rowspan="1">com.tests.smoke.Smoke_tko_21</td><td><a href="#m5">smoke1</a></td><td rowspan="1">1610512285246</td><td rowspan="1">5525</td></tr><tr class="failedeven"><td rowspan="1">com.tests.smoke.Smoke_tko_22</td><td><a href="#m6">smoke1</a></td><td rowspan="1">1610512295631</td><td rowspan="1">5441</td></tr><tr class="failedodd"><td rowspan="1">com.tests.smoke.Smoke_tko_33</td><td><a href="#m7">smoke1</a></td><td rowspan="1">1610512171954</td><td rowspan="1">13803</td></tr><tr class="failedeven"><td rowspan="1">com.tests.smoke.Smoke_tko_4</td><td><a href="#m8">smoke1</a></td><td rowspan="1">1610512243835</td><td rowspan="1">5402</td></tr><tr class="failedodd"><td rowspan="1">com.tests.smoke.Smoke_tko_5</td><td><a href="#m9">smoke1</a></td><td rowspan="1">1610512253695</td><td rowspan="1">5568</td></tr><tr class="failedeven"><td rowspan="1">com.tests.smoke.Smoke_tko_8</td><td><a href="#m10">smoke1</a></td><td rowspan="1">1610512264567</td><td rowspan="1">5560</td></tr><tr class="failedodd"><td rowspan="1">com.tests.smoke.Smoke_tko_9</td><td><a href="#m11">smoke1</a></td><td rowspan="1">1610512212297</td><td rowspan="1">5465</td></tr><tr class="failedeven"><td rowspan="1">com.tests.smoke.Smoke_tko_99</td><td><a href="#m12">smoke1</a></td><td rowspan="1">1610512190314</td><td rowspan="1">6603</td></tr></tbody>
</table>
<h2>SMOKE TESTS</h2><h3 id="m0">com.tests.smoke.Smoke_tko_10#smoke1</h3><table class="result"><tr><th>Messages</th></tr><tr><td><div class="messages"></details></b><br/><a href=..\videos\smoke1.WMV download="filename">Download video</a><br/><br><b><div align="left" style=" height:30px; width:250px; padding: 10px; border: 2px solid gray; margin: 0; background-color:#ff2500;">Class - Smoke_tko_10  TEST - smoke1 Fail! chrome</div></b><br/></b><details><summary>Show steps..</summary> <br></div></td></tr><tr><th>Exception</th></tr><tr><td><div class="stacktrace">Element not found {By.xpath: //input[@placeholder=&apos;Логин&apos;]}
Expected: visible
Screenshot: file:/C:/Users/Home/git/AutoTKO/TKO/build/reports/tests/1610512207361.2.png
Page source: file:/C:/Users/Home/git/AutoTKO/TKO/build/reports/tests/1610512207361.2.html
Timeout: 5 s.
Caused by: NoSuchElementException: no such element: Unable to locate element: {&quot;method&quot;:&quot;xpath&quot;,&quot;selector&quot;:&quot;//input[@placeholder=&apos;Логин&apos;]&quot;}
	at com.codeborne.selenide.impl.WebElementSource.createElementNotFoundError(WebElementSource.java:37)
	at com.codeborne.selenide.impl.ElementFinder.createElementNotFoundError(ElementFinder.java:100)
	at com.codeborne.selenide.impl.WebElementSource.checkCondition(WebElementSource.java:65)
	at com.codeborne.selenide.commands.Should.should(Should.java:35)
	at com.codeborne.selenide.commands.Should.execute(Should.java:29)
	at com.codeborne.selenide.commands.Should.execute(Should.java:12)
	at com.codeborne.selenide.commands.Commands.execute(Commands.java:144)
	at com.codeborne.selenide.impl.SelenideElementProxy.dispatchAndRetry(SelenideElementProxy.java:99)
	at com.codeborne.selenide.impl.SelenideElementProxy.invoke(SelenideElementProxy.java:65)
	at com.sun.proxy.$Proxy10.waitUntil(Unknown Source)
	at com.pages.tko_96_addONWithoutCheckingAdmin.login(tko_96_addONWithoutCheckingAdmin.java:39)
	at com.pages.tko_96_addONWithoutCheckingAdmin.getKadastrNumber(tko_96_addONWithoutCheckingAdmin.java:353)
	at com.pages.tko_96_addONWithoutCheckingAdmin.addONWithoutCheckingAdmin(tko_96_addONWithoutCheckingAdmin.java:473)
	at com.tests.smoke.Smoke_tko_10.smoke1(Smoke_tko_10.java:17)
	at java.util.ArrayList.forEach(Unknown Source)
Caused by: org.openqa.selenium.NoSuchElementException: no such element: Unable to locate element: {&quot;method&quot;:&quot;xpath&quot;,&quot;selector&quot;:&quot;//input[@placeholder=&apos;Логин&apos;]&quot;}
  (Session info: chrome=87.0.4280.141)
For documentation on this error, please visit: https://www.seleniumhq.org/exceptions/no_such_element.html
Build info: version: &apos;3.141.59&apos;, revision: &apos;e82be7d358&apos;, time: &apos;2018-11-14T08:17:03&apos;
System info: host: &apos;DESKTOP-J47TJ88&apos;, ip: &apos;192.168.0.103&apos;, os.name: &apos;Windows 10&apos;, os.arch: &apos;amd64&apos;, os.version: &apos;10.0&apos;, java.version: &apos;1.8.0_271&apos;
Driver info: org.openqa.selenium.chrome.ChromeDriver
Capabilities {acceptInsecureCerts: false, browserName: chrome, browserVersion: 87.0.4280.141, chrome: {chromedriverVersion: 86.0.4240.22 (398b0743353ff..., userDataDir: C:\Users\Home\AppData\Local...}, goog:chromeOptions: {debuggerAddress: localhost:55568}, javascriptEnabled: true, networkConnectionEnabled: false, pageLoadStrategy: normal, platform: WINDOWS, platformName: WINDOWS, proxy: Proxy(), setWindowRect: true, strictFileInteractability: false, timeouts: {implicit: 0, pageLoad: 300000, script: 30000}, unhandledPromptBehavior: dismiss and notify, webauthn:virtualAuthenticators: true}
Session ID: 51e9e295bda424e7f55423f548423ce9
*** Element info: {Using=xpath, value=//input[@placeholder=&apos;Логин&apos;]}
	at org.openqa.selenium.remote.http.W3CHttpResponseCodec.createException(W3CHttpResponseCodec.java:187)
	at org.openqa.selenium.remote.http.W3CHttpResponseCodec.decode(W3CHttpResponseCodec.java:122)
	at org.openqa.selenium.remote.http.W3CHttpResponseCodec.decode(W3CHttpResponseCodec.java:49)
	at org.openqa.selenium.remote.HttpCommandExecutor.execute(HttpCommandExecutor.java:158)
	at org.openqa.selenium.remote.service.DriverCommandExecutor.execute(DriverCommandExecutor.java:83)
	at org.openqa.selenium.remote.RemoteWebDriver.execute(RemoteWebDriver.java:552)
	at org.openqa.selenium.remote.RemoteWebDriver.findElement(RemoteWebDriver.java:323)
	at org.openqa.selenium.remote.RemoteWebDriver.findElementByXPath(RemoteWebDriver.java:428)
	at org.openqa.selenium.By$ByXPath.findElement(By.java:353)
	at org.openqa.selenium.remote.RemoteWebDriver.findElement(RemoteWebDriver.java:315)
	at com.codeborne.selenide.impl.WebElementSelector.findElement(WebElementSelector.java:28)
	at com.codeborne.selenide.impl.ElementFinder.getWebElement(ElementFinder.java:74)
	at com.codeborne.selenide.impl.WebElementSource.checkCondition(WebElementSource.java:50)
	... 39 more
... Removed 30 stack frames</div></td></tr></table><p class="totop"><a href="#summary">back to summary</a></p>
<h3 id="m1">com.tests.smoke.Smoke_tko_12#smoke1</h3><table class="result"><tr><th>Messages</th></tr><tr><td><div class="messages"></details></b><br/><a href=..\videos\smoke1.WMV download="filename">Download video</a><br/><br><b><div align="left" style=" height:30px; width:250px; padding: 10px; border: 2px solid gray; margin: 0; background-color:#ff2500;">Class - Smoke_tko_12  TEST - smoke1 Fail! chrome</div></b><br/></b><details><summary>Show steps..</summary> <br></div></td></tr><tr><th>Exception</th></tr><tr><td><div class="stacktrace">Element not found {By.xpath: //input[@placeholder=&apos;Логин&apos;]}
Expected: visible
Screenshot: file:/C:/Users/Home/git/AutoTKO/TKO/build/reports/tests/1610512238627.5.png
Page source: file:/C:/Users/Home/git/AutoTKO/TKO/build/reports/tests/1610512238627.5.html
Timeout: 5 s.
Caused by: NoSuchElementException: no such element: Unable to locate element: {&quot;method&quot;:&quot;xpath&quot;,&quot;selector&quot;:&quot;//input[@placeholder=&apos;Логин&apos;]&quot;}
	at com.codeborne.selenide.impl.WebElementSource.createElementNotFoundError(WebElementSource.java:37)
	at com.codeborne.selenide.impl.ElementFinder.createElementNotFoundError(ElementFinder.java:100)
	at com.codeborne.selenide.impl.WebElementSource.checkCondition(WebElementSource.java:65)
	at com.codeborne.selenide.commands.Should.should(Should.java:35)
	at com.codeborne.selenide.commands.Should.execute(Should.java:29)
	at com.codeborne.selenide.commands.Should.execute(Should.java:12)
	at com.codeborne.selenide.commands.Commands.execute(Commands.java:144)
	at com.codeborne.selenide.impl.SelenideElementProxy.dispatchAndRetry(SelenideElementProxy.java:99)
	at com.codeborne.selenide.impl.SelenideElementProxy.invoke(SelenideElementProxy.java:65)
	at com.sun.proxy.$Proxy10.waitUntil(Unknown Source)
	at com.pages.tko_12_DeleteContainerAddress.login(tko_12_DeleteContainerAddress.java:27)
	at com.pages.tko_12_DeleteContainerAddress.start(tko_12_DeleteContainerAddress.java:76)
	at com.pages.tko_12_DeleteContainerAddress.DeleteContainerAddress(tko_12_DeleteContainerAddress.java:112)
	at com.tests.smoke.Smoke_tko_12.smoke1(Smoke_tko_12.java:18)
	at java.util.ArrayList.forEach(Unknown Source)
Caused by: org.openqa.selenium.NoSuchElementException: no such element: Unable to locate element: {&quot;method&quot;:&quot;xpath&quot;,&quot;selector&quot;:&quot;//input[@placeholder=&apos;Логин&apos;]&quot;}
  (Session info: chrome=87.0.4280.141)
For documentation on this error, please visit: https://www.seleniumhq.org/exceptions/no_such_element.html
Build info: version: &apos;3.141.59&apos;, revision: &apos;e82be7d358&apos;, time: &apos;2018-11-14T08:17:03&apos;
System info: host: &apos;DESKTOP-J47TJ88&apos;, ip: &apos;192.168.0.103&apos;, os.name: &apos;Windows 10&apos;, os.arch: &apos;amd64&apos;, os.version: &apos;10.0&apos;, java.version: &apos;1.8.0_271&apos;
Driver info: org.openqa.selenium.chrome.ChromeDriver
Capabilities {acceptInsecureCerts: false, browserName: chrome, browserVersion: 87.0.4280.141, chrome: {chromedriverVersion: 86.0.4240.22 (398b0743353ff..., userDataDir: C:\Users\Home\AppData\Local...}, goog:chromeOptions: {debuggerAddress: localhost:55633}, javascriptEnabled: true, networkConnectionEnabled: false, pageLoadStrategy: normal, platform: WINDOWS, platformName: WINDOWS, proxy: Proxy(), setWindowRect: true, strictFileInteractability: false, timeouts: {implicit: 0, pageLoad: 300000, script: 30000}, unhandledPromptBehavior: dismiss and notify, webauthn:virtualAuthenticators: true}
Session ID: 6c98b494ccac1c2e01b64dae895600df
*** Element info: {Using=xpath, value=//input[@placeholder=&apos;Логин&apos;]}
	at org.openqa.selenium.remote.http.W3CHttpResponseCodec.createException(W3CHttpResponseCodec.java:187)
	at org.openqa.selenium.remote.http.W3CHttpResponseCodec.decode(W3CHttpResponseCodec.java:122)
	at org.openqa.selenium.remote.http.W3CHttpResponseCodec.decode(W3CHttpResponseCodec.java:49)
	at org.openqa.selenium.remote.HttpCommandExecutor.execute(HttpCommandExecutor.java:158)
	at org.openqa.selenium.remote.service.DriverCommandExecutor.execute(DriverCommandExecutor.java:83)
	at org.openqa.selenium.remote.RemoteWebDriver.execute(RemoteWebDriver.java:552)
	at org.openqa.selenium.remote.RemoteWebDriver.findElement(RemoteWebDriver.java:323)
	at org.openqa.selenium.remote.RemoteWebDriver.findElementByXPath(RemoteWebDriver.java:428)
	at org.openqa.selenium.By$ByXPath.findElement(By.java:353)
	at org.openqa.selenium.remote.RemoteWebDriver.findElement(RemoteWebDriver.java:315)
	at com.codeborne.selenide.impl.WebElementSelector.findElement(WebElementSelector.java:28)
	at com.codeborne.selenide.impl.ElementFinder.getWebElement(ElementFinder.java:74)
	at com.codeborne.selenide.impl.WebElementSource.checkCondition(WebElementSource.java:50)
	... 39 more
... Removed 30 stack frames</div></td></tr></table><p class="totop"><a href="#summary">back to summary</a></p>
<h3 id="m2">com.tests.smoke.Smoke_tko_13#smoke1</h3><table class="result"><tr><th>Messages</th></tr><tr><td><div class="messages"></details></b><br/><a href=..\videos\smoke1.WMV download="filename">Download video</a><br/><br><b><div align="left" style=" height:30px; width:250px; padding: 10px; border: 2px solid gray; margin: 0; background-color:#ff2500;">Class - Smoke_tko_13  TEST - smoke1 Fail! chrome</div></b><br/></b><details><summary>Show steps..</summary> <br></div></td></tr><tr><th>Exception</th></tr><tr><td><div class="stacktrace">Element not found {By.xpath: //input[@placeholder=&apos;Логин&apos;]}
Expected: visible
Screenshot: file:/C:/Users/Home/git/AutoTKO/TKO/build/reports/tests/1610512310946.12.png
Page source: file:/C:/Users/Home/git/AutoTKO/TKO/build/reports/tests/1610512310946.12.html
Timeout: 5 s.
Caused by: NoSuchElementException: no such element: Unable to locate element: {&quot;method&quot;:&quot;xpath&quot;,&quot;selector&quot;:&quot;//input[@placeholder=&apos;Логин&apos;]&quot;}
	at com.codeborne.selenide.impl.WebElementSource.createElementNotFoundError(WebElementSource.java:37)
	at com.codeborne.selenide.impl.ElementFinder.createElementNotFoundError(ElementFinder.java:100)
	at com.codeborne.selenide.impl.WebElementSource.checkCondition(WebElementSource.java:65)
	at com.codeborne.selenide.commands.Should.should(Should.java:35)
	at com.codeborne.selenide.commands.Should.execute(Should.java:29)
	at com.codeborne.selenide.commands.Should.execute(Should.java:12)
	at com.codeborne.selenide.commands.Commands.execute(Commands.java:144)
	at com.codeborne.selenide.impl.SelenideElementProxy.dispatchAndRetry(SelenideElementProxy.java:99)
	at com.codeborne.selenide.impl.SelenideElementProxy.invoke(SelenideElementProxy.java:65)
	at com.sun.proxy.$Proxy10.waitUntil(Unknown Source)
	at com.pages.tko_13_ApproveRequest.login(tko_13_ApproveRequest.java:29)
	at com.pages.tko_13_ApproveRequest.getKadastrNumber(tko_13_ApproveRequest.java:164)
	at com.pages.tko_13_ApproveRequest.ApproveRequest(tko_13_ApproveRequest.java:365)
	at com.tests.smoke.Smoke_tko_13.smoke1(Smoke_tko_13.java:18)
	at java.util.ArrayList.forEach(Unknown Source)
Caused by: org.openqa.selenium.NoSuchElementException: no such element: Unable to locate element: {&quot;method&quot;:&quot;xpath&quot;,&quot;selector&quot;:&quot;//input[@placeholder=&apos;Логин&apos;]&quot;}
  (Session info: chrome=87.0.4280.141)
For documentation on this error, please visit: https://www.seleniumhq.org/exceptions/no_such_element.html
Build info: version: &apos;3.141.59&apos;, revision: &apos;e82be7d358&apos;, time: &apos;2018-11-14T08:17:03&apos;
System info: host: &apos;DESKTOP-J47TJ88&apos;, ip: &apos;192.168.0.103&apos;, os.name: &apos;Windows 10&apos;, os.arch: &apos;amd64&apos;, os.version: &apos;10.0&apos;, java.version: &apos;1.8.0_271&apos;
Driver info: org.openqa.selenium.chrome.ChromeDriver
Capabilities {acceptInsecureCerts: false, browserName: chrome, browserVersion: 87.0.4280.141, chrome: {chromedriverVersion: 86.0.4240.22 (398b0743353ff..., userDataDir: C:\Users\Home\AppData\Local...}, goog:chromeOptions: {debuggerAddress: localhost:55843}, javascriptEnabled: true, networkConnectionEnabled: false, pageLoadStrategy: normal, platform: WINDOWS, platformName: WINDOWS, proxy: Proxy(), setWindowRect: true, strictFileInteractability: false, timeouts: {implicit: 0, pageLoad: 300000, script: 30000}, unhandledPromptBehavior: dismiss and notify, webauthn:virtualAuthenticators: true}
Session ID: 460d2eee089bbe687dd53925152ed722
*** Element info: {Using=xpath, value=//input[@placeholder=&apos;Логин&apos;]}
	at org.openqa.selenium.remote.http.W3CHttpResponseCodec.createException(W3CHttpResponseCodec.java:187)
	at org.openqa.selenium.remote.http.W3CHttpResponseCodec.decode(W3CHttpResponseCodec.java:122)
	at org.openqa.selenium.remote.http.W3CHttpResponseCodec.decode(W3CHttpResponseCodec.java:49)
	at org.openqa.selenium.remote.HttpCommandExecutor.execute(HttpCommandExecutor.java:158)
	at org.openqa.selenium.remote.service.DriverCommandExecutor.execute(DriverCommandExecutor.java:83)
	at org.openqa.selenium.remote.RemoteWebDriver.execute(RemoteWebDriver.java:552)
	at org.openqa.selenium.remote.RemoteWebDriver.findElement(RemoteWebDriver.java:323)
	at org.openqa.selenium.remote.RemoteWebDriver.findElementByXPath(RemoteWebDriver.java:428)
	at org.openqa.selenium.By$ByXPath.findElement(By.java:353)
	at org.openqa.selenium.remote.RemoteWebDriver.findElement(RemoteWebDriver.java:315)
	at com.codeborne.selenide.impl.WebElementSelector.findElement(WebElementSelector.java:28)
	at com.codeborne.selenide.impl.ElementFinder.getWebElement(ElementFinder.java:74)
	at com.codeborne.selenide.impl.WebElementSource.checkCondition(WebElementSource.java:50)
	... 39 more
... Removed 30 stack frames</div></td></tr></table><p class="totop"><a href="#summary">back to summary</a></p>
<h3 id="m3">com.tests.smoke.Smoke_tko_16#smoke1</h3><table class="result"><tr><th>Messages</th></tr><tr><td><div class="messages"></details></b><br/><a href=..\videos\smoke1.WMV download="filename">Download video</a><br/><br><b><div align="left" style=" height:30px; width:250px; padding: 10px; border: 2px solid gray; margin: 0; background-color:#ff2500;">Class - Smoke_tko_16  TEST - smoke1 Fail! chrome</div></b><br/></b><details><summary>Show steps..</summary> <br></div></td></tr><tr><th>Exception</th></tr><tr><td><div class="stacktrace">Element not found {By.xpath: //input[@placeholder=&apos;Логин&apos;]}
Expected: visible
Screenshot: file:/C:/Users/Home/git/AutoTKO/TKO/build/reports/tests/1610512280294.9.png
Page source: file:/C:/Users/Home/git/AutoTKO/TKO/build/reports/tests/1610512280294.9.html
Timeout: 5 s.
Caused by: NoSuchElementException: no such element: Unable to locate element: {&quot;method&quot;:&quot;xpath&quot;,&quot;selector&quot;:&quot;//input[@placeholder=&apos;Логин&apos;]&quot;}
	at com.codeborne.selenide.impl.WebElementSource.createElementNotFoundError(WebElementSource.java:37)
	at com.codeborne.selenide.impl.ElementFinder.createElementNotFoundError(ElementFinder.java:100)
	at com.codeborne.selenide.impl.WebElementSource.checkCondition(WebElementSource.java:65)
	at com.codeborne.selenide.commands.Should.should(Should.java:35)
	at com.codeborne.selenide.commands.Should.execute(Should.java:29)
	at com.codeborne.selenide.commands.Should.execute(Should.java:12)
	at com.codeborne.selenide.commands.Commands.execute(Commands.java:144)
	at com.codeborne.selenide.impl.SelenideElementProxy.dispatchAndRetry(SelenideElementProxy.java:99)
	at com.codeborne.selenide.impl.SelenideElementProxy.invoke(SelenideElementProxy.java:65)
	at com.sun.proxy.$Proxy10.waitUntil(Unknown Source)
	at com.pages.tko_96_addONWithoutCheckingAdmin.login(tko_96_addONWithoutCheckingAdmin.java:39)
	at com.pages.tko_96_addONWithoutCheckingAdmin.getKadastrNumber(tko_96_addONWithoutCheckingAdmin.java:353)
	at com.pages.tko_96_addONWithoutCheckingAdmin.addONWithoutCheckingAdmin(tko_96_addONWithoutCheckingAdmin.java:473)
	at com.tests.smoke.Smoke_tko_16.smoke1(Smoke_tko_16.java:17)
	at java.util.ArrayList.forEach(Unknown Source)
Caused by: org.openqa.selenium.NoSuchElementException: no such element: Unable to locate element: {&quot;method&quot;:&quot;xpath&quot;,&quot;selector&quot;:&quot;//input[@placeholder=&apos;Логин&apos;]&quot;}
  (Session info: chrome=87.0.4280.141)
For documentation on this error, please visit: https://www.seleniumhq.org/exceptions/no_such_element.html
Build info: version: &apos;3.141.59&apos;, revision: &apos;e82be7d358&apos;, time: &apos;2018-11-14T08:17:03&apos;
System info: host: &apos;DESKTOP-J47TJ88&apos;, ip: &apos;192.168.0.103&apos;, os.name: &apos;Windows 10&apos;, os.arch: &apos;amd64&apos;, os.version: &apos;10.0&apos;, java.version: &apos;1.8.0_271&apos;
Driver info: org.openqa.selenium.chrome.ChromeDriver
Capabilities {acceptInsecureCerts: false, browserName: chrome, browserVersion: 87.0.4280.141, chrome: {chromedriverVersion: 86.0.4240.22 (398b0743353ff..., userDataDir: C:\Users\Home\AppData\Local...}, goog:chromeOptions: {debuggerAddress: localhost:55743}, javascriptEnabled: true, networkConnectionEnabled: false, pageLoadStrategy: normal, platform: WINDOWS, platformName: WINDOWS, proxy: Proxy(), setWindowRect: true, strictFileInteractability: false, timeouts: {implicit: 0, pageLoad: 300000, script: 30000}, unhandledPromptBehavior: dismiss and notify, webauthn:virtualAuthenticators: true}
Session ID: b3f8380f6ed7a85b4faec5c8cf5698f4
*** Element info: {Using=xpath, value=//input[@placeholder=&apos;Логин&apos;]}
	at org.openqa.selenium.remote.http.W3CHttpResponseCodec.createException(W3CHttpResponseCodec.java:187)
	at org.openqa.selenium.remote.http.W3CHttpResponseCodec.decode(W3CHttpResponseCodec.java:122)
	at org.openqa.selenium.remote.http.W3CHttpResponseCodec.decode(W3CHttpResponseCodec.java:49)
	at org.openqa.selenium.remote.HttpCommandExecutor.execute(HttpCommandExecutor.java:158)
	at org.openqa.selenium.remote.service.DriverCommandExecutor.execute(DriverCommandExecutor.java:83)
	at org.openqa.selenium.remote.RemoteWebDriver.execute(RemoteWebDriver.java:552)
	at org.openqa.selenium.remote.RemoteWebDriver.findElement(RemoteWebDriver.java:323)
	at org.openqa.selenium.remote.RemoteWebDriver.findElementByXPath(RemoteWebDriver.java:428)
	at org.openqa.selenium.By$ByXPath.findElement(By.java:353)
	at org.openqa.selenium.remote.RemoteWebDriver.findElement(RemoteWebDriver.java:315)
	at com.codeborne.selenide.impl.WebElementSelector.findElement(WebElementSelector.java:28)
	at com.codeborne.selenide.impl.ElementFinder.getWebElement(ElementFinder.java:74)
	at com.codeborne.selenide.impl.WebElementSource.checkCondition(WebElementSource.java:50)
	... 39 more
... Removed 30 stack frames</div></td></tr></table><p class="totop"><a href="#summary">back to summary</a></p>
<h3 id="m4">com.tests.smoke.Smoke_tko_17#smoke1</h3><table class="result"><tr><th>Messages</th></tr><tr><td><div class="messages"></details></b><br/><a href=..\videos\smoke1.WMV download="filename">Download video</a><br/><br><b><div align="left" style=" height:30px; width:250px; padding: 10px; border: 2px solid gray; margin: 0; background-color:#ff2500;">Class - Smoke_tko_17  TEST - smoke1 Fail! chrome</div></b><br/></b><details><summary>Show steps..</summary> <br></div></td></tr><tr><th>Exception</th></tr><tr><td><div class="stacktrace">Element not found {By.xpath: //input[@placeholder=&apos;Логин&apos;]}
Expected: visible
Screenshot: file:/C:/Users/Home/git/AutoTKO/TKO/build/reports/tests/1610512228293.4.png
Page source: file:/C:/Users/Home/git/AutoTKO/TKO/build/reports/tests/1610512228293.4.html
Timeout: 5 s.
Caused by: NoSuchElementException: no such element: Unable to locate element: {&quot;method&quot;:&quot;xpath&quot;,&quot;selector&quot;:&quot;//input[@placeholder=&apos;Логин&apos;]&quot;}
	at com.codeborne.selenide.impl.WebElementSource.createElementNotFoundError(WebElementSource.java:37)
	at com.codeborne.selenide.impl.ElementFinder.createElementNotFoundError(ElementFinder.java:100)
	at com.codeborne.selenide.impl.WebElementSource.checkCondition(WebElementSource.java:65)
	at com.codeborne.selenide.commands.Should.should(Should.java:35)
	at com.codeborne.selenide.commands.Should.execute(Should.java:29)
	at com.codeborne.selenide.commands.Should.execute(Should.java:12)
	at com.codeborne.selenide.commands.Commands.execute(Commands.java:144)
	at com.codeborne.selenide.impl.SelenideElementProxy.dispatchAndRetry(SelenideElementProxy.java:99)
	at com.codeborne.selenide.impl.SelenideElementProxy.invoke(SelenideElementProxy.java:65)
	at com.sun.proxy.$Proxy10.waitUntil(Unknown Source)
	at com.pages.tko_17_ChangeRent.login(tko_17_ChangeRent.java:27)
	at com.pages.tko_17_ChangeRent.start(tko_17_ChangeRent.java:81)
	at com.pages.tko_17_ChangeRent.AddProperty(tko_17_ChangeRent.java:139)
	at com.tests.smoke.Smoke_tko_17.smoke1(Smoke_tko_17.java:18)
	at java.util.ArrayList.forEach(Unknown Source)
Caused by: org.openqa.selenium.NoSuchElementException: no such element: Unable to locate element: {&quot;method&quot;:&quot;xpath&quot;,&quot;selector&quot;:&quot;//input[@placeholder=&apos;Логин&apos;]&quot;}
  (Session info: chrome=87.0.4280.141)
For documentation on this error, please visit: https://www.seleniumhq.org/exceptions/no_such_element.html
Build info: version: &apos;3.141.59&apos;, revision: &apos;e82be7d358&apos;, time: &apos;2018-11-14T08:17:03&apos;
System info: host: &apos;DESKTOP-J47TJ88&apos;, ip: &apos;192.168.0.103&apos;, os.name: &apos;Windows 10&apos;, os.arch: &apos;amd64&apos;, os.version: &apos;10.0&apos;, java.version: &apos;1.8.0_271&apos;
Driver info: org.openqa.selenium.chrome.ChromeDriver
Capabilities {acceptInsecureCerts: false, browserName: chrome, browserVersion: 87.0.4280.141, chrome: {chromedriverVersion: 86.0.4240.22 (398b0743353ff..., userDataDir: C:\Users\Home\AppData\Local...}, goog:chromeOptions: {debuggerAddress: localhost:55613}, javascriptEnabled: true, networkConnectionEnabled: false, pageLoadStrategy: normal, platform: WINDOWS, platformName: WINDOWS, proxy: Proxy(), setWindowRect: true, strictFileInteractability: false, timeouts: {implicit: 0, pageLoad: 300000, script: 30000}, unhandledPromptBehavior: dismiss and notify, webauthn:virtualAuthenticators: true}
Session ID: c2e11b01802b195d998317321adbd2e4
*** Element info: {Using=xpath, value=//input[@placeholder=&apos;Логин&apos;]}
	at org.openqa.selenium.remote.http.W3CHttpResponseCodec.createException(W3CHttpResponseCodec.java:187)
	at org.openqa.selenium.remote.http.W3CHttpResponseCodec.decode(W3CHttpResponseCodec.java:122)
	at org.openqa.selenium.remote.http.W3CHttpResponseCodec.decode(W3CHttpResponseCodec.java:49)
	at org.openqa.selenium.remote.HttpCommandExecutor.execute(HttpCommandExecutor.java:158)
	at org.openqa.selenium.remote.service.DriverCommandExecutor.execute(DriverCommandExecutor.java:83)
	at org.openqa.selenium.remote.RemoteWebDriver.execute(RemoteWebDriver.java:552)
	at org.openqa.selenium.remote.RemoteWebDriver.findElement(RemoteWebDriver.java:323)
	at org.openqa.selenium.remote.RemoteWebDriver.findElementByXPath(RemoteWebDriver.java:428)
	at org.openqa.selenium.By$ByXPath.findElement(By.java:353)
	at org.openqa.selenium.remote.RemoteWebDriver.findElement(RemoteWebDriver.java:315)
	at com.codeborne.selenide.impl.WebElementSelector.findElement(WebElementSelector.java:28)
	at com.codeborne.selenide.impl.ElementFinder.getWebElement(ElementFinder.java:74)
	at com.codeborne.selenide.impl.WebElementSource.checkCondition(WebElementSource.java:50)
	... 39 more
... Removed 30 stack frames</div></td></tr></table><p class="totop"><a href="#summary">back to summary</a></p>
<h3 id="m5">com.tests.smoke.Smoke_tko_21#smoke1</h3><table class="result"><tr><th>Messages</th></tr><tr><td><div class="messages"></details></b><br/><a href=..\videos\smoke1.WMV download="filename">Download video</a><br/><br><b><div align="left" style=" height:30px; width:250px; padding: 10px; border: 2px solid gray; margin: 0; background-color:#ff2500;">Class - Smoke_tko_21  TEST - smoke1 Fail! chrome</div></b><br/></b><details><summary>Show steps..</summary> <br></div></td></tr><tr><th>Exception</th></tr><tr><td><div class="stacktrace">Element not found {By.xpath: //input[@placeholder=&apos;Логин&apos;]}
Expected: visible
Screenshot: file:/C:/Users/Home/git/AutoTKO/TKO/build/reports/tests/1610512290346.10.png
Page source: file:/C:/Users/Home/git/AutoTKO/TKO/build/reports/tests/1610512290346.10.html
Timeout: 5 s.
Caused by: NoSuchElementException: no such element: Unable to locate element: {&quot;method&quot;:&quot;xpath&quot;,&quot;selector&quot;:&quot;//input[@placeholder=&apos;Логин&apos;]&quot;}
	at com.codeborne.selenide.impl.WebElementSource.createElementNotFoundError(WebElementSource.java:37)
	at com.codeborne.selenide.impl.ElementFinder.createElementNotFoundError(ElementFinder.java:100)
	at com.codeborne.selenide.impl.WebElementSource.checkCondition(WebElementSource.java:65)
	at com.codeborne.selenide.commands.Should.should(Should.java:35)
	at com.codeborne.selenide.commands.Should.execute(Should.java:29)
	at com.codeborne.selenide.commands.Should.execute(Should.java:12)
	at com.codeborne.selenide.commands.Commands.execute(Commands.java:144)
	at com.codeborne.selenide.impl.SelenideElementProxy.dispatchAndRetry(SelenideElementProxy.java:99)
	at com.codeborne.selenide.impl.SelenideElementProxy.invoke(SelenideElementProxy.java:65)
	at com.sun.proxy.$Proxy10.waitUntil(Unknown Source)
	at com.pages.tko_96_addONWithoutCheckingAdmin.login(tko_96_addONWithoutCheckingAdmin.java:39)
	at com.pages.tko_96_addONWithoutCheckingAdmin.getKadastrNumber(tko_96_addONWithoutCheckingAdmin.java:353)
	at com.pages.tko_96_addONWithoutCheckingAdmin.addONWithoutCheckingAdmin(tko_96_addONWithoutCheckingAdmin.java:473)
	at com.tests.smoke.Smoke_tko_21.smoke1(Smoke_tko_21.java:18)
	at java.util.ArrayList.forEach(Unknown Source)
Caused by: org.openqa.selenium.NoSuchElementException: no such element: Unable to locate element: {&quot;method&quot;:&quot;xpath&quot;,&quot;selector&quot;:&quot;//input[@placeholder=&apos;Логин&apos;]&quot;}
  (Session info: chrome=87.0.4280.141)
For documentation on this error, please visit: https://www.seleniumhq.org/exceptions/no_such_element.html
Build info: version: &apos;3.141.59&apos;, revision: &apos;e82be7d358&apos;, time: &apos;2018-11-14T08:17:03&apos;
System info: host: &apos;DESKTOP-J47TJ88&apos;, ip: &apos;192.168.0.103&apos;, os.name: &apos;Windows 10&apos;, os.arch: &apos;amd64&apos;, os.version: &apos;10.0&apos;, java.version: &apos;1.8.0_271&apos;
Driver info: org.openqa.selenium.chrome.ChromeDriver
Capabilities {acceptInsecureCerts: false, browserName: chrome, browserVersion: 87.0.4280.141, chrome: {chromedriverVersion: 86.0.4240.22 (398b0743353ff..., userDataDir: C:\Users\Home\AppData\Local...}, goog:chromeOptions: {debuggerAddress: localhost:55774}, javascriptEnabled: true, networkConnectionEnabled: false, pageLoadStrategy: normal, platform: WINDOWS, platformName: WINDOWS, proxy: Proxy(), setWindowRect: true, strictFileInteractability: false, timeouts: {implicit: 0, pageLoad: 300000, script: 30000}, unhandledPromptBehavior: dismiss and notify, webauthn:virtualAuthenticators: true}
Session ID: 104c1349c18ffa08506f523128c08b11
*** Element info: {Using=xpath, value=//input[@placeholder=&apos;Логин&apos;]}
	at org.openqa.selenium.remote.http.W3CHttpResponseCodec.createException(W3CHttpResponseCodec.java:187)
	at org.openqa.selenium.remote.http.W3CHttpResponseCodec.decode(W3CHttpResponseCodec.java:122)
	at org.openqa.selenium.remote.http.W3CHttpResponseCodec.decode(W3CHttpResponseCodec.java:49)
	at org.openqa.selenium.remote.HttpCommandExecutor.execute(HttpCommandExecutor.java:158)
	at org.openqa.selenium.remote.service.DriverCommandExecutor.execute(DriverCommandExecutor.java:83)
	at org.openqa.selenium.remote.RemoteWebDriver.execute(RemoteWebDriver.java:552)
	at org.openqa.selenium.remote.RemoteWebDriver.findElement(RemoteWebDriver.java:323)
	at org.openqa.selenium.remote.RemoteWebDriver.findElementByXPath(RemoteWebDriver.java:428)
	at org.openqa.selenium.By$ByXPath.findElement(By.java:353)
	at org.openqa.selenium.remote.RemoteWebDriver.findElement(RemoteWebDriver.java:315)
	at com.codeborne.selenide.impl.WebElementSelector.findElement(WebElementSelector.java:28)
	at com.codeborne.selenide.impl.ElementFinder.getWebElement(ElementFinder.java:74)
	at com.codeborne.selenide.impl.WebElementSource.checkCondition(WebElementSource.java:50)
	... 39 more
... Removed 30 stack frames</div></td></tr></table><p class="totop"><a href="#summary">back to summary</a></p>
<h3 id="m6">com.tests.smoke.Smoke_tko_22#smoke1</h3><table class="result"><tr><th>Messages</th></tr><tr><td><div class="messages"></details></b><br/><a href=..\videos\smoke1.WMV download="filename">Download video</a><br/><br><b><div align="left" style=" height:30px; width:250px; padding: 10px; border: 2px solid gray; margin: 0; background-color:#ff2500;">Class - Smoke_tko_22  TEST - smoke1 Fail! chrome</div></b><br/></b><details><summary>Show steps..</summary> <br></div></td></tr><tr><th>Exception</th></tr><tr><td><div class="stacktrace">Element not found {By.xpath: //input[@placeholder=&apos;Логин&apos;]}
Expected: visible
Screenshot: file:/C:/Users/Home/git/AutoTKO/TKO/build/reports/tests/1610512300680.11.png
Page source: file:/C:/Users/Home/git/AutoTKO/TKO/build/reports/tests/1610512300680.11.html
Timeout: 5 s.
Caused by: NoSuchElementException: no such element: Unable to locate element: {&quot;method&quot;:&quot;xpath&quot;,&quot;selector&quot;:&quot;//input[@placeholder=&apos;Логин&apos;]&quot;}
	at com.codeborne.selenide.impl.WebElementSource.createElementNotFoundError(WebElementSource.java:37)
	at com.codeborne.selenide.impl.ElementFinder.createElementNotFoundError(ElementFinder.java:100)
	at com.codeborne.selenide.impl.WebElementSource.checkCondition(WebElementSource.java:65)
	at com.codeborne.selenide.commands.Should.should(Should.java:35)
	at com.codeborne.selenide.commands.Should.execute(Should.java:29)
	at com.codeborne.selenide.commands.Should.execute(Should.java:12)
	at com.codeborne.selenide.commands.Commands.execute(Commands.java:144)
	at com.codeborne.selenide.impl.SelenideElementProxy.dispatchAndRetry(SelenideElementProxy.java:99)
	at com.codeborne.selenide.impl.SelenideElementProxy.invoke(SelenideElementProxy.java:65)
	at com.sun.proxy.$Proxy10.waitUntil(Unknown Source)
	at com.pages.tko_96_addONWithoutCheckingAdmin.login(tko_96_addONWithoutCheckingAdmin.java:39)
	at com.pages.tko_96_addONWithoutCheckingAdmin.getKadastrNumber(tko_96_addONWithoutCheckingAdmin.java:353)
	at com.pages.tko_96_addONWithoutCheckingAdmin.addONWithoutCheckingAdmin(tko_96_addONWithoutCheckingAdmin.java:473)
	at com.tests.smoke.Smoke_tko_22.smoke1(Smoke_tko_22.java:17)
	at java.util.ArrayList.forEach(Unknown Source)
Caused by: org.openqa.selenium.NoSuchElementException: no such element: Unable to locate element: {&quot;method&quot;:&quot;xpath&quot;,&quot;selector&quot;:&quot;//input[@placeholder=&apos;Логин&apos;]&quot;}
  (Session info: chrome=87.0.4280.141)
For documentation on this error, please visit: https://www.seleniumhq.org/exceptions/no_such_element.html
Build info: version: &apos;3.141.59&apos;, revision: &apos;e82be7d358&apos;, time: &apos;2018-11-14T08:17:03&apos;
System info: host: &apos;DESKTOP-J47TJ88&apos;, ip: &apos;192.168.0.103&apos;, os.name: &apos;Windows 10&apos;, os.arch: &apos;amd64&apos;, os.version: &apos;10.0&apos;, java.version: &apos;1.8.0_271&apos;
Driver info: org.openqa.selenium.chrome.ChromeDriver
Capabilities {acceptInsecureCerts: false, browserName: chrome, browserVersion: 87.0.4280.141, chrome: {chromedriverVersion: 86.0.4240.22 (398b0743353ff..., userDataDir: C:\Users\Home\AppData\Local...}, goog:chromeOptions: {debuggerAddress: localhost:55795}, javascriptEnabled: true, networkConnectionEnabled: false, pageLoadStrategy: normal, platform: WINDOWS, platformName: WINDOWS, proxy: Proxy(), setWindowRect: true, strictFileInteractability: false, timeouts: {implicit: 0, pageLoad: 300000, script: 30000}, unhandledPromptBehavior: dismiss and notify, webauthn:virtualAuthenticators: true}
Session ID: 520be63a794f9c26e5387768c5cb3b46
*** Element info: {Using=xpath, value=//input[@placeholder=&apos;Логин&apos;]}
	at org.openqa.selenium.remote.http.W3CHttpResponseCodec.createException(W3CHttpResponseCodec.java:187)
	at org.openqa.selenium.remote.http.W3CHttpResponseCodec.decode(W3CHttpResponseCodec.java:122)
	at org.openqa.selenium.remote.http.W3CHttpResponseCodec.decode(W3CHttpResponseCodec.java:49)
	at org.openqa.selenium.remote.HttpCommandExecutor.execute(HttpCommandExecutor.java:158)
	at org.openqa.selenium.remote.service.DriverCommandExecutor.execute(DriverCommandExecutor.java:83)
	at org.openqa.selenium.remote.RemoteWebDriver.execute(RemoteWebDriver.java:552)
	at org.openqa.selenium.remote.RemoteWebDriver.findElement(RemoteWebDriver.java:323)
	at org.openqa.selenium.remote.RemoteWebDriver.findElementByXPath(RemoteWebDriver.java:428)
	at org.openqa.selenium.By$ByXPath.findElement(By.java:353)
	at org.openqa.selenium.remote.RemoteWebDriver.findElement(RemoteWebDriver.java:315)
	at com.codeborne.selenide.impl.WebElementSelector.findElement(WebElementSelector.java:28)
	at com.codeborne.selenide.impl.ElementFinder.getWebElement(ElementFinder.java:74)
	at com.codeborne.selenide.impl.WebElementSource.checkCondition(WebElementSource.java:50)
	... 39 more
... Removed 30 stack frames</div></td></tr></table><p class="totop"><a href="#summary">back to summary</a></p>
<h3 id="m7">com.tests.smoke.Smoke_tko_33#smoke1</h3><table class="result"><tr><th>Messages</th></tr><tr><td><div class="messages"></details></b><br/><a href=..\videos\smoke1.WMV download="filename">Download video</a><br/><br><b><div align="left" style=" height:30px; width:250px; padding: 10px; border: 2px solid gray; margin: 0; background-color:#ff2500;">Class - Smoke_tko_33  TEST - smoke1 Fail! chrome</div></b><br/></b><details><summary>Show steps..</summary> <br></div></td></tr><tr><th>Exception</th></tr><tr><td><div class="stacktrace">Element not found {By.xpath: //input[@placeholder=&apos;Логин&apos;]}
Expected: visible
Page source: file:/C:/Users/Home/git/AutoTKO/TKO/build/reports/tests/1610512177713.0.html
Timeout: 5 s.
Caused by: WebDriverException: chrome not reachable
	at com.codeborne.selenide.impl.WebElementSource.createElementNotFoundError(WebElementSource.java:37)
	at com.codeborne.selenide.impl.ElementFinder.createElementNotFoundError(ElementFinder.java:100)
	at com.codeborne.selenide.impl.WebElementSource.checkCondition(WebElementSource.java:65)
	at com.codeborne.selenide.commands.Should.should(Should.java:35)
	at com.codeborne.selenide.commands.Should.execute(Should.java:29)
	at com.codeborne.selenide.commands.Should.execute(Should.java:12)
	at com.codeborne.selenide.commands.Commands.execute(Commands.java:144)
	at com.codeborne.selenide.impl.SelenideElementProxy.dispatchAndRetry(SelenideElementProxy.java:99)
	at com.codeborne.selenide.impl.SelenideElementProxy.invoke(SelenideElementProxy.java:65)
	at com.sun.proxy.$Proxy10.waitUntil(Unknown Source)
	at com.pages.tko_30_AccountRent.login(tko_30_AccountRent.java:39)
	at com.pages.tko_30_AccountRent.getKadastrNumber(tko_30_AccountRent.java:349)
	at com.pages.tko_33_AddOnNON.addON(tko_33_AddOnNON.java:617)
	at com.tests.smoke.Smoke_tko_33.smoke1(Smoke_tko_33.java:18)
	at java.util.ArrayList.forEach(Unknown Source)
Caused by: org.openqa.selenium.WebDriverException: chrome not reachable
  (Session info: chrome=87.0.4280.141)
Build info: version: &apos;3.141.59&apos;, revision: &apos;e82be7d358&apos;, time: &apos;2018-11-14T08:17:03&apos;
System info: host: &apos;DESKTOP-J47TJ88&apos;, ip: &apos;192.168.0.103&apos;, os.name: &apos;Windows 10&apos;, os.arch: &apos;amd64&apos;, os.version: &apos;10.0&apos;, java.version: &apos;1.8.0_271&apos;
Driver info: org.openqa.selenium.chrome.ChromeDriver
Capabilities {acceptInsecureCerts: false, browserName: chrome, browserVersion: 87.0.4280.141, chrome: {chromedriverVersion: 86.0.4240.22 (398b0743353ff..., userDataDir: C:\Users\Home\AppData\Local...}, goog:chromeOptions: {debuggerAddress: localhost:55458}, javascriptEnabled: true, networkConnectionEnabled: false, pageLoadStrategy: normal, platform: WINDOWS, platformName: WINDOWS, proxy: Proxy(), setWindowRect: true, strictFileInteractability: false, timeouts: {implicit: 0, pageLoad: 300000, script: 30000}, unhandledPromptBehavior: dismiss and notify, webauthn:virtualAuthenticators: true}
Session ID: 97ee8a6ea941730a4bef3881bcd3041d
*** Element info: {Using=xpath, value=//input[@placeholder=&apos;Логин&apos;]}
	at org.openqa.selenium.remote.http.W3CHttpResponseCodec.createException(W3CHttpResponseCodec.java:187)
	at org.openqa.selenium.remote.http.W3CHttpResponseCodec.decode(W3CHttpResponseCodec.java:122)
	at org.openqa.selenium.remote.http.W3CHttpResponseCodec.decode(W3CHttpResponseCodec.java:49)
	at org.openqa.selenium.remote.HttpCommandExecutor.execute(HttpCommandExecutor.java:158)
	at org.openqa.selenium.remote.service.DriverCommandExecutor.execute(DriverCommandExecutor.java:83)
	at org.openqa.selenium.remote.RemoteWebDriver.execute(RemoteWebDriver.java:552)
	at org.openqa.selenium.remote.RemoteWebDriver.findElement(RemoteWebDriver.java:323)
	at org.openqa.selenium.remote.RemoteWebDriver.findElementByXPath(RemoteWebDriver.java:428)
	at org.openqa.selenium.By$ByXPath.findElement(By.java:353)
	at org.openqa.selenium.remote.RemoteWebDriver.findElement(RemoteWebDriver.java:315)
	at com.codeborne.selenide.impl.WebElementSelector.findElement(WebElementSelector.java:28)
	at com.codeborne.selenide.impl.ElementFinder.getWebElement(ElementFinder.java:74)
	at com.codeborne.selenide.impl.WebElementSource.checkCondition(WebElementSource.java:50)
	... 39 more
... Removed 31 stack frames</div></td></tr></table><p class="totop"><a href="#summary">back to summary</a></p>
<h3 id="m8">com.tests.smoke.Smoke_tko_4#smoke1</h3><table class="result"><tr><th>Messages</th></tr><tr><td><div class="messages"></details></b><br/><a href=..\videos\smoke1.WMV download="filename">Download video</a><br/><br><b><div align="left" style=" height:30px; width:250px; padding: 10px; border: 2px solid gray; margin: 0; background-color:#ff2500;">Class - Smoke_tko_4  TEST - smoke1 Fail! chrome</div></b><br/></b><details><summary>Show steps..</summary> <br></div></td></tr><tr><th>Exception</th></tr><tr><td><div class="stacktrace">Element not found {By.xpath: //input[@placeholder=&apos;Логин&apos;]}
Expected: visible
Screenshot: file:/C:/Users/Home/git/AutoTKO/TKO/build/reports/tests/1610512248909.6.png
Page source: file:/C:/Users/Home/git/AutoTKO/TKO/build/reports/tests/1610512248909.6.html
Timeout: 5 s.
Caused by: NoSuchElementException: no such element: Unable to locate element: {&quot;method&quot;:&quot;xpath&quot;,&quot;selector&quot;:&quot;//input[@placeholder=&apos;Логин&apos;]&quot;}
	at com.codeborne.selenide.impl.WebElementSource.createElementNotFoundError(WebElementSource.java:37)
	at com.codeborne.selenide.impl.ElementFinder.createElementNotFoundError(ElementFinder.java:100)
	at com.codeborne.selenide.impl.WebElementSource.checkCondition(WebElementSource.java:65)
	at com.codeborne.selenide.commands.Should.should(Should.java:35)
	at com.codeborne.selenide.commands.Should.execute(Should.java:29)
	at com.codeborne.selenide.commands.Should.execute(Should.java:12)
	at com.codeborne.selenide.commands.Commands.execute(Commands.java:144)
	at com.codeborne.selenide.impl.SelenideElementProxy.dispatchAndRetry(SelenideElementProxy.java:99)
	at com.codeborne.selenide.impl.SelenideElementProxy.invoke(SelenideElementProxy.java:65)
	at com.sun.proxy.$Proxy10.waitUntil(Unknown Source)
	at com.pages.tko_4_AddDocument.login(tko_4_AddDocument.java:27)
	at com.pages.tko_4_AddDocument.start(tko_4_AddDocument.java:69)
	at com.pages.tko_4_AddDocument.AddProperty(tko_4_AddDocument.java:123)
	at com.tests.smoke.Smoke_tko_4.smoke1(Smoke_tko_4.java:18)
	at java.util.ArrayList.forEach(Unknown Source)
Caused by: org.openqa.selenium.NoSuchElementException: no such element: Unable to locate element: {&quot;method&quot;:&quot;xpath&quot;,&quot;selector&quot;:&quot;//input[@placeholder=&apos;Логин&apos;]&quot;}
  (Session info: chrome=87.0.4280.141)
For documentation on this error, please visit: https://www.seleniumhq.org/exceptions/no_such_element.html
Build info: version: &apos;3.141.59&apos;, revision: &apos;e82be7d358&apos;, time: &apos;2018-11-14T08:17:03&apos;
System info: host: &apos;DESKTOP-J47TJ88&apos;, ip: &apos;192.168.0.103&apos;, os.name: &apos;Windows 10&apos;, os.arch: &apos;amd64&apos;, os.version: &apos;10.0&apos;, java.version: &apos;1.8.0_271&apos;
Driver info: org.openqa.selenium.chrome.ChromeDriver
Capabilities {acceptInsecureCerts: false, browserName: chrome, browserVersion: 87.0.4280.141, chrome: {chromedriverVersion: 86.0.4240.22 (398b0743353ff..., userDataDir: C:\Users\Home\AppData\Local...}, goog:chromeOptions: {debuggerAddress: localhost:55678}, javascriptEnabled: true, networkConnectionEnabled: false, pageLoadStrategy: normal, platform: WINDOWS, platformName: WINDOWS, proxy: Proxy(), setWindowRect: true, strictFileInteractability: false, timeouts: {implicit: 0, pageLoad: 300000, script: 30000}, unhandledPromptBehavior: dismiss and notify, webauthn:virtualAuthenticators: true}
Session ID: 82bed00ad83686bfe30d334e4eb6fb4c
*** Element info: {Using=xpath, value=//input[@placeholder=&apos;Логин&apos;]}
	at org.openqa.selenium.remote.http.W3CHttpResponseCodec.createException(W3CHttpResponseCodec.java:187)
	at org.openqa.selenium.remote.http.W3CHttpResponseCodec.decode(W3CHttpResponseCodec.java:122)
	at org.openqa.selenium.remote.http.W3CHttpResponseCodec.decode(W3CHttpResponseCodec.java:49)
	at org.openqa.selenium.remote.HttpCommandExecutor.execute(HttpCommandExecutor.java:158)
	at org.openqa.selenium.remote.service.DriverCommandExecutor.execute(DriverCommandExecutor.java:83)
	at org.openqa.selenium.remote.RemoteWebDriver.execute(RemoteWebDriver.java:552)
	at org.openqa.selenium.remote.RemoteWebDriver.findElement(RemoteWebDriver.java:323)
	at org.openqa.selenium.remote.RemoteWebDriver.findElementByXPath(RemoteWebDriver.java:428)
	at org.openqa.selenium.By$ByXPath.findElement(By.java:353)
	at org.openqa.selenium.remote.RemoteWebDriver.findElement(RemoteWebDriver.java:315)
	at com.codeborne.selenide.impl.WebElementSelector.findElement(WebElementSelector.java:28)
	at com.codeborne.selenide.impl.ElementFinder.getWebElement(ElementFinder.java:74)
	at com.codeborne.selenide.impl.WebElementSource.checkCondition(WebElementSource.java:50)
	... 39 more
... Removed 30 stack frames</div></td></tr></table><p class="totop"><a href="#summary">back to summary</a></p>
<h3 id="m9">com.tests.smoke.Smoke_tko_5#smoke1</h3><table class="result"><tr><th>Messages</th></tr><tr><td><div class="messages"></details></b><br/><a href=..\videos\smoke1.WMV download="filename">Download video</a><br/><br><b><div align="left" style=" height:30px; width:250px; padding: 10px; border: 2px solid gray; margin: 0; background-color:#ff2500;">Class - Smoke_tko_5  TEST - smoke1 Fail! chrome</div></b><br/></b><details><summary>Show steps..</summary> <br></div></td></tr><tr><th>Exception</th></tr><tr><td><div class="stacktrace">Element not found {By.xpath: //input[@placeholder=&apos;Логин&apos;]}
Expected: visible
Screenshot: file:/C:/Users/Home/git/AutoTKO/TKO/build/reports/tests/1610512258874.7.png
Page source: file:/C:/Users/Home/git/AutoTKO/TKO/build/reports/tests/1610512258874.7.html
Timeout: 5 s.
Caused by: NoSuchElementException: no such element: Unable to locate element: {&quot;method&quot;:&quot;xpath&quot;,&quot;selector&quot;:&quot;//input[@placeholder=&apos;Логин&apos;]&quot;}
	at com.codeborne.selenide.impl.WebElementSource.createElementNotFoundError(WebElementSource.java:37)
	at com.codeborne.selenide.impl.ElementFinder.createElementNotFoundError(ElementFinder.java:100)
	at com.codeborne.selenide.impl.WebElementSource.checkCondition(WebElementSource.java:65)
	at com.codeborne.selenide.commands.Should.should(Should.java:35)
	at com.codeborne.selenide.commands.Should.execute(Should.java:29)
	at com.codeborne.selenide.commands.Should.execute(Should.java:12)
	at com.codeborne.selenide.commands.Commands.execute(Commands.java:144)
	at com.codeborne.selenide.impl.SelenideElementProxy.dispatchAndRetry(SelenideElementProxy.java:99)
	at com.codeborne.selenide.impl.SelenideElementProxy.invoke(SelenideElementProxy.java:65)
	at com.sun.proxy.$Proxy10.waitUntil(Unknown Source)
	at com.pages.tko_5_AddProperty.login(tko_5_AddProperty.java:27)
	at com.pages.tko_5_AddProperty.start(tko_5_AddProperty.java:130)
	at com.pages.tko_5_AddProperty.AddProperty(tko_5_AddProperty.java:221)
	at com.tests.smoke.Smoke_tko_5.smoke1(Smoke_tko_5.java:18)
	at java.util.ArrayList.forEach(Unknown Source)
Caused by: org.openqa.selenium.NoSuchElementException: no such element: Unable to locate element: {&quot;method&quot;:&quot;xpath&quot;,&quot;selector&quot;:&quot;//input[@placeholder=&apos;Логин&apos;]&quot;}
  (Session info: chrome=87.0.4280.141)
For documentation on this error, please visit: https://www.seleniumhq.org/exceptions/no_such_element.html
Build info: version: &apos;3.141.59&apos;, revision: &apos;e82be7d358&apos;, time: &apos;2018-11-14T08:17:03&apos;
System info: host: &apos;DESKTOP-J47TJ88&apos;, ip: &apos;192.168.0.103&apos;, os.name: &apos;Windows 10&apos;, os.arch: &apos;amd64&apos;, os.version: &apos;10.0&apos;, java.version: &apos;1.8.0_271&apos;
Driver info: org.openqa.selenium.chrome.ChromeDriver
Capabilities {acceptInsecureCerts: false, browserName: chrome, browserVersion: 87.0.4280.141, chrome: {chromedriverVersion: 86.0.4240.22 (398b0743353ff..., userDataDir: C:\Users\Home\AppData\Local...}, goog:chromeOptions: {debuggerAddress: localhost:55699}, javascriptEnabled: true, networkConnectionEnabled: false, pageLoadStrategy: normal, platform: WINDOWS, platformName: WINDOWS, proxy: Proxy(), setWindowRect: true, strictFileInteractability: false, timeouts: {implicit: 0, pageLoad: 300000, script: 30000}, unhandledPromptBehavior: dismiss and notify, webauthn:virtualAuthenticators: true}
Session ID: 6544775491c87c17295828b4b5ceba98
*** Element info: {Using=xpath, value=//input[@placeholder=&apos;Логин&apos;]}
	at org.openqa.selenium.remote.http.W3CHttpResponseCodec.createException(W3CHttpResponseCodec.java:187)
	at org.openqa.selenium.remote.http.W3CHttpResponseCodec.decode(W3CHttpResponseCodec.java:122)
	at org.openqa.selenium.remote.http.W3CHttpResponseCodec.decode(W3CHttpResponseCodec.java:49)
	at org.openqa.selenium.remote.HttpCommandExecutor.execute(HttpCommandExecutor.java:158)
	at org.openqa.selenium.remote.service.DriverCommandExecutor.execute(DriverCommandExecutor.java:83)
	at org.openqa.selenium.remote.RemoteWebDriver.execute(RemoteWebDriver.java:552)
	at org.openqa.selenium.remote.RemoteWebDriver.findElement(RemoteWebDriver.java:323)
	at org.openqa.selenium.remote.RemoteWebDriver.findElementByXPath(RemoteWebDriver.java:428)
	at org.openqa.selenium.By$ByXPath.findElement(By.java:353)
	at org.openqa.selenium.remote.RemoteWebDriver.findElement(RemoteWebDriver.java:315)
	at com.codeborne.selenide.impl.WebElementSelector.findElement(WebElementSelector.java:28)
	at com.codeborne.selenide.impl.ElementFinder.getWebElement(ElementFinder.java:74)
	at com.codeborne.selenide.impl.WebElementSource.checkCondition(WebElementSource.java:50)
	... 39 more
... Removed 30 stack frames</div></td></tr></table><p class="totop"><a href="#summary">back to summary</a></p>
<h3 id="m10">com.tests.smoke.Smoke_tko_8#smoke1</h3><table class="result"><tr><th>Messages</th></tr><tr><td><div class="messages"></details></b><br/><a href=..\videos\smoke1.WMV download="filename">Download video</a><br/><br><b><div align="left" style=" height:30px; width:250px; padding: 10px; border: 2px solid gray; margin: 0; background-color:#ff2500;">Class - Smoke_tko_8  TEST - smoke1 Fail! chrome</div></b><br/></b><details><summary>Show steps..</summary> <br></div></td></tr><tr><th>Exception</th></tr><tr><td><div class="stacktrace">Element not found {By.xpath: //input[@placeholder=&apos;Логин&apos;]}
Expected: visible
Screenshot: file:/C:/Users/Home/git/AutoTKO/TKO/build/reports/tests/1610512269742.8.png
Page source: file:/C:/Users/Home/git/AutoTKO/TKO/build/reports/tests/1610512269742.8.html
Timeout: 5 s.
Caused by: NoSuchElementException: no such element: Unable to locate element: {&quot;method&quot;:&quot;xpath&quot;,&quot;selector&quot;:&quot;//input[@placeholder=&apos;Логин&apos;]&quot;}
	at com.codeborne.selenide.impl.WebElementSource.createElementNotFoundError(WebElementSource.java:37)
	at com.codeborne.selenide.impl.ElementFinder.createElementNotFoundError(ElementFinder.java:100)
	at com.codeborne.selenide.impl.WebElementSource.checkCondition(WebElementSource.java:65)
	at com.codeborne.selenide.commands.Should.should(Should.java:35)
	at com.codeborne.selenide.commands.Should.execute(Should.java:29)
	at com.codeborne.selenide.commands.Should.execute(Should.java:12)
	at com.codeborne.selenide.commands.Commands.execute(Commands.java:144)
	at com.codeborne.selenide.impl.SelenideElementProxy.dispatchAndRetry(SelenideElementProxy.java:99)
	at com.codeborne.selenide.impl.SelenideElementProxy.invoke(SelenideElementProxy.java:65)
	at com.sun.proxy.$Proxy10.waitUntil(Unknown Source)
	at com.pages.tko_96_addONWithoutCheckingAdmin.login(tko_96_addONWithoutCheckingAdmin.java:39)
	at com.pages.tko_96_addONWithoutCheckingAdmin.getKadastrNumber(tko_96_addONWithoutCheckingAdmin.java:353)
	at com.pages.tko_96_addONWithoutCheckingAdmin.addONWithoutCheckingAdmin(tko_96_addONWithoutCheckingAdmin.java:473)
	at com.tests.smoke.Smoke_tko_8.smoke1(Smoke_tko_8.java:17)
	at java.util.ArrayList.forEach(Unknown Source)
Caused by: org.openqa.selenium.NoSuchElementException: no such element: Unable to locate element: {&quot;method&quot;:&quot;xpath&quot;,&quot;selector&quot;:&quot;//input[@placeholder=&apos;Логин&apos;]&quot;}
  (Session info: chrome=87.0.4280.141)
For documentation on this error, please visit: https://www.seleniumhq.org/exceptions/no_such_element.html
Build info: version: &apos;3.141.59&apos;, revision: &apos;e82be7d358&apos;, time: &apos;2018-11-14T08:17:03&apos;
System info: host: &apos;DESKTOP-J47TJ88&apos;, ip: &apos;192.168.0.103&apos;, os.name: &apos;Windows 10&apos;, os.arch: &apos;amd64&apos;, os.version: &apos;10.0&apos;, java.version: &apos;1.8.0_271&apos;
Driver info: org.openqa.selenium.chrome.ChromeDriver
Capabilities {acceptInsecureCerts: false, browserName: chrome, browserVersion: 87.0.4280.141, chrome: {chromedriverVersion: 86.0.4240.22 (398b0743353ff..., userDataDir: C:\Users\Home\AppData\Local...}, goog:chromeOptions: {debuggerAddress: localhost:55719}, javascriptEnabled: true, networkConnectionEnabled: false, pageLoadStrategy: normal, platform: WINDOWS, platformName: WINDOWS, proxy: Proxy(), setWindowRect: true, strictFileInteractability: false, timeouts: {implicit: 0, pageLoad: 300000, script: 30000}, unhandledPromptBehavior: dismiss and notify, webauthn:virtualAuthenticators: true}
Session ID: ba0fb80054c84fe10894583d01cd6f5f
*** Element info: {Using=xpath, value=//input[@placeholder=&apos;Логин&apos;]}
	at org.openqa.selenium.remote.http.W3CHttpResponseCodec.createException(W3CHttpResponseCodec.java:187)
	at org.openqa.selenium.remote.http.W3CHttpResponseCodec.decode(W3CHttpResponseCodec.java:122)
	at org.openqa.selenium.remote.http.W3CHttpResponseCodec.decode(W3CHttpResponseCodec.java:49)
	at org.openqa.selenium.remote.HttpCommandExecutor.execute(HttpCommandExecutor.java:158)
	at org.openqa.selenium.remote.service.DriverCommandExecutor.execute(DriverCommandExecutor.java:83)
	at org.openqa.selenium.remote.RemoteWebDriver.execute(RemoteWebDriver.java:552)
	at org.openqa.selenium.remote.RemoteWebDriver.findElement(RemoteWebDriver.java:323)
	at org.openqa.selenium.remote.RemoteWebDriver.findElementByXPath(RemoteWebDriver.java:428)
	at org.openqa.selenium.By$ByXPath.findElement(By.java:353)
	at org.openqa.selenium.remote.RemoteWebDriver.findElement(RemoteWebDriver.java:315)
	at com.codeborne.selenide.impl.WebElementSelector.findElement(WebElementSelector.java:28)
	at com.codeborne.selenide.impl.ElementFinder.getWebElement(ElementFinder.java:74)
	at com.codeborne.selenide.impl.WebElementSource.checkCondition(WebElementSource.java:50)
	... 39 more
... Removed 30 stack frames</div></td></tr></table><p class="totop"><a href="#summary">back to summary</a></p>
<h3 id="m11">com.tests.smoke.Smoke_tko_9#smoke1</h3><table class="result"><tr><th>Messages</th></tr><tr><td><div class="messages"></details></b><br/><a href=..\videos\smoke1.WMV download="filename">Download video</a><br/><br><b><div align="left" style=" height:30px; width:250px; padding: 10px; border: 2px solid gray; margin: 0; background-color:#ff2500;">Class - Smoke_tko_9  TEST - smoke1 Fail! chrome</div></b><br/></b><details><summary>Show steps..</summary> <br></div></td></tr><tr><th>Exception</th></tr><tr><td><div class="stacktrace">Element not found {By.xpath: //input[@placeholder=&apos;Логин&apos;]}
Expected: visible
Screenshot: file:/C:/Users/Home/git/AutoTKO/TKO/build/reports/tests/1610512217343.3.png
Page source: file:/C:/Users/Home/git/AutoTKO/TKO/build/reports/tests/1610512217343.3.html
Timeout: 5 s.
Caused by: NoSuchElementException: no such element: Unable to locate element: {&quot;method&quot;:&quot;xpath&quot;,&quot;selector&quot;:&quot;//input[@placeholder=&apos;Логин&apos;]&quot;}
	at com.codeborne.selenide.impl.WebElementSource.createElementNotFoundError(WebElementSource.java:37)
	at com.codeborne.selenide.impl.ElementFinder.createElementNotFoundError(ElementFinder.java:100)
	at com.codeborne.selenide.impl.WebElementSource.checkCondition(WebElementSource.java:65)
	at com.codeborne.selenide.commands.Should.should(Should.java:35)
	at com.codeborne.selenide.commands.Should.execute(Should.java:29)
	at com.codeborne.selenide.commands.Should.execute(Should.java:12)
	at com.codeborne.selenide.commands.Commands.execute(Commands.java:144)
	at com.codeborne.selenide.impl.SelenideElementProxy.dispatchAndRetry(SelenideElementProxy.java:99)
	at com.codeborne.selenide.impl.SelenideElementProxy.invoke(SelenideElementProxy.java:65)
	at com.sun.proxy.$Proxy10.waitUntil(Unknown Source)
	at com.pages.tko_9_AddRent.login(tko_9_AddRent.java:27)
	at com.pages.tko_9_AddRent.start(tko_9_AddRent.java:94)
	at com.pages.tko_9_AddRent.AddProperty(tko_9_AddRent.java:172)
	at com.tests.smoke.Smoke_tko_9.smoke1(Smoke_tko_9.java:18)
	at java.util.ArrayList.forEach(Unknown Source)
Caused by: org.openqa.selenium.NoSuchElementException: no such element: Unable to locate element: {&quot;method&quot;:&quot;xpath&quot;,&quot;selector&quot;:&quot;//input[@placeholder=&apos;Логин&apos;]&quot;}
  (Session info: chrome=87.0.4280.141)
For documentation on this error, please visit: https://www.seleniumhq.org/exceptions/no_such_element.html
Build info: version: &apos;3.141.59&apos;, revision: &apos;e82be7d358&apos;, time: &apos;2018-11-14T08:17:03&apos;
System info: host: &apos;DESKTOP-J47TJ88&apos;, ip: &apos;192.168.0.103&apos;, os.name: &apos;Windows 10&apos;, os.arch: &apos;amd64&apos;, os.version: &apos;10.0&apos;, java.version: &apos;1.8.0_271&apos;
Driver info: org.openqa.selenium.chrome.ChromeDriver
Capabilities {acceptInsecureCerts: false, browserName: chrome, browserVersion: 87.0.4280.141, chrome: {chromedriverVersion: 86.0.4240.22 (398b0743353ff..., userDataDir: C:\Users\Home\AppData\Local...}, goog:chromeOptions: {debuggerAddress: localhost:55587}, javascriptEnabled: true, networkConnectionEnabled: false, pageLoadStrategy: normal, platform: WINDOWS, platformName: WINDOWS, proxy: Proxy(), setWindowRect: true, strictFileInteractability: false, timeouts: {implicit: 0, pageLoad: 300000, script: 30000}, unhandledPromptBehavior: dismiss and notify, webauthn:virtualAuthenticators: true}
Session ID: 5300f57837920ba98f49baa03811e938
*** Element info: {Using=xpath, value=//input[@placeholder=&apos;Логин&apos;]}
	at org.openqa.selenium.remote.http.W3CHttpResponseCodec.createException(W3CHttpResponseCodec.java:187)
	at org.openqa.selenium.remote.http.W3CHttpResponseCodec.decode(W3CHttpResponseCodec.java:122)
	at org.openqa.selenium.remote.http.W3CHttpResponseCodec.decode(W3CHttpResponseCodec.java:49)
	at org.openqa.selenium.remote.HttpCommandExecutor.execute(HttpCommandExecutor.java:158)
	at org.openqa.selenium.remote.service.DriverCommandExecutor.execute(DriverCommandExecutor.java:83)
	at org.openqa.selenium.remote.RemoteWebDriver.execute(RemoteWebDriver.java:552)
	at org.openqa.selenium.remote.RemoteWebDriver.findElement(RemoteWebDriver.java:323)
	at org.openqa.selenium.remote.RemoteWebDriver.findElementByXPath(RemoteWebDriver.java:428)
	at org.openqa.selenium.By$ByXPath.findElement(By.java:353)
	at org.openqa.selenium.remote.RemoteWebDriver.findElement(RemoteWebDriver.java:315)
	at com.codeborne.selenide.impl.WebElementSelector.findElement(WebElementSelector.java:28)
	at com.codeborne.selenide.impl.ElementFinder.getWebElement(ElementFinder.java:74)
	at com.codeborne.selenide.impl.WebElementSource.checkCondition(WebElementSource.java:50)
	... 39 more
... Removed 30 stack frames</div></td></tr></table><p class="totop"><a href="#summary">back to summary</a></p>
<h3 id="m12">com.tests.smoke.Smoke_tko_99#smoke1</h3><table class="result"><tr><th>Messages</th></tr><tr><td><div class="messages"></details></b><br/><a href=..\videos\smoke1.WMV download="filename">Download video</a><br/><br><b><div align="left" style=" height:30px; width:250px; padding: 10px; border: 2px solid gray; margin: 0; background-color:#ff2500;">Class - Smoke_tko_99  TEST - smoke1 Fail! chrome</div></b><br/></b><details><summary>Show steps..</summary> <br></div></td></tr><tr><th>Exception</th></tr><tr><td><div class="stacktrace">Element not found {By.xpath: //input[@placeholder=&apos;Логин&apos;]}
Expected: visible
Screenshot: file:/C:/Users/Home/git/AutoTKO/TKO/build/reports/tests/1610512196561.1.png
Page source: file:/C:/Users/Home/git/AutoTKO/TKO/build/reports/tests/1610512196561.1.html
Timeout: 5 s.
Caused by: NoSuchElementException: no such element: Unable to locate element: {&quot;method&quot;:&quot;xpath&quot;,&quot;selector&quot;:&quot;//input[@placeholder=&apos;Логин&apos;]&quot;}
	at com.codeborne.selenide.impl.WebElementSource.createElementNotFoundError(WebElementSource.java:37)
	at com.codeborne.selenide.impl.ElementFinder.createElementNotFoundError(ElementFinder.java:100)
	at com.codeborne.selenide.impl.WebElementSource.checkCondition(WebElementSource.java:65)
	at com.codeborne.selenide.commands.Should.should(Should.java:35)
	at com.codeborne.selenide.commands.Should.execute(Should.java:29)
	at com.codeborne.selenide.commands.Should.execute(Should.java:12)
	at com.codeborne.selenide.commands.Commands.execute(Commands.java:144)
	at com.codeborne.selenide.impl.SelenideElementProxy.dispatchAndRetry(SelenideElementProxy.java:99)
	at com.codeborne.selenide.impl.SelenideElementProxy.invoke(SelenideElementProxy.java:65)
	at com.sun.proxy.$Proxy10.waitUntil(Unknown Source)
	at com.pages.tko_99_UserAndAgentPNOOLR.login(tko_99_UserAndAgentPNOOLR.java:29)
	at com.pages.tko_99_UserAndAgentPNOOLR.start(tko_99_UserAndAgentPNOOLR.java:87)
	at com.pages.tko_99_UserAndAgentPNOOLR.AddUserAgentPNOOLR(tko_99_UserAndAgentPNOOLR.java:147)
	at com.tests.smoke.Smoke_tko_99.smoke1(Smoke_tko_99.java:18)
	at java.util.ArrayList.forEach(Unknown Source)
Caused by: org.openqa.selenium.NoSuchElementException: no such element: Unable to locate element: {&quot;method&quot;:&quot;xpath&quot;,&quot;selector&quot;:&quot;//input[@placeholder=&apos;Логин&apos;]&quot;}
  (Session info: chrome=87.0.4280.141)
For documentation on this error, please visit: https://www.seleniumhq.org/exceptions/no_such_element.html
Build info: version: &apos;3.141.59&apos;, revision: &apos;e82be7d358&apos;, time: &apos;2018-11-14T08:17:03&apos;
System info: host: &apos;DESKTOP-J47TJ88&apos;, ip: &apos;192.168.0.103&apos;, os.name: &apos;Windows 10&apos;, os.arch: &apos;amd64&apos;, os.version: &apos;10.0&apos;, java.version: &apos;1.8.0_271&apos;
Driver info: org.openqa.selenium.chrome.ChromeDriver
Capabilities {acceptInsecureCerts: false, browserName: chrome, browserVersion: 87.0.4280.141, chrome: {chromedriverVersion: 86.0.4240.22 (398b0743353ff..., userDataDir: C:\Users\Home\AppData\Local...}, goog:chromeOptions: {debuggerAddress: localhost:55546}, javascriptEnabled: true, networkConnectionEnabled: false, pageLoadStrategy: normal, platform: WINDOWS, platformName: WINDOWS, proxy: Proxy(), setWindowRect: true, strictFileInteractability: false, timeouts: {implicit: 0, pageLoad: 300000, script: 30000}, unhandledPromptBehavior: dismiss and notify, webauthn:virtualAuthenticators: true}
Session ID: 7ab610017956af7bd20d1c5c809305ed
*** Element info: {Using=xpath, value=//input[@placeholder=&apos;Логин&apos;]}
	at org.openqa.selenium.remote.http.W3CHttpResponseCodec.createException(W3CHttpResponseCodec.java:187)
	at org.openqa.selenium.remote.http.W3CHttpResponseCodec.decode(W3CHttpResponseCodec.java:122)
	at org.openqa.selenium.remote.http.W3CHttpResponseCodec.decode(W3CHttpResponseCodec.java:49)
	at org.openqa.selenium.remote.HttpCommandExecutor.execute(HttpCommandExecutor.java:158)
	at org.openqa.selenium.remote.service.DriverCommandExecutor.execute(DriverCommandExecutor.java:83)
	at org.openqa.selenium.remote.RemoteWebDriver.execute(RemoteWebDriver.java:552)
	at org.openqa.selenium.remote.RemoteWebDriver.findElement(RemoteWebDriver.java:323)
	at org.openqa.selenium.remote.RemoteWebDriver.findElementByXPath(RemoteWebDriver.java:428)
	at org.openqa.selenium.By$ByXPath.findElement(By.java:353)
	at org.openqa.selenium.remote.RemoteWebDriver.findElement(RemoteWebDriver.java:315)
	at com.codeborne.selenide.impl.WebElementSelector.findElement(WebElementSelector.java:28)
	at com.codeborne.selenide.impl.ElementFinder.getWebElement(ElementFinder.java:74)
	at com.codeborne.selenide.impl.WebElementSource.checkCondition(WebElementSource.java:50)
	... 39 more
... Removed 30 stack frames</div></td></tr></table><p class="totop"><a href="#summary">back to summary</a></p>
</body>
</html>
