<!DOCTYPE html>

<html>
  <head>
  <meta charset='utf-8'>
  <title>TestNG reports</title>

    <link type="text/css" href="testng-reports1.css" rel="stylesheet" id="ultra" />
    <link type="text/css" href="testng-reports.css" rel="stylesheet" id="retro" disabled="false"/>
    <script type="text/javascript" src="jquery-3.4.1.min.js"></script>
    <script type="text/javascript" src="testng-reports.js"></script>
    <script type="text/javascript" src="https://www.google.com/jsapi"></script>
    <script type='text/javascript'>
      google.load('visualization', '1', {packages:['table']});
      google.setOnLoadCallback(drawTable);
      var suiteTableInitFunctions = new Array();
      var suiteTableData = new Array();
    </script>
    <!--
      <script type="text/javascript" src="jquery-ui/js/jquery-ui-1.8.16.custom.min.js"></script>
     -->
  </head>

  <body>
    <div class="top-banner-root">
      <span class="top-banner-title-font">Test results</span>
      <button class="button" id="button">Switch Retro Theme</button> <!-- button -->
      <br/>
      <span class="top-banner-font-1">1 suite, 13 failed tests</span>
    </div> <!-- top-banner-root -->
    <div class="navigator-root">
      <div class="navigator-suite-header">
        <span>All suites</span>
        <a href="#" class="collapse-all-link" title="Collapse/expand all the suites">
          <img class="collapse-all-icon" src="collapseall.gif">
          </img> <!-- collapse-all-icon -->
        </a> <!-- collapse-all-link -->
      </div> <!-- navigator-suite-header -->
      <div class="suite">
        <div class="rounded-window">
          <div class="suite-header light-rounded-window-top">
            <a href="#" class="navigator-link" panel-name="suite-SMOKE_TESTS_TKO">
              <span class="suite-name border-failed">SMOKE TESTS TKO</span>
            </a> <!-- navigator-link -->
          </div> <!-- suite-header light-rounded-window-top -->
          <div class="navigator-suite-content">
            <div class="suite-section-title">
              <span>Info</span>
            </div> <!-- suite-section-title -->
            <div class="suite-section-content">
              <ul>
                <li>
                  <a href="#" class="navigator-link " panel-name="test-xml-SMOKE_TESTS_TKO">
                    <span>C:\Users\Home\git\AutoTKO\TKO\testng.xml</span>
                  </a> <!-- navigator-link  -->
                </li>
                <li>
                  <a href="#" class="navigator-link " panel-name="testlist-SMOKE_TESTS_TKO">
                    <span class="test-stats">1 test</span>
                  </a> <!-- navigator-link  -->
                </li>
                <li>
                  <a href="#" class="navigator-link " panel-name="group-SMOKE_TESTS_TKO">
                    <span>1 group</span>
                  </a> <!-- navigator-link  -->
                </li>
                <li>
                  <a href="#" class="navigator-link " panel-name="times-SMOKE_TESTS_TKO">
                    <span>Times</span>
                  </a> <!-- navigator-link  -->
                </li>
                <li>
                  <a href="#" class="navigator-link " panel-name="reporter-SMOKE_TESTS_TKO">
                    <span>Reporter output</span>
                  </a> <!-- navigator-link  -->
                </li>
                <li>
                  <a href="#" class="navigator-link " panel-name="ignored-methods-SMOKE_TESTS_TKO">
                    <span>Ignored methods</span>
                  </a> <!-- navigator-link  -->
                </li>
                <li>
                  <a href="#" class="navigator-link " panel-name="chronological-SMOKE_TESTS_TKO">
                    <span>Chronological view</span>
                  </a> <!-- navigator-link  -->
                </li>
              </ul>
            </div> <!-- suite-section-content -->
            <div class="result-section">
              <div class="suite-section-title">
                <span>Results</span>
              </div> <!-- suite-section-title -->
              <div class="suite-section-content">
                <ul>
                  <li>
                    <span class="method-stats">13 methods, 13 failed,   </span>
                  </li>
                  <li>
                    <span class="method-list-title failed">Failed methods</span>
                    <span class="show-or-hide-methods failed">
                      <a href="#" panel-name="suite-SMOKE_TESTS_TKO" class="hide-methods failed suite-SMOKE_TESTS_TKO"> (hide)</a> <!-- hide-methods failed suite-SMOKE_TESTS_TKO -->
                      <a href="#" panel-name="suite-SMOKE_TESTS_TKO" class="show-methods failed suite-SMOKE_TESTS_TKO"> (show)</a> <!-- show-methods failed suite-SMOKE_TESTS_TKO -->
                    </span>
                    <div class="method-list-content failed suite-SMOKE_TESTS_TKO">
                      <span>
                        <img width="3%" src="failed.png"/>
                        <a href="#" class="method navigator-link" panel-name="suite-SMOKE_TESTS_TKO" title="com.tests.smoke.Smoke_tko_22" hash-for-method="smoke1">smoke1</a> <!-- method navigator-link -->
                      </span>
                      <br/>
                      <span>
                        <img width="3%" src="failed.png"/>
                        <a href="#" class="method navigator-link" panel-name="suite-SMOKE_TESTS_TKO" title="com.tests.smoke.Smoke_tko_16" hash-for-method="smoke1">smoke1</a> <!-- method navigator-link -->
                      </span>
                      <br/>
                      <span>
                        <img width="3%" src="failed.png"/>
                        <a href="#" class="method navigator-link" panel-name="suite-SMOKE_TESTS_TKO" title="com.tests.smoke.Smoke_tko_8" hash-for-method="smoke1">smoke1</a> <!-- method navigator-link -->
                      </span>
                      <br/>
                      <span>
                        <img width="3%" src="failed.png"/>
                        <a href="#" class="method navigator-link" panel-name="suite-SMOKE_TESTS_TKO" title="com.tests.smoke.Smoke_tko_99" hash-for-method="smoke1">smoke1</a> <!-- method navigator-link -->
                      </span>
                      <br/>
                      <span>
                        <img width="3%" src="failed.png"/>
                        <a href="#" class="method navigator-link" panel-name="suite-SMOKE_TESTS_TKO" title="com.tests.smoke.Smoke_tko_13" hash-for-method="smoke1">smoke1</a> <!-- method navigator-link -->
                      </span>
                      <br/>
                      <span>
                        <img width="3%" src="failed.png"/>
                        <a href="#" class="method navigator-link" panel-name="suite-SMOKE_TESTS_TKO" title="com.tests.smoke.Smoke_tko_5" hash-for-method="smoke1">smoke1</a> <!-- method navigator-link -->
                      </span>
                      <br/>
                      <span>
                        <img width="3%" src="failed.png"/>
                        <a href="#" class="method navigator-link" panel-name="suite-SMOKE_TESTS_TKO" title="com.tests.smoke.Smoke_tko_12" hash-for-method="smoke1">smoke1</a> <!-- method navigator-link -->
                      </span>
                      <br/>
                      <span>
                        <img width="3%" src="failed.png"/>
                        <a href="#" class="method navigator-link" panel-name="suite-SMOKE_TESTS_TKO" title="com.tests.smoke.Smoke_tko_10" hash-for-method="smoke1">smoke1</a> <!-- method navigator-link -->
                      </span>
                      <br/>
                      <span>
                        <img width="3%" src="failed.png"/>
                        <a href="#" class="method navigator-link" panel-name="suite-SMOKE_TESTS_TKO" title="com.tests.smoke.Smoke_tko_4" hash-for-method="smoke1">smoke1</a> <!-- method navigator-link -->
                      </span>
                      <br/>
                      <span>
                        <img width="3%" src="failed.png"/>
                        <a href="#" class="method navigator-link" panel-name="suite-SMOKE_TESTS_TKO" title="com.tests.smoke.Smoke_tko_17" hash-for-method="smoke1">smoke1</a> <!-- method navigator-link -->
                      </span>
                      <br/>
                      <span>
                        <img width="3%" src="failed.png"/>
                        <a href="#" class="method navigator-link" panel-name="suite-SMOKE_TESTS_TKO" title="com.tests.smoke.Smoke_tko_33" hash-for-method="smoke1">smoke1</a> <!-- method navigator-link -->
                      </span>
                      <br/>
                      <span>
                        <img width="3%" src="failed.png"/>
                        <a href="#" class="method navigator-link" panel-name="suite-SMOKE_TESTS_TKO" title="com.tests.smoke.Smoke_tko_9" hash-for-method="smoke1">smoke1</a> <!-- method navigator-link -->
                      </span>
                      <br/>
                      <span>
                        <img width="3%" src="failed.png"/>
                        <a href="#" class="method navigator-link" panel-name="suite-SMOKE_TESTS_TKO" title="com.tests.smoke.Smoke_tko_21" hash-for-method="smoke1">smoke1</a> <!-- method navigator-link -->
                      </span>
                      <br/>
                    </div> <!-- method-list-content failed suite-SMOKE_TESTS_TKO -->
                  </li>
                </ul>
              </div> <!-- suite-section-content -->
            </div> <!-- result-section -->
          </div> <!-- navigator-suite-content -->
        </div> <!-- rounded-window -->
      </div> <!-- suite -->
    </div> <!-- navigator-root -->
    <div class="wrapper">
      <div class="main-panel-root">
        <div panel-name="suite-SMOKE_TESTS_TKO" class="panel SMOKE_TESTS_TKO">
          <div class="suite-SMOKE_TESTS_TKO-class-failed">
            <div class="main-panel-header rounded-window-top">
              <img src="failed.png"/>
              <span class="class-name">com.tests.smoke.Smoke_tko_4</span>
            </div> <!-- main-panel-header rounded-window-top -->
            <div class="main-panel-content rounded-window-bottom">
              <div class="method">
                <div class="method-content">
                  <a name="smoke1">
                  </a> <!-- smoke1 -->
                  <span class="method-name">smoke1</span>
                  <div class="stack-trace">Element not found {By.xpath: //input[@placeholder=&apos;Логин&apos;]}
Expected: visible
Screenshot: file:/C:/Users/Home/git/AutoTKO/TKO/build/reports/tests/1610512248909.6.png
Page source: file:/C:/Users/Home/git/AutoTKO/TKO/build/reports/tests/1610512248909.6.html
Timeout: 5 s.
Caused by: NoSuchElementException: no such element: Unable to locate element: {&quot;method&quot;:&quot;xpath&quot;,&quot;selector&quot;:&quot;//input[@placeholder=&apos;Логин&apos;]&quot;}
	at com.codeborne.selenide.impl.WebElementSource.createElementNotFoundError(WebElementSource.java:37)
	at com.codeborne.selenide.impl.ElementFinder.createElementNotFoundError(ElementFinder.java:100)
	at com.codeborne.selenide.impl.WebElementSource.checkCondition(WebElementSource.java:65)
	at com.codeborne.selenide.commands.Should.should(Should.java:35)
	at com.codeborne.selenide.commands.Should.execute(Should.java:29)
	at com.codeborne.selenide.commands.Should.execute(Should.java:12)
	at com.codeborne.selenide.commands.Commands.execute(Commands.java:144)
	at com.codeborne.selenide.impl.SelenideElementProxy.dispatchAndRetry(SelenideElementProxy.java:99)
	at com.codeborne.selenide.impl.SelenideElementProxy.invoke(SelenideElementProxy.java:65)
	at com.sun.proxy.$Proxy10.waitUntil(Unknown Source)
	at com.pages.tko_4_AddDocument.login(tko_4_AddDocument.java:27)
	at com.pages.tko_4_AddDocument.start(tko_4_AddDocument.java:69)
	at com.pages.tko_4_AddDocument.AddProperty(tko_4_AddDocument.java:123)
	at com.tests.smoke.Smoke_tko_4.smoke1(Smoke_tko_4.java:18)
	at java.util.ArrayList.forEach(Unknown Source)
Caused by: org.openqa.selenium.NoSuchElementException: no such element: Unable to locate element: {&quot;method&quot;:&quot;xpath&quot;,&quot;selector&quot;:&quot;//input[@placeholder=&apos;Логин&apos;]&quot;}
  (Session info: chrome=87.0.4280.141)
For documentation on this error, please visit: https://www.seleniumhq.org/exceptions/no_such_element.html
Build info: version: &apos;3.141.59&apos;, revision: &apos;e82be7d358&apos;, time: &apos;2018-11-14T08:17:03&apos;
System info: host: &apos;DESKTOP-J47TJ88&apos;, ip: &apos;192.168.0.103&apos;, os.name: &apos;Windows 10&apos;, os.arch: &apos;amd64&apos;, os.version: &apos;10.0&apos;, java.version: &apos;1.8.0_271&apos;
Driver info: org.openqa.selenium.chrome.ChromeDriver
Capabilities {acceptInsecureCerts: false, browserName: chrome, browserVersion: 87.0.4280.141, chrome: {chromedriverVersion: 86.0.4240.22 (398b0743353ff..., userDataDir: C:\Users\Home\AppData\Local...}, goog:chromeOptions: {debuggerAddress: localhost:55678}, javascriptEnabled: true, networkConnectionEnabled: false, pageLoadStrategy: normal, platform: WINDOWS, platformName: WINDOWS, proxy: Proxy(), setWindowRect: true, strictFileInteractability: false, timeouts: {implicit: 0, pageLoad: 300000, script: 30000}, unhandledPromptBehavior: dismiss and notify, webauthn:virtualAuthenticators: true}
Session ID: 82bed00ad83686bfe30d334e4eb6fb4c
*** Element info: {Using=xpath, value=//input[@placeholder=&apos;Логин&apos;]}
	at org.openqa.selenium.remote.http.W3CHttpResponseCodec.createException(W3CHttpResponseCodec.java:187)
	at org.openqa.selenium.remote.http.W3CHttpResponseCodec.decode(W3CHttpResponseCodec.java:122)
	at org.openqa.selenium.remote.http.W3CHttpResponseCodec.decode(W3CHttpResponseCodec.java:49)
	at org.openqa.selenium.remote.HttpCommandExecutor.execute(HttpCommandExecutor.java:158)
	at org.openqa.selenium.remote.service.DriverCommandExecutor.execute(DriverCommandExecutor.java:83)
	at org.openqa.selenium.remote.RemoteWebDriver.execute(RemoteWebDriver.java:552)
	at org.openqa.selenium.remote.RemoteWebDriver.findElement(RemoteWebDriver.java:323)
	at org.openqa.selenium.remote.RemoteWebDriver.findElementByXPath(RemoteWebDriver.java:428)
	at org.openqa.selenium.By$ByXPath.findElement(By.java:353)
	at org.openqa.selenium.remote.RemoteWebDriver.findElement(RemoteWebDriver.java:315)
	at com.codeborne.selenide.impl.WebElementSelector.findElement(WebElementSelector.java:28)
	at com.codeborne.selenide.impl.ElementFinder.getWebElement(ElementFinder.java:74)
	at com.codeborne.selenide.impl.WebElementSource.checkCondition(WebElementSource.java:50)
	... 39 more
... Removed 30 stack frames
</div> <!-- stack-trace -->
                </div> <!-- method-content -->
              </div> <!-- method -->
            </div> <!-- main-panel-content rounded-window-bottom -->
          </div> <!-- suite-SMOKE_TESTS_TKO-class-failed -->
          <div class="suite-SMOKE_TESTS_TKO-class-failed">
            <div class="main-panel-header rounded-window-top">
              <img src="failed.png"/>
              <span class="class-name">com.tests.smoke.Smoke_tko_17</span>
            </div> <!-- main-panel-header rounded-window-top -->
            <div class="main-panel-content rounded-window-bottom">
              <div class="method">
                <div class="method-content">
                  <a name="smoke1">
                  </a> <!-- smoke1 -->
                  <span class="method-name">smoke1</span>
                  <div class="stack-trace">Element not found {By.xpath: //input[@placeholder=&apos;Логин&apos;]}
Expected: visible
Screenshot: file:/C:/Users/Home/git/AutoTKO/TKO/build/reports/tests/1610512228293.4.png
Page source: file:/C:/Users/Home/git/AutoTKO/TKO/build/reports/tests/1610512228293.4.html
Timeout: 5 s.
Caused by: NoSuchElementException: no such element: Unable to locate element: {&quot;method&quot;:&quot;xpath&quot;,&quot;selector&quot;:&quot;//input[@placeholder=&apos;Логин&apos;]&quot;}
	at com.codeborne.selenide.impl.WebElementSource.createElementNotFoundError(WebElementSource.java:37)
	at com.codeborne.selenide.impl.ElementFinder.createElementNotFoundError(ElementFinder.java:100)
	at com.codeborne.selenide.impl.WebElementSource.checkCondition(WebElementSource.java:65)
	at com.codeborne.selenide.commands.Should.should(Should.java:35)
	at com.codeborne.selenide.commands.Should.execute(Should.java:29)
	at com.codeborne.selenide.commands.Should.execute(Should.java:12)
	at com.codeborne.selenide.commands.Commands.execute(Commands.java:144)
	at com.codeborne.selenide.impl.SelenideElementProxy.dispatchAndRetry(SelenideElementProxy.java:99)
	at com.codeborne.selenide.impl.SelenideElementProxy.invoke(SelenideElementProxy.java:65)
	at com.sun.proxy.$Proxy10.waitUntil(Unknown Source)
	at com.pages.tko_17_ChangeRent.login(tko_17_ChangeRent.java:27)
	at com.pages.tko_17_ChangeRent.start(tko_17_ChangeRent.java:81)
	at com.pages.tko_17_ChangeRent.AddProperty(tko_17_ChangeRent.java:139)
	at com.tests.smoke.Smoke_tko_17.smoke1(Smoke_tko_17.java:18)
	at java.util.ArrayList.forEach(Unknown Source)
Caused by: org.openqa.selenium.NoSuchElementException: no such element: Unable to locate element: {&quot;method&quot;:&quot;xpath&quot;,&quot;selector&quot;:&quot;//input[@placeholder=&apos;Логин&apos;]&quot;}
  (Session info: chrome=87.0.4280.141)
For documentation on this error, please visit: https://www.seleniumhq.org/exceptions/no_such_element.html
Build info: version: &apos;3.141.59&apos;, revision: &apos;e82be7d358&apos;, time: &apos;2018-11-14T08:17:03&apos;
System info: host: &apos;DESKTOP-J47TJ88&apos;, ip: &apos;192.168.0.103&apos;, os.name: &apos;Windows 10&apos;, os.arch: &apos;amd64&apos;, os.version: &apos;10.0&apos;, java.version: &apos;1.8.0_271&apos;
Driver info: org.openqa.selenium.chrome.ChromeDriver
Capabilities {acceptInsecureCerts: false, browserName: chrome, browserVersion: 87.0.4280.141, chrome: {chromedriverVersion: 86.0.4240.22 (398b0743353ff..., userDataDir: C:\Users\Home\AppData\Local...}, goog:chromeOptions: {debuggerAddress: localhost:55613}, javascriptEnabled: true, networkConnectionEnabled: false, pageLoadStrategy: normal, platform: WINDOWS, platformName: WINDOWS, proxy: Proxy(), setWindowRect: true, strictFileInteractability: false, timeouts: {implicit: 0, pageLoad: 300000, script: 30000}, unhandledPromptBehavior: dismiss and notify, webauthn:virtualAuthenticators: true}
Session ID: c2e11b01802b195d998317321adbd2e4
*** Element info: {Using=xpath, value=//input[@placeholder=&apos;Логин&apos;]}
	at org.openqa.selenium.remote.http.W3CHttpResponseCodec.createException(W3CHttpResponseCodec.java:187)
	at org.openqa.selenium.remote.http.W3CHttpResponseCodec.decode(W3CHttpResponseCodec.java:122)
	at org.openqa.selenium.remote.http.W3CHttpResponseCodec.decode(W3CHttpResponseCodec.java:49)
	at org.openqa.selenium.remote.HttpCommandExecutor.execute(HttpCommandExecutor.java:158)
	at org.openqa.selenium.remote.service.DriverCommandExecutor.execute(DriverCommandExecutor.java:83)
	at org.openqa.selenium.remote.RemoteWebDriver.execute(RemoteWebDriver.java:552)
	at org.openqa.selenium.remote.RemoteWebDriver.findElement(RemoteWebDriver.java:323)
	at org.openqa.selenium.remote.RemoteWebDriver.findElementByXPath(RemoteWebDriver.java:428)
	at org.openqa.selenium.By$ByXPath.findElement(By.java:353)
	at org.openqa.selenium.remote.RemoteWebDriver.findElement(RemoteWebDriver.java:315)
	at com.codeborne.selenide.impl.WebElementSelector.findElement(WebElementSelector.java:28)
	at com.codeborne.selenide.impl.ElementFinder.getWebElement(ElementFinder.java:74)
	at com.codeborne.selenide.impl.WebElementSource.checkCondition(WebElementSource.java:50)
	... 39 more
... Removed 30 stack frames
</div> <!-- stack-trace -->
                </div> <!-- method-content -->
              </div> <!-- method -->
            </div> <!-- main-panel-content rounded-window-bottom -->
          </div> <!-- suite-SMOKE_TESTS_TKO-class-failed -->
          <div class="suite-SMOKE_TESTS_TKO-class-failed">
            <div class="main-panel-header rounded-window-top">
              <img src="failed.png"/>
              <span class="class-name">com.tests.smoke.Smoke_tko_5</span>
            </div> <!-- main-panel-header rounded-window-top -->
            <div class="main-panel-content rounded-window-bottom">
              <div class="method">
                <div class="method-content">
                  <a name="smoke1">
                  </a> <!-- smoke1 -->
                  <span class="method-name">smoke1</span>
                  <div class="stack-trace">Element not found {By.xpath: //input[@placeholder=&apos;Логин&apos;]}
Expected: visible
Screenshot: file:/C:/Users/Home/git/AutoTKO/TKO/build/reports/tests/1610512258874.7.png
Page source: file:/C:/Users/Home/git/AutoTKO/TKO/build/reports/tests/1610512258874.7.html
Timeout: 5 s.
Caused by: NoSuchElementException: no such element: Unable to locate element: {&quot;method&quot;:&quot;xpath&quot;,&quot;selector&quot;:&quot;//input[@placeholder=&apos;Логин&apos;]&quot;}
	at com.codeborne.selenide.impl.WebElementSource.createElementNotFoundError(WebElementSource.java:37)
	at com.codeborne.selenide.impl.ElementFinder.createElementNotFoundError(ElementFinder.java:100)
	at com.codeborne.selenide.impl.WebElementSource.checkCondition(WebElementSource.java:65)
	at com.codeborne.selenide.commands.Should.should(Should.java:35)
	at com.codeborne.selenide.commands.Should.execute(Should.java:29)
	at com.codeborne.selenide.commands.Should.execute(Should.java:12)
	at com.codeborne.selenide.commands.Commands.execute(Commands.java:144)
	at com.codeborne.selenide.impl.SelenideElementProxy.dispatchAndRetry(SelenideElementProxy.java:99)
	at com.codeborne.selenide.impl.SelenideElementProxy.invoke(SelenideElementProxy.java:65)
	at com.sun.proxy.$Proxy10.waitUntil(Unknown Source)
	at com.pages.tko_5_AddProperty.login(tko_5_AddProperty.java:27)
	at com.pages.tko_5_AddProperty.start(tko_5_AddProperty.java:130)
	at com.pages.tko_5_AddProperty.AddProperty(tko_5_AddProperty.java:221)
	at com.tests.smoke.Smoke_tko_5.smoke1(Smoke_tko_5.java:18)
	at java.util.ArrayList.forEach(Unknown Source)
Caused by: org.openqa.selenium.NoSuchElementException: no such element: Unable to locate element: {&quot;method&quot;:&quot;xpath&quot;,&quot;selector&quot;:&quot;//input[@placeholder=&apos;Логин&apos;]&quot;}
  (Session info: chrome=87.0.4280.141)
For documentation on this error, please visit: https://www.seleniumhq.org/exceptions/no_such_element.html
Build info: version: &apos;3.141.59&apos;, revision: &apos;e82be7d358&apos;, time: &apos;2018-11-14T08:17:03&apos;
System info: host: &apos;DESKTOP-J47TJ88&apos;, ip: &apos;192.168.0.103&apos;, os.name: &apos;Windows 10&apos;, os.arch: &apos;amd64&apos;, os.version: &apos;10.0&apos;, java.version: &apos;1.8.0_271&apos;
Driver info: org.openqa.selenium.chrome.ChromeDriver
Capabilities {acceptInsecureCerts: false, browserName: chrome, browserVersion: 87.0.4280.141, chrome: {chromedriverVersion: 86.0.4240.22 (398b0743353ff..., userDataDir: C:\Users\Home\AppData\Local...}, goog:chromeOptions: {debuggerAddress: localhost:55699}, javascriptEnabled: true, networkConnectionEnabled: false, pageLoadStrategy: normal, platform: WINDOWS, platformName: WINDOWS, proxy: Proxy(), setWindowRect: true, strictFileInteractability: false, timeouts: {implicit: 0, pageLoad: 300000, script: 30000}, unhandledPromptBehavior: dismiss and notify, webauthn:virtualAuthenticators: true}
Session ID: 6544775491c87c17295828b4b5ceba98
*** Element info: {Using=xpath, value=//input[@placeholder=&apos;Логин&apos;]}
	at org.openqa.selenium.remote.http.W3CHttpResponseCodec.createException(W3CHttpResponseCodec.java:187)
	at org.openqa.selenium.remote.http.W3CHttpResponseCodec.decode(W3CHttpResponseCodec.java:122)
	at org.openqa.selenium.remote.http.W3CHttpResponseCodec.decode(W3CHttpResponseCodec.java:49)
	at org.openqa.selenium.remote.HttpCommandExecutor.execute(HttpCommandExecutor.java:158)
	at org.openqa.selenium.remote.service.DriverCommandExecutor.execute(DriverCommandExecutor.java:83)
	at org.openqa.selenium.remote.RemoteWebDriver.execute(RemoteWebDriver.java:552)
	at org.openqa.selenium.remote.RemoteWebDriver.findElement(RemoteWebDriver.java:323)
	at org.openqa.selenium.remote.RemoteWebDriver.findElementByXPath(RemoteWebDriver.java:428)
	at org.openqa.selenium.By$ByXPath.findElement(By.java:353)
	at org.openqa.selenium.remote.RemoteWebDriver.findElement(RemoteWebDriver.java:315)
	at com.codeborne.selenide.impl.WebElementSelector.findElement(WebElementSelector.java:28)
	at com.codeborne.selenide.impl.ElementFinder.getWebElement(ElementFinder.java:74)
	at com.codeborne.selenide.impl.WebElementSource.checkCondition(WebElementSource.java:50)
	... 39 more
... Removed 30 stack frames
</div> <!-- stack-trace -->
                </div> <!-- method-content -->
              </div> <!-- method -->
            </div> <!-- main-panel-content rounded-window-bottom -->
          </div> <!-- suite-SMOKE_TESTS_TKO-class-failed -->
          <div class="suite-SMOKE_TESTS_TKO-class-failed">
            <div class="main-panel-header rounded-window-top">
              <img src="failed.png"/>
              <span class="class-name">com.tests.smoke.Smoke_tko_33</span>
            </div> <!-- main-panel-header rounded-window-top -->
            <div class="main-panel-content rounded-window-bottom">
              <div class="method">
                <div class="method-content">
                  <a name="smoke1">
                  </a> <!-- smoke1 -->
                  <span class="method-name">smoke1</span>
                  <div class="stack-trace">Element not found {By.xpath: //input[@placeholder=&apos;Логин&apos;]}
Expected: visible
Page source: file:/C:/Users/Home/git/AutoTKO/TKO/build/reports/tests/1610512177713.0.html
Timeout: 5 s.
Caused by: WebDriverException: chrome not reachable
	at com.codeborne.selenide.impl.WebElementSource.createElementNotFoundError(WebElementSource.java:37)
	at com.codeborne.selenide.impl.ElementFinder.createElementNotFoundError(ElementFinder.java:100)
	at com.codeborne.selenide.impl.WebElementSource.checkCondition(WebElementSource.java:65)
	at com.codeborne.selenide.commands.Should.should(Should.java:35)
	at com.codeborne.selenide.commands.Should.execute(Should.java:29)
	at com.codeborne.selenide.commands.Should.execute(Should.java:12)
	at com.codeborne.selenide.commands.Commands.execute(Commands.java:144)
	at com.codeborne.selenide.impl.SelenideElementProxy.dispatchAndRetry(SelenideElementProxy.java:99)
	at com.codeborne.selenide.impl.SelenideElementProxy.invoke(SelenideElementProxy.java:65)
	at com.sun.proxy.$Proxy10.waitUntil(Unknown Source)
	at com.pages.tko_30_AccountRent.login(tko_30_AccountRent.java:39)
	at com.pages.tko_30_AccountRent.getKadastrNumber(tko_30_AccountRent.java:349)
	at com.pages.tko_33_AddOnNON.addON(tko_33_AddOnNON.java:617)
	at com.tests.smoke.Smoke_tko_33.smoke1(Smoke_tko_33.java:18)
	at java.util.ArrayList.forEach(Unknown Source)
Caused by: org.openqa.selenium.WebDriverException: chrome not reachable
  (Session info: chrome=87.0.4280.141)
Build info: version: &apos;3.141.59&apos;, revision: &apos;e82be7d358&apos;, time: &apos;2018-11-14T08:17:03&apos;
System info: host: &apos;DESKTOP-J47TJ88&apos;, ip: &apos;192.168.0.103&apos;, os.name: &apos;Windows 10&apos;, os.arch: &apos;amd64&apos;, os.version: &apos;10.0&apos;, java.version: &apos;1.8.0_271&apos;
Driver info: org.openqa.selenium.chrome.ChromeDriver
Capabilities {acceptInsecureCerts: false, browserName: chrome, browserVersion: 87.0.4280.141, chrome: {chromedriverVersion: 86.0.4240.22 (398b0743353ff..., userDataDir: C:\Users\Home\AppData\Local...}, goog:chromeOptions: {debuggerAddress: localhost:55458}, javascriptEnabled: true, networkConnectionEnabled: false, pageLoadStrategy: normal, platform: WINDOWS, platformName: WINDOWS, proxy: Proxy(), setWindowRect: true, strictFileInteractability: false, timeouts: {implicit: 0, pageLoad: 300000, script: 30000}, unhandledPromptBehavior: dismiss and notify, webauthn:virtualAuthenticators: true}
Session ID: 97ee8a6ea941730a4bef3881bcd3041d
*** Element info: {Using=xpath, value=//input[@placeholder=&apos;Логин&apos;]}
	at org.openqa.selenium.remote.http.W3CHttpResponseCodec.createException(W3CHttpResponseCodec.java:187)
	at org.openqa.selenium.remote.http.W3CHttpResponseCodec.decode(W3CHttpResponseCodec.java:122)
	at org.openqa.selenium.remote.http.W3CHttpResponseCodec.decode(W3CHttpResponseCodec.java:49)
	at org.openqa.selenium.remote.HttpCommandExecutor.execute(HttpCommandExecutor.java:158)
	at org.openqa.selenium.remote.service.DriverCommandExecutor.execute(DriverCommandExecutor.java:83)
	at org.openqa.selenium.remote.RemoteWebDriver.execute(RemoteWebDriver.java:552)
	at org.openqa.selenium.remote.RemoteWebDriver.findElement(RemoteWebDriver.java:323)
	at org.openqa.selenium.remote.RemoteWebDriver.findElementByXPath(RemoteWebDriver.java:428)
	at org.openqa.selenium.By$ByXPath.findElement(By.java:353)
	at org.openqa.selenium.remote.RemoteWebDriver.findElement(RemoteWebDriver.java:315)
	at com.codeborne.selenide.impl.WebElementSelector.findElement(WebElementSelector.java:28)
	at com.codeborne.selenide.impl.ElementFinder.getWebElement(ElementFinder.java:74)
	at com.codeborne.selenide.impl.WebElementSource.checkCondition(WebElementSource.java:50)
	... 39 more
... Removed 31 stack frames
</div> <!-- stack-trace -->
                </div> <!-- method-content -->
              </div> <!-- method -->
            </div> <!-- main-panel-content rounded-window-bottom -->
          </div> <!-- suite-SMOKE_TESTS_TKO-class-failed -->
          <div class="suite-SMOKE_TESTS_TKO-class-failed">
            <div class="main-panel-header rounded-window-top">
              <img src="failed.png"/>
              <span class="class-name">com.tests.smoke.Smoke_tko_12</span>
            </div> <!-- main-panel-header rounded-window-top -->
            <div class="main-panel-content rounded-window-bottom">
              <div class="method">
                <div class="method-content">
                  <a name="smoke1">
                  </a> <!-- smoke1 -->
                  <span class="method-name">smoke1</span>
                  <div class="stack-trace">Element not found {By.xpath: //input[@placeholder=&apos;Логин&apos;]}
Expected: visible
Screenshot: file:/C:/Users/Home/git/AutoTKO/TKO/build/reports/tests/1610512238627.5.png
Page source: file:/C:/Users/Home/git/AutoTKO/TKO/build/reports/tests/1610512238627.5.html
Timeout: 5 s.
Caused by: NoSuchElementException: no such element: Unable to locate element: {&quot;method&quot;:&quot;xpath&quot;,&quot;selector&quot;:&quot;//input[@placeholder=&apos;Логин&apos;]&quot;}
	at com.codeborne.selenide.impl.WebElementSource.createElementNotFoundError(WebElementSource.java:37)
	at com.codeborne.selenide.impl.ElementFinder.createElementNotFoundError(ElementFinder.java:100)
	at com.codeborne.selenide.impl.WebElementSource.checkCondition(WebElementSource.java:65)
	at com.codeborne.selenide.commands.Should.should(Should.java:35)
	at com.codeborne.selenide.commands.Should.execute(Should.java:29)
	at com.codeborne.selenide.commands.Should.execute(Should.java:12)
	at com.codeborne.selenide.commands.Commands.execute(Commands.java:144)
	at com.codeborne.selenide.impl.SelenideElementProxy.dispatchAndRetry(SelenideElementProxy.java:99)
	at com.codeborne.selenide.impl.SelenideElementProxy.invoke(SelenideElementProxy.java:65)
	at com.sun.proxy.$Proxy10.waitUntil(Unknown Source)
	at com.pages.tko_12_DeleteContainerAddress.login(tko_12_DeleteContainerAddress.java:27)
	at com.pages.tko_12_DeleteContainerAddress.start(tko_12_DeleteContainerAddress.java:76)
	at com.pages.tko_12_DeleteContainerAddress.DeleteContainerAddress(tko_12_DeleteContainerAddress.java:112)
	at com.tests.smoke.Smoke_tko_12.smoke1(Smoke_tko_12.java:18)
	at java.util.ArrayList.forEach(Unknown Source)
Caused by: org.openqa.selenium.NoSuchElementException: no such element: Unable to locate element: {&quot;method&quot;:&quot;xpath&quot;,&quot;selector&quot;:&quot;//input[@placeholder=&apos;Логин&apos;]&quot;}
  (Session info: chrome=87.0.4280.141)
For documentation on this error, please visit: https://www.seleniumhq.org/exceptions/no_such_element.html
Build info: version: &apos;3.141.59&apos;, revision: &apos;e82be7d358&apos;, time: &apos;2018-11-14T08:17:03&apos;
System info: host: &apos;DESKTOP-J47TJ88&apos;, ip: &apos;192.168.0.103&apos;, os.name: &apos;Windows 10&apos;, os.arch: &apos;amd64&apos;, os.version: &apos;10.0&apos;, java.version: &apos;1.8.0_271&apos;
Driver info: org.openqa.selenium.chrome.ChromeDriver
Capabilities {acceptInsecureCerts: false, browserName: chrome, browserVersion: 87.0.4280.141, chrome: {chromedriverVersion: 86.0.4240.22 (398b0743353ff..., userDataDir: C:\Users\Home\AppData\Local...}, goog:chromeOptions: {debuggerAddress: localhost:55633}, javascriptEnabled: true, networkConnectionEnabled: false, pageLoadStrategy: normal, platform: WINDOWS, platformName: WINDOWS, proxy: Proxy(), setWindowRect: true, strictFileInteractability: false, timeouts: {implicit: 0, pageLoad: 300000, script: 30000}, unhandledPromptBehavior: dismiss and notify, webauthn:virtualAuthenticators: true}
Session ID: 6c98b494ccac1c2e01b64dae895600df
*** Element info: {Using=xpath, value=//input[@placeholder=&apos;Логин&apos;]}
	at org.openqa.selenium.remote.http.W3CHttpResponseCodec.createException(W3CHttpResponseCodec.java:187)
	at org.openqa.selenium.remote.http.W3CHttpResponseCodec.decode(W3CHttpResponseCodec.java:122)
	at org.openqa.selenium.remote.http.W3CHttpResponseCodec.decode(W3CHttpResponseCodec.java:49)
	at org.openqa.selenium.remote.HttpCommandExecutor.execute(HttpCommandExecutor.java:158)
	at org.openqa.selenium.remote.service.DriverCommandExecutor.execute(DriverCommandExecutor.java:83)
	at org.openqa.selenium.remote.RemoteWebDriver.execute(RemoteWebDriver.java:552)
	at org.openqa.selenium.remote.RemoteWebDriver.findElement(RemoteWebDriver.java:323)
	at org.openqa.selenium.remote.RemoteWebDriver.findElementByXPath(RemoteWebDriver.java:428)
	at org.openqa.selenium.By$ByXPath.findElement(By.java:353)
	at org.openqa.selenium.remote.RemoteWebDriver.findElement(RemoteWebDriver.java:315)
	at com.codeborne.selenide.impl.WebElementSelector.findElement(WebElementSelector.java:28)
	at com.codeborne.selenide.impl.ElementFinder.getWebElement(ElementFinder.java:74)
	at com.codeborne.selenide.impl.WebElementSource.checkCondition(WebElementSource.java:50)
	... 39 more
... Removed 30 stack frames
</div> <!-- stack-trace -->
                </div> <!-- method-content -->
              </div> <!-- method -->
            </div> <!-- main-panel-content rounded-window-bottom -->
          </div> <!-- suite-SMOKE_TESTS_TKO-class-failed -->
          <div class="suite-SMOKE_TESTS_TKO-class-failed">
            <div class="main-panel-header rounded-window-top">
              <img src="failed.png"/>
              <span class="class-name">com.tests.smoke.Smoke_tko_13</span>
            </div> <!-- main-panel-header rounded-window-top -->
            <div class="main-panel-content rounded-window-bottom">
              <div class="method">
                <div class="method-content">
                  <a name="smoke1">
                  </a> <!-- smoke1 -->
                  <span class="method-name">smoke1</span>
                  <div class="stack-trace">Element not found {By.xpath: //input[@placeholder=&apos;Логин&apos;]}
Expected: visible
Screenshot: file:/C:/Users/Home/git/AutoTKO/TKO/build/reports/tests/1610512310946.12.png
Page source: file:/C:/Users/Home/git/AutoTKO/TKO/build/reports/tests/1610512310946.12.html
Timeout: 5 s.
Caused by: NoSuchElementException: no such element: Unable to locate element: {&quot;method&quot;:&quot;xpath&quot;,&quot;selector&quot;:&quot;//input[@placeholder=&apos;Логин&apos;]&quot;}
	at com.codeborne.selenide.impl.WebElementSource.createElementNotFoundError(WebElementSource.java:37)
	at com.codeborne.selenide.impl.ElementFinder.createElementNotFoundError(ElementFinder.java:100)
	at com.codeborne.selenide.impl.WebElementSource.checkCondition(WebElementSource.java:65)
	at com.codeborne.selenide.commands.Should.should(Should.java:35)
	at com.codeborne.selenide.commands.Should.execute(Should.java:29)
	at com.codeborne.selenide.commands.Should.execute(Should.java:12)
	at com.codeborne.selenide.commands.Commands.execute(Commands.java:144)
	at com.codeborne.selenide.impl.SelenideElementProxy.dispatchAndRetry(SelenideElementProxy.java:99)
	at com.codeborne.selenide.impl.SelenideElementProxy.invoke(SelenideElementProxy.java:65)
	at com.sun.proxy.$Proxy10.waitUntil(Unknown Source)
	at com.pages.tko_13_ApproveRequest.login(tko_13_ApproveRequest.java:29)
	at com.pages.tko_13_ApproveRequest.getKadastrNumber(tko_13_ApproveRequest.java:164)
	at com.pages.tko_13_ApproveRequest.ApproveRequest(tko_13_ApproveRequest.java:365)
	at com.tests.smoke.Smoke_tko_13.smoke1(Smoke_tko_13.java:18)
	at java.util.ArrayList.forEach(Unknown Source)
Caused by: org.openqa.selenium.NoSuchElementException: no such element: Unable to locate element: {&quot;method&quot;:&quot;xpath&quot;,&quot;selector&quot;:&quot;//input[@placeholder=&apos;Логин&apos;]&quot;}
  (Session info: chrome=87.0.4280.141)
For documentation on this error, please visit: https://www.seleniumhq.org/exceptions/no_such_element.html
Build info: version: &apos;3.141.59&apos;, revision: &apos;e82be7d358&apos;, time: &apos;2018-11-14T08:17:03&apos;
System info: host: &apos;DESKTOP-J47TJ88&apos;, ip: &apos;192.168.0.103&apos;, os.name: &apos;Windows 10&apos;, os.arch: &apos;amd64&apos;, os.version: &apos;10.0&apos;, java.version: &apos;1.8.0_271&apos;
Driver info: org.openqa.selenium.chrome.ChromeDriver
Capabilities {acceptInsecureCerts: false, browserName: chrome, browserVersion: 87.0.4280.141, chrome: {chromedriverVersion: 86.0.4240.22 (398b0743353ff..., userDataDir: C:\Users\Home\AppData\Local...}, goog:chromeOptions: {debuggerAddress: localhost:55843}, javascriptEnabled: true, networkConnectionEnabled: false, pageLoadStrategy: normal, platform: WINDOWS, platformName: WINDOWS, proxy: Proxy(), setWindowRect: true, strictFileInteractability: false, timeouts: {implicit: 0, pageLoad: 300000, script: 30000}, unhandledPromptBehavior: dismiss and notify, webauthn:virtualAuthenticators: true}
Session ID: 460d2eee089bbe687dd53925152ed722
*** Element info: {Using=xpath, value=//input[@placeholder=&apos;Логин&apos;]}
	at org.openqa.selenium.remote.http.W3CHttpResponseCodec.createException(W3CHttpResponseCodec.java:187)
	at org.openqa.selenium.remote.http.W3CHttpResponseCodec.decode(W3CHttpResponseCodec.java:122)
	at org.openqa.selenium.remote.http.W3CHttpResponseCodec.decode(W3CHttpResponseCodec.java:49)
	at org.openqa.selenium.remote.HttpCommandExecutor.execute(HttpCommandExecutor.java:158)
	at org.openqa.selenium.remote.service.DriverCommandExecutor.execute(DriverCommandExecutor.java:83)
	at org.openqa.selenium.remote.RemoteWebDriver.execute(RemoteWebDriver.java:552)
	at org.openqa.selenium.remote.RemoteWebDriver.findElement(RemoteWebDriver.java:323)
	at org.openqa.selenium.remote.RemoteWebDriver.findElementByXPath(RemoteWebDriver.java:428)
	at org.openqa.selenium.By$ByXPath.findElement(By.java:353)
	at org.openqa.selenium.remote.RemoteWebDriver.findElement(RemoteWebDriver.java:315)
	at com.codeborne.selenide.impl.WebElementSelector.findElement(WebElementSelector.java:28)
	at com.codeborne.selenide.impl.ElementFinder.getWebElement(ElementFinder.java:74)
	at com.codeborne.selenide.impl.WebElementSource.checkCondition(WebElementSource.java:50)
	... 39 more
... Removed 30 stack frames
</div> <!-- stack-trace -->
                </div> <!-- method-content -->
              </div> <!-- method -->
            </div> <!-- main-panel-content rounded-window-bottom -->
          </div> <!-- suite-SMOKE_TESTS_TKO-class-failed -->
          <div class="suite-SMOKE_TESTS_TKO-class-failed">
            <div class="main-panel-header rounded-window-top">
              <img src="failed.png"/>
              <span class="class-name">com.tests.smoke.Smoke_tko_9</span>
            </div> <!-- main-panel-header rounded-window-top -->
            <div class="main-panel-content rounded-window-bottom">
              <div class="method">
                <div class="method-content">
                  <a name="smoke1">
                  </a> <!-- smoke1 -->
                  <span class="method-name">smoke1</span>
                  <div class="stack-trace">Element not found {By.xpath: //input[@placeholder=&apos;Логин&apos;]}
Expected: visible
Screenshot: file:/C:/Users/Home/git/AutoTKO/TKO/build/reports/tests/1610512217343.3.png
Page source: file:/C:/Users/Home/git/AutoTKO/TKO/build/reports/tests/1610512217343.3.html
Timeout: 5 s.
Caused by: NoSuchElementException: no such element: Unable to locate element: {&quot;method&quot;:&quot;xpath&quot;,&quot;selector&quot;:&quot;//input[@placeholder=&apos;Логин&apos;]&quot;}
	at com.codeborne.selenide.impl.WebElementSource.createElementNotFoundError(WebElementSource.java:37)
	at com.codeborne.selenide.impl.ElementFinder.createElementNotFoundError(ElementFinder.java:100)
	at com.codeborne.selenide.impl.WebElementSource.checkCondition(WebElementSource.java:65)
	at com.codeborne.selenide.commands.Should.should(Should.java:35)
	at com.codeborne.selenide.commands.Should.execute(Should.java:29)
	at com.codeborne.selenide.commands.Should.execute(Should.java:12)
	at com.codeborne.selenide.commands.Commands.execute(Commands.java:144)
	at com.codeborne.selenide.impl.SelenideElementProxy.dispatchAndRetry(SelenideElementProxy.java:99)
	at com.codeborne.selenide.impl.SelenideElementProxy.invoke(SelenideElementProxy.java:65)
	at com.sun.proxy.$Proxy10.waitUntil(Unknown Source)
	at com.pages.tko_9_AddRent.login(tko_9_AddRent.java:27)
	at com.pages.tko_9_AddRent.start(tko_9_AddRent.java:94)
	at com.pages.tko_9_AddRent.AddProperty(tko_9_AddRent.java:172)
	at com.tests.smoke.Smoke_tko_9.smoke1(Smoke_tko_9.java:18)
	at java.util.ArrayList.forEach(Unknown Source)
Caused by: org.openqa.selenium.NoSuchElementException: no such element: Unable to locate element: {&quot;method&quot;:&quot;xpath&quot;,&quot;selector&quot;:&quot;//input[@placeholder=&apos;Логин&apos;]&quot;}
  (Session info: chrome=87.0.4280.141)
For documentation on this error, please visit: https://www.seleniumhq.org/exceptions/no_such_element.html
Build info: version: &apos;3.141.59&apos;, revision: &apos;e82be7d358&apos;, time: &apos;2018-11-14T08:17:03&apos;
System info: host: &apos;DESKTOP-J47TJ88&apos;, ip: &apos;192.168.0.103&apos;, os.name: &apos;Windows 10&apos;, os.arch: &apos;amd64&apos;, os.version: &apos;10.0&apos;, java.version: &apos;1.8.0_271&apos;
Driver info: org.openqa.selenium.chrome.ChromeDriver
Capabilities {acceptInsecureCerts: false, browserName: chrome, browserVersion: 87.0.4280.141, chrome: {chromedriverVersion: 86.0.4240.22 (398b0743353ff..., userDataDir: C:\Users\Home\AppData\Local...}, goog:chromeOptions: {debuggerAddress: localhost:55587}, javascriptEnabled: true, networkConnectionEnabled: false, pageLoadStrategy: normal, platform: WINDOWS, platformName: WINDOWS, proxy: Proxy(), setWindowRect: true, strictFileInteractability: false, timeouts: {implicit: 0, pageLoad: 300000, script: 30000}, unhandledPromptBehavior: dismiss and notify, webauthn:virtualAuthenticators: true}
Session ID: 5300f57837920ba98f49baa03811e938
*** Element info: {Using=xpath, value=//input[@placeholder=&apos;Логин&apos;]}
	at org.openqa.selenium.remote.http.W3CHttpResponseCodec.createException(W3CHttpResponseCodec.java:187)
	at org.openqa.selenium.remote.http.W3CHttpResponseCodec.decode(W3CHttpResponseCodec.java:122)
	at org.openqa.selenium.remote.http.W3CHttpResponseCodec.decode(W3CHttpResponseCodec.java:49)
	at org.openqa.selenium.remote.HttpCommandExecutor.execute(HttpCommandExecutor.java:158)
	at org.openqa.selenium.remote.service.DriverCommandExecutor.execute(DriverCommandExecutor.java:83)
	at org.openqa.selenium.remote.RemoteWebDriver.execute(RemoteWebDriver.java:552)
	at org.openqa.selenium.remote.RemoteWebDriver.findElement(RemoteWebDriver.java:323)
	at org.openqa.selenium.remote.RemoteWebDriver.findElementByXPath(RemoteWebDriver.java:428)
	at org.openqa.selenium.By$ByXPath.findElement(By.java:353)
	at org.openqa.selenium.remote.RemoteWebDriver.findElement(RemoteWebDriver.java:315)
	at com.codeborne.selenide.impl.WebElementSelector.findElement(WebElementSelector.java:28)
	at com.codeborne.selenide.impl.ElementFinder.getWebElement(ElementFinder.java:74)
	at com.codeborne.selenide.impl.WebElementSource.checkCondition(WebElementSource.java:50)
	... 39 more
... Removed 30 stack frames
</div> <!-- stack-trace -->
                </div> <!-- method-content -->
              </div> <!-- method -->
            </div> <!-- main-panel-content rounded-window-bottom -->
          </div> <!-- suite-SMOKE_TESTS_TKO-class-failed -->
          <div class="suite-SMOKE_TESTS_TKO-class-failed">
            <div class="main-panel-header rounded-window-top">
              <img src="failed.png"/>
              <span class="class-name">com.tests.smoke.Smoke_tko_10</span>
            </div> <!-- main-panel-header rounded-window-top -->
            <div class="main-panel-content rounded-window-bottom">
              <div class="method">
                <div class="method-content">
                  <a name="smoke1">
                  </a> <!-- smoke1 -->
                  <span class="method-name">smoke1</span>
                  <div class="stack-trace">Element not found {By.xpath: //input[@placeholder=&apos;Логин&apos;]}
Expected: visible
Screenshot: file:/C:/Users/Home/git/AutoTKO/TKO/build/reports/tests/1610512207361.2.png
Page source: file:/C:/Users/Home/git/AutoTKO/TKO/build/reports/tests/1610512207361.2.html
Timeout: 5 s.
Caused by: NoSuchElementException: no such element: Unable to locate element: {&quot;method&quot;:&quot;xpath&quot;,&quot;selector&quot;:&quot;//input[@placeholder=&apos;Логин&apos;]&quot;}
	at com.codeborne.selenide.impl.WebElementSource.createElementNotFoundError(WebElementSource.java:37)
	at com.codeborne.selenide.impl.ElementFinder.createElementNotFoundError(ElementFinder.java:100)
	at com.codeborne.selenide.impl.WebElementSource.checkCondition(WebElementSource.java:65)
	at com.codeborne.selenide.commands.Should.should(Should.java:35)
	at com.codeborne.selenide.commands.Should.execute(Should.java:29)
	at com.codeborne.selenide.commands.Should.execute(Should.java:12)
	at com.codeborne.selenide.commands.Commands.execute(Commands.java:144)
	at com.codeborne.selenide.impl.SelenideElementProxy.dispatchAndRetry(SelenideElementProxy.java:99)
	at com.codeborne.selenide.impl.SelenideElementProxy.invoke(SelenideElementProxy.java:65)
	at com.sun.proxy.$Proxy10.waitUntil(Unknown Source)
	at com.pages.tko_96_addONWithoutCheckingAdmin.login(tko_96_addONWithoutCheckingAdmin.java:39)
	at com.pages.tko_96_addONWithoutCheckingAdmin.getKadastrNumber(tko_96_addONWithoutCheckingAdmin.java:353)
	at com.pages.tko_96_addONWithoutCheckingAdmin.addONWithoutCheckingAdmin(tko_96_addONWithoutCheckingAdmin.java:473)
	at com.tests.smoke.Smoke_tko_10.smoke1(Smoke_tko_10.java:17)
	at java.util.ArrayList.forEach(Unknown Source)
Caused by: org.openqa.selenium.NoSuchElementException: no such element: Unable to locate element: {&quot;method&quot;:&quot;xpath&quot;,&quot;selector&quot;:&quot;//input[@placeholder=&apos;Логин&apos;]&quot;}
  (Session info: chrome=87.0.4280.141)
For documentation on this error, please visit: https://www.seleniumhq.org/exceptions/no_such_element.html
Build info: version: &apos;3.141.59&apos;, revision: &apos;e82be7d358&apos;, time: &apos;2018-11-14T08:17:03&apos;
System info: host: &apos;DESKTOP-J47TJ88&apos;, ip: &apos;192.168.0.103&apos;, os.name: &apos;Windows 10&apos;, os.arch: &apos;amd64&apos;, os.version: &apos;10.0&apos;, java.version: &apos;1.8.0_271&apos;
Driver info: org.openqa.selenium.chrome.ChromeDriver
Capabilities {acceptInsecureCerts: false, browserName: chrome, browserVersion: 87.0.4280.141, chrome: {chromedriverVersion: 86.0.4240.22 (398b0743353ff..., userDataDir: C:\Users\Home\AppData\Local...}, goog:chromeOptions: {debuggerAddress: localhost:55568}, javascriptEnabled: true, networkConnectionEnabled: false, pageLoadStrategy: normal, platform: WINDOWS, platformName: WINDOWS, proxy: Proxy(), setWindowRect: true, strictFileInteractability: false, timeouts: {implicit: 0, pageLoad: 300000, script: 30000}, unhandledPromptBehavior: dismiss and notify, webauthn:virtualAuthenticators: true}
Session ID: 51e9e295bda424e7f55423f548423ce9
*** Element info: {Using=xpath, value=//input[@placeholder=&apos;Логин&apos;]}
	at org.openqa.selenium.remote.http.W3CHttpResponseCodec.createException(W3CHttpResponseCodec.java:187)
	at org.openqa.selenium.remote.http.W3CHttpResponseCodec.decode(W3CHttpResponseCodec.java:122)
	at org.openqa.selenium.remote.http.W3CHttpResponseCodec.decode(W3CHttpResponseCodec.java:49)
	at org.openqa.selenium.remote.HttpCommandExecutor.execute(HttpCommandExecutor.java:158)
	at org.openqa.selenium.remote.service.DriverCommandExecutor.execute(DriverCommandExecutor.java:83)
	at org.openqa.selenium.remote.RemoteWebDriver.execute(RemoteWebDriver.java:552)
	at org.openqa.selenium.remote.RemoteWebDriver.findElement(RemoteWebDriver.java:323)
	at org.openqa.selenium.remote.RemoteWebDriver.findElementByXPath(RemoteWebDriver.java:428)
	at org.openqa.selenium.By$ByXPath.findElement(By.java:353)
	at org.openqa.selenium.remote.RemoteWebDriver.findElement(RemoteWebDriver.java:315)
	at com.codeborne.selenide.impl.WebElementSelector.findElement(WebElementSelector.java:28)
	at com.codeborne.selenide.impl.ElementFinder.getWebElement(ElementFinder.java:74)
	at com.codeborne.selenide.impl.WebElementSource.checkCondition(WebElementSource.java:50)
	... 39 more
... Removed 30 stack frames
</div> <!-- stack-trace -->
                </div> <!-- method-content -->
              </div> <!-- method -->
            </div> <!-- main-panel-content rounded-window-bottom -->
          </div> <!-- suite-SMOKE_TESTS_TKO-class-failed -->
          <div class="suite-SMOKE_TESTS_TKO-class-failed">
            <div class="main-panel-header rounded-window-top">
              <img src="failed.png"/>
              <span class="class-name">com.tests.smoke.Smoke_tko_21</span>
            </div> <!-- main-panel-header rounded-window-top -->
            <div class="main-panel-content rounded-window-bottom">
              <div class="method">
                <div class="method-content">
                  <a name="smoke1">
                  </a> <!-- smoke1 -->
                  <span class="method-name">smoke1</span>
                  <div class="stack-trace">Element not found {By.xpath: //input[@placeholder=&apos;Логин&apos;]}
Expected: visible
Screenshot: file:/C:/Users/Home/git/AutoTKO/TKO/build/reports/tests/1610512290346.10.png
Page source: file:/C:/Users/Home/git/AutoTKO/TKO/build/reports/tests/1610512290346.10.html
Timeout: 5 s.
Caused by: NoSuchElementException: no such element: Unable to locate element: {&quot;method&quot;:&quot;xpath&quot;,&quot;selector&quot;:&quot;//input[@placeholder=&apos;Логин&apos;]&quot;}
	at com.codeborne.selenide.impl.WebElementSource.createElementNotFoundError(WebElementSource.java:37)
	at com.codeborne.selenide.impl.ElementFinder.createElementNotFoundError(ElementFinder.java:100)
	at com.codeborne.selenide.impl.WebElementSource.checkCondition(WebElementSource.java:65)
	at com.codeborne.selenide.commands.Should.should(Should.java:35)
	at com.codeborne.selenide.commands.Should.execute(Should.java:29)
	at com.codeborne.selenide.commands.Should.execute(Should.java:12)
	at com.codeborne.selenide.commands.Commands.execute(Commands.java:144)
	at com.codeborne.selenide.impl.SelenideElementProxy.dispatchAndRetry(SelenideElementProxy.java:99)
	at com.codeborne.selenide.impl.SelenideElementProxy.invoke(SelenideElementProxy.java:65)
	at com.sun.proxy.$Proxy10.waitUntil(Unknown Source)
	at com.pages.tko_96_addONWithoutCheckingAdmin.login(tko_96_addONWithoutCheckingAdmin.java:39)
	at com.pages.tko_96_addONWithoutCheckingAdmin.getKadastrNumber(tko_96_addONWithoutCheckingAdmin.java:353)
	at com.pages.tko_96_addONWithoutCheckingAdmin.addONWithoutCheckingAdmin(tko_96_addONWithoutCheckingAdmin.java:473)
	at com.tests.smoke.Smoke_tko_21.smoke1(Smoke_tko_21.java:18)
	at java.util.ArrayList.forEach(Unknown Source)
Caused by: org.openqa.selenium.NoSuchElementException: no such element: Unable to locate element: {&quot;method&quot;:&quot;xpath&quot;,&quot;selector&quot;:&quot;//input[@placeholder=&apos;Логин&apos;]&quot;}
  (Session info: chrome=87.0.4280.141)
For documentation on this error, please visit: https://www.seleniumhq.org/exceptions/no_such_element.html
Build info: version: &apos;3.141.59&apos;, revision: &apos;e82be7d358&apos;, time: &apos;2018-11-14T08:17:03&apos;
System info: host: &apos;DESKTOP-J47TJ88&apos;, ip: &apos;192.168.0.103&apos;, os.name: &apos;Windows 10&apos;, os.arch: &apos;amd64&apos;, os.version: &apos;10.0&apos;, java.version: &apos;1.8.0_271&apos;
Driver info: org.openqa.selenium.chrome.ChromeDriver
Capabilities {acceptInsecureCerts: false, browserName: chrome, browserVersion: 87.0.4280.141, chrome: {chromedriverVersion: 86.0.4240.22 (398b0743353ff..., userDataDir: C:\Users\Home\AppData\Local...}, goog:chromeOptions: {debuggerAddress: localhost:55774}, javascriptEnabled: true, networkConnectionEnabled: false, pageLoadStrategy: normal, platform: WINDOWS, platformName: WINDOWS, proxy: Proxy(), setWindowRect: true, strictFileInteractability: false, timeouts: {implicit: 0, pageLoad: 300000, script: 30000}, unhandledPromptBehavior: dismiss and notify, webauthn:virtualAuthenticators: true}
Session ID: 104c1349c18ffa08506f523128c08b11
*** Element info: {Using=xpath, value=//input[@placeholder=&apos;Логин&apos;]}
	at org.openqa.selenium.remote.http.W3CHttpResponseCodec.createException(W3CHttpResponseCodec.java:187)
	at org.openqa.selenium.remote.http.W3CHttpResponseCodec.decode(W3CHttpResponseCodec.java:122)
	at org.openqa.selenium.remote.http.W3CHttpResponseCodec.decode(W3CHttpResponseCodec.java:49)
	at org.openqa.selenium.remote.HttpCommandExecutor.execute(HttpCommandExecutor.java:158)
	at org.openqa.selenium.remote.service.DriverCommandExecutor.execute(DriverCommandExecutor.java:83)
	at org.openqa.selenium.remote.RemoteWebDriver.execute(RemoteWebDriver.java:552)
	at org.openqa.selenium.remote.RemoteWebDriver.findElement(RemoteWebDriver.java:323)
	at org.openqa.selenium.remote.RemoteWebDriver.findElementByXPath(RemoteWebDriver.java:428)
	at org.openqa.selenium.By$ByXPath.findElement(By.java:353)
	at org.openqa.selenium.remote.RemoteWebDriver.findElement(RemoteWebDriver.java:315)
	at com.codeborne.selenide.impl.WebElementSelector.findElement(WebElementSelector.java:28)
	at com.codeborne.selenide.impl.ElementFinder.getWebElement(ElementFinder.java:74)
	at com.codeborne.selenide.impl.WebElementSource.checkCondition(WebElementSource.java:50)
	... 39 more
... Removed 30 stack frames
</div> <!-- stack-trace -->
                </div> <!-- method-content -->
              </div> <!-- method -->
            </div> <!-- main-panel-content rounded-window-bottom -->
          </div> <!-- suite-SMOKE_TESTS_TKO-class-failed -->
          <div class="suite-SMOKE_TESTS_TKO-class-failed">
            <div class="main-panel-header rounded-window-top">
              <img src="failed.png"/>
              <span class="class-name">com.tests.smoke.Smoke_tko_16</span>
            </div> <!-- main-panel-header rounded-window-top -->
            <div class="main-panel-content rounded-window-bottom">
              <div class="method">
                <div class="method-content">
                  <a name="smoke1">
                  </a> <!-- smoke1 -->
                  <span class="method-name">smoke1</span>
                  <div class="stack-trace">Element not found {By.xpath: //input[@placeholder=&apos;Логин&apos;]}
Expected: visible
Screenshot: file:/C:/Users/Home/git/AutoTKO/TKO/build/reports/tests/1610512280294.9.png
Page source: file:/C:/Users/Home/git/AutoTKO/TKO/build/reports/tests/1610512280294.9.html
Timeout: 5 s.
Caused by: NoSuchElementException: no such element: Unable to locate element: {&quot;method&quot;:&quot;xpath&quot;,&quot;selector&quot;:&quot;//input[@placeholder=&apos;Логин&apos;]&quot;}
	at com.codeborne.selenide.impl.WebElementSource.createElementNotFoundError(WebElementSource.java:37)
	at com.codeborne.selenide.impl.ElementFinder.createElementNotFoundError(ElementFinder.java:100)
	at com.codeborne.selenide.impl.WebElementSource.checkCondition(WebElementSource.java:65)
	at com.codeborne.selenide.commands.Should.should(Should.java:35)
	at com.codeborne.selenide.commands.Should.execute(Should.java:29)
	at com.codeborne.selenide.commands.Should.execute(Should.java:12)
	at com.codeborne.selenide.commands.Commands.execute(Commands.java:144)
	at com.codeborne.selenide.impl.SelenideElementProxy.dispatchAndRetry(SelenideElementProxy.java:99)
	at com.codeborne.selenide.impl.SelenideElementProxy.invoke(SelenideElementProxy.java:65)
	at com.sun.proxy.$Proxy10.waitUntil(Unknown Source)
	at com.pages.tko_96_addONWithoutCheckingAdmin.login(tko_96_addONWithoutCheckingAdmin.java:39)
	at com.pages.tko_96_addONWithoutCheckingAdmin.getKadastrNumber(tko_96_addONWithoutCheckingAdmin.java:353)
	at com.pages.tko_96_addONWithoutCheckingAdmin.addONWithoutCheckingAdmin(tko_96_addONWithoutCheckingAdmin.java:473)
	at com.tests.smoke.Smoke_tko_16.smoke1(Smoke_tko_16.java:17)
	at java.util.ArrayList.forEach(Unknown Source)
Caused by: org.openqa.selenium.NoSuchElementException: no such element: Unable to locate element: {&quot;method&quot;:&quot;xpath&quot;,&quot;selector&quot;:&quot;//input[@placeholder=&apos;Логин&apos;]&quot;}
  (Session info: chrome=87.0.4280.141)
For documentation on this error, please visit: https://www.seleniumhq.org/exceptions/no_such_element.html
Build info: version: &apos;3.141.59&apos;, revision: &apos;e82be7d358&apos;, time: &apos;2018-11-14T08:17:03&apos;
System info: host: &apos;DESKTOP-J47TJ88&apos;, ip: &apos;192.168.0.103&apos;, os.name: &apos;Windows 10&apos;, os.arch: &apos;amd64&apos;, os.version: &apos;10.0&apos;, java.version: &apos;1.8.0_271&apos;
Driver info: org.openqa.selenium.chrome.ChromeDriver
Capabilities {acceptInsecureCerts: false, browserName: chrome, browserVersion: 87.0.4280.141, chrome: {chromedriverVersion: 86.0.4240.22 (398b0743353ff..., userDataDir: C:\Users\Home\AppData\Local...}, goog:chromeOptions: {debuggerAddress: localhost:55743}, javascriptEnabled: true, networkConnectionEnabled: false, pageLoadStrategy: normal, platform: WINDOWS, platformName: WINDOWS, proxy: Proxy(), setWindowRect: true, strictFileInteractability: false, timeouts: {implicit: 0, pageLoad: 300000, script: 30000}, unhandledPromptBehavior: dismiss and notify, webauthn:virtualAuthenticators: true}
Session ID: b3f8380f6ed7a85b4faec5c8cf5698f4
*** Element info: {Using=xpath, value=//input[@placeholder=&apos;Логин&apos;]}
	at org.openqa.selenium.remote.http.W3CHttpResponseCodec.createException(W3CHttpResponseCodec.java:187)
	at org.openqa.selenium.remote.http.W3CHttpResponseCodec.decode(W3CHttpResponseCodec.java:122)
	at org.openqa.selenium.remote.http.W3CHttpResponseCodec.decode(W3CHttpResponseCodec.java:49)
	at org.openqa.selenium.remote.HttpCommandExecutor.execute(HttpCommandExecutor.java:158)
	at org.openqa.selenium.remote.service.DriverCommandExecutor.execute(DriverCommandExecutor.java:83)
	at org.openqa.selenium.remote.RemoteWebDriver.execute(RemoteWebDriver.java:552)
	at org.openqa.selenium.remote.RemoteWebDriver.findElement(RemoteWebDriver.java:323)
	at org.openqa.selenium.remote.RemoteWebDriver.findElementByXPath(RemoteWebDriver.java:428)
	at org.openqa.selenium.By$ByXPath.findElement(By.java:353)
	at org.openqa.selenium.remote.RemoteWebDriver.findElement(RemoteWebDriver.java:315)
	at com.codeborne.selenide.impl.WebElementSelector.findElement(WebElementSelector.java:28)
	at com.codeborne.selenide.impl.ElementFinder.getWebElement(ElementFinder.java:74)
	at com.codeborne.selenide.impl.WebElementSource.checkCondition(WebElementSource.java:50)
	... 39 more
... Removed 30 stack frames
</div> <!-- stack-trace -->
                </div> <!-- method-content -->
              </div> <!-- method -->
            </div> <!-- main-panel-content rounded-window-bottom -->
          </div> <!-- suite-SMOKE_TESTS_TKO-class-failed -->
          <div class="suite-SMOKE_TESTS_TKO-class-failed">
            <div class="main-panel-header rounded-window-top">
              <img src="failed.png"/>
              <span class="class-name">com.tests.smoke.Smoke_tko_22</span>
            </div> <!-- main-panel-header rounded-window-top -->
            <div class="main-panel-content rounded-window-bottom">
              <div class="method">
                <div class="method-content">
                  <a name="smoke1">
                  </a> <!-- smoke1 -->
                  <span class="method-name">smoke1</span>
                  <div class="stack-trace">Element not found {By.xpath: //input[@placeholder=&apos;Логин&apos;]}
Expected: visible
Screenshot: file:/C:/Users/Home/git/AutoTKO/TKO/build/reports/tests/1610512300680.11.png
Page source: file:/C:/Users/Home/git/AutoTKO/TKO/build/reports/tests/1610512300680.11.html
Timeout: 5 s.
Caused by: NoSuchElementException: no such element: Unable to locate element: {&quot;method&quot;:&quot;xpath&quot;,&quot;selector&quot;:&quot;//input[@placeholder=&apos;Логин&apos;]&quot;}
	at com.codeborne.selenide.impl.WebElementSource.createElementNotFoundError(WebElementSource.java:37)
	at com.codeborne.selenide.impl.ElementFinder.createElementNotFoundError(ElementFinder.java:100)
	at com.codeborne.selenide.impl.WebElementSource.checkCondition(WebElementSource.java:65)
	at com.codeborne.selenide.commands.Should.should(Should.java:35)
	at com.codeborne.selenide.commands.Should.execute(Should.java:29)
	at com.codeborne.selenide.commands.Should.execute(Should.java:12)
	at com.codeborne.selenide.commands.Commands.execute(Commands.java:144)
	at com.codeborne.selenide.impl.SelenideElementProxy.dispatchAndRetry(SelenideElementProxy.java:99)
	at com.codeborne.selenide.impl.SelenideElementProxy.invoke(SelenideElementProxy.java:65)
	at com.sun.proxy.$Proxy10.waitUntil(Unknown Source)
	at com.pages.tko_96_addONWithoutCheckingAdmin.login(tko_96_addONWithoutCheckingAdmin.java:39)
	at com.pages.tko_96_addONWithoutCheckingAdmin.getKadastrNumber(tko_96_addONWithoutCheckingAdmin.java:353)
	at com.pages.tko_96_addONWithoutCheckingAdmin.addONWithoutCheckingAdmin(tko_96_addONWithoutCheckingAdmin.java:473)
	at com.tests.smoke.Smoke_tko_22.smoke1(Smoke_tko_22.java:17)
	at java.util.ArrayList.forEach(Unknown Source)
Caused by: org.openqa.selenium.NoSuchElementException: no such element: Unable to locate element: {&quot;method&quot;:&quot;xpath&quot;,&quot;selector&quot;:&quot;//input[@placeholder=&apos;Логин&apos;]&quot;}
  (Session info: chrome=87.0.4280.141)
For documentation on this error, please visit: https://www.seleniumhq.org/exceptions/no_such_element.html
Build info: version: &apos;3.141.59&apos;, revision: &apos;e82be7d358&apos;, time: &apos;2018-11-14T08:17:03&apos;
System info: host: &apos;DESKTOP-J47TJ88&apos;, ip: &apos;192.168.0.103&apos;, os.name: &apos;Windows 10&apos;, os.arch: &apos;amd64&apos;, os.version: &apos;10.0&apos;, java.version: &apos;1.8.0_271&apos;
Driver info: org.openqa.selenium.chrome.ChromeDriver
Capabilities {acceptInsecureCerts: false, browserName: chrome, browserVersion: 87.0.4280.141, chrome: {chromedriverVersion: 86.0.4240.22 (398b0743353ff..., userDataDir: C:\Users\Home\AppData\Local...}, goog:chromeOptions: {debuggerAddress: localhost:55795}, javascriptEnabled: true, networkConnectionEnabled: false, pageLoadStrategy: normal, platform: WINDOWS, platformName: WINDOWS, proxy: Proxy(), setWindowRect: true, strictFileInteractability: false, timeouts: {implicit: 0, pageLoad: 300000, script: 30000}, unhandledPromptBehavior: dismiss and notify, webauthn:virtualAuthenticators: true}
Session ID: 520be63a794f9c26e5387768c5cb3b46
*** Element info: {Using=xpath, value=//input[@placeholder=&apos;Логин&apos;]}
	at org.openqa.selenium.remote.http.W3CHttpResponseCodec.createException(W3CHttpResponseCodec.java:187)
	at org.openqa.selenium.remote.http.W3CHttpResponseCodec.decode(W3CHttpResponseCodec.java:122)
	at org.openqa.selenium.remote.http.W3CHttpResponseCodec.decode(W3CHttpResponseCodec.java:49)
	at org.openqa.selenium.remote.HttpCommandExecutor.execute(HttpCommandExecutor.java:158)
	at org.openqa.selenium.remote.service.DriverCommandExecutor.execute(DriverCommandExecutor.java:83)
	at org.openqa.selenium.remote.RemoteWebDriver.execute(RemoteWebDriver.java:552)
	at org.openqa.selenium.remote.RemoteWebDriver.findElement(RemoteWebDriver.java:323)
	at org.openqa.selenium.remote.RemoteWebDriver.findElementByXPath(RemoteWebDriver.java:428)
	at org.openqa.selenium.By$ByXPath.findElement(By.java:353)
	at org.openqa.selenium.remote.RemoteWebDriver.findElement(RemoteWebDriver.java:315)
	at com.codeborne.selenide.impl.WebElementSelector.findElement(WebElementSelector.java:28)
	at com.codeborne.selenide.impl.ElementFinder.getWebElement(ElementFinder.java:74)
	at com.codeborne.selenide.impl.WebElementSource.checkCondition(WebElementSource.java:50)
	... 39 more
... Removed 30 stack frames
</div> <!-- stack-trace -->
                </div> <!-- method-content -->
              </div> <!-- method -->
            </div> <!-- main-panel-content rounded-window-bottom -->
          </div> <!-- suite-SMOKE_TESTS_TKO-class-failed -->
          <div class="suite-SMOKE_TESTS_TKO-class-failed">
            <div class="main-panel-header rounded-window-top">
              <img src="failed.png"/>
              <span class="class-name">com.tests.smoke.Smoke_tko_99</span>
            </div> <!-- main-panel-header rounded-window-top -->
            <div class="main-panel-content rounded-window-bottom">
              <div class="method">
                <div class="method-content">
                  <a name="smoke1">
                  </a> <!-- smoke1 -->
                  <span class="method-name">smoke1</span>
                  <div class="stack-trace">Element not found {By.xpath: //input[@placeholder=&apos;Логин&apos;]}
Expected: visible
Screenshot: file:/C:/Users/Home/git/AutoTKO/TKO/build/reports/tests/1610512196561.1.png
Page source: file:/C:/Users/Home/git/AutoTKO/TKO/build/reports/tests/1610512196561.1.html
Timeout: 5 s.
Caused by: NoSuchElementException: no such element: Unable to locate element: {&quot;method&quot;:&quot;xpath&quot;,&quot;selector&quot;:&quot;//input[@placeholder=&apos;Логин&apos;]&quot;}
	at com.codeborne.selenide.impl.WebElementSource.createElementNotFoundError(WebElementSource.java:37)
	at com.codeborne.selenide.impl.ElementFinder.createElementNotFoundError(ElementFinder.java:100)
	at com.codeborne.selenide.impl.WebElementSource.checkCondition(WebElementSource.java:65)
	at com.codeborne.selenide.commands.Should.should(Should.java:35)
	at com.codeborne.selenide.commands.Should.execute(Should.java:29)
	at com.codeborne.selenide.commands.Should.execute(Should.java:12)
	at com.codeborne.selenide.commands.Commands.execute(Commands.java:144)
	at com.codeborne.selenide.impl.SelenideElementProxy.dispatchAndRetry(SelenideElementProxy.java:99)
	at com.codeborne.selenide.impl.SelenideElementProxy.invoke(SelenideElementProxy.java:65)
	at com.sun.proxy.$Proxy10.waitUntil(Unknown Source)
	at com.pages.tko_99_UserAndAgentPNOOLR.login(tko_99_UserAndAgentPNOOLR.java:29)
	at com.pages.tko_99_UserAndAgentPNOOLR.start(tko_99_UserAndAgentPNOOLR.java:87)
	at com.pages.tko_99_UserAndAgentPNOOLR.AddUserAgentPNOOLR(tko_99_UserAndAgentPNOOLR.java:147)
	at com.tests.smoke.Smoke_tko_99.smoke1(Smoke_tko_99.java:18)
	at java.util.ArrayList.forEach(Unknown Source)
Caused by: org.openqa.selenium.NoSuchElementException: no such element: Unable to locate element: {&quot;method&quot;:&quot;xpath&quot;,&quot;selector&quot;:&quot;//input[@placeholder=&apos;Логин&apos;]&quot;}
  (Session info: chrome=87.0.4280.141)
For documentation on this error, please visit: https://www.seleniumhq.org/exceptions/no_such_element.html
Build info: version: &apos;3.141.59&apos;, revision: &apos;e82be7d358&apos;, time: &apos;2018-11-14T08:17:03&apos;
System info: host: &apos;DESKTOP-J47TJ88&apos;, ip: &apos;192.168.0.103&apos;, os.name: &apos;Windows 10&apos;, os.arch: &apos;amd64&apos;, os.version: &apos;10.0&apos;, java.version: &apos;1.8.0_271&apos;
Driver info: org.openqa.selenium.chrome.ChromeDriver
Capabilities {acceptInsecureCerts: false, browserName: chrome, browserVersion: 87.0.4280.141, chrome: {chromedriverVersion: 86.0.4240.22 (398b0743353ff..., userDataDir: C:\Users\Home\AppData\Local...}, goog:chromeOptions: {debuggerAddress: localhost:55546}, javascriptEnabled: true, networkConnectionEnabled: false, pageLoadStrategy: normal, platform: WINDOWS, platformName: WINDOWS, proxy: Proxy(), setWindowRect: true, strictFileInteractability: false, timeouts: {implicit: 0, pageLoad: 300000, script: 30000}, unhandledPromptBehavior: dismiss and notify, webauthn:virtualAuthenticators: true}
Session ID: 7ab610017956af7bd20d1c5c809305ed
*** Element info: {Using=xpath, value=//input[@placeholder=&apos;Логин&apos;]}
	at org.openqa.selenium.remote.http.W3CHttpResponseCodec.createException(W3CHttpResponseCodec.java:187)
	at org.openqa.selenium.remote.http.W3CHttpResponseCodec.decode(W3CHttpResponseCodec.java:122)
	at org.openqa.selenium.remote.http.W3CHttpResponseCodec.decode(W3CHttpResponseCodec.java:49)
	at org.openqa.selenium.remote.HttpCommandExecutor.execute(HttpCommandExecutor.java:158)
	at org.openqa.selenium.remote.service.DriverCommandExecutor.execute(DriverCommandExecutor.java:83)
	at org.openqa.selenium.remote.RemoteWebDriver.execute(RemoteWebDriver.java:552)
	at org.openqa.selenium.remote.RemoteWebDriver.findElement(RemoteWebDriver.java:323)
	at org.openqa.selenium.remote.RemoteWebDriver.findElementByXPath(RemoteWebDriver.java:428)
	at org.openqa.selenium.By$ByXPath.findElement(By.java:353)
	at org.openqa.selenium.remote.RemoteWebDriver.findElement(RemoteWebDriver.java:315)
	at com.codeborne.selenide.impl.WebElementSelector.findElement(WebElementSelector.java:28)
	at com.codeborne.selenide.impl.ElementFinder.getWebElement(ElementFinder.java:74)
	at com.codeborne.selenide.impl.WebElementSource.checkCondition(WebElementSource.java:50)
	... 39 more
... Removed 30 stack frames
</div> <!-- stack-trace -->
                </div> <!-- method-content -->
              </div> <!-- method -->
            </div> <!-- main-panel-content rounded-window-bottom -->
          </div> <!-- suite-SMOKE_TESTS_TKO-class-failed -->
          <div class="suite-SMOKE_TESTS_TKO-class-failed">
            <div class="main-panel-header rounded-window-top">
              <img src="failed.png"/>
              <span class="class-name">com.tests.smoke.Smoke_tko_8</span>
            </div> <!-- main-panel-header rounded-window-top -->
            <div class="main-panel-content rounded-window-bottom">
              <div class="method">
                <div class="method-content">
                  <a name="smoke1">
                  </a> <!-- smoke1 -->
                  <span class="method-name">smoke1</span>
                  <div class="stack-trace">Element not found {By.xpath: //input[@placeholder=&apos;Логин&apos;]}
Expected: visible
Screenshot: file:/C:/Users/Home/git/AutoTKO/TKO/build/reports/tests/1610512269742.8.png
Page source: file:/C:/Users/Home/git/AutoTKO/TKO/build/reports/tests/1610512269742.8.html
Timeout: 5 s.
Caused by: NoSuchElementException: no such element: Unable to locate element: {&quot;method&quot;:&quot;xpath&quot;,&quot;selector&quot;:&quot;//input[@placeholder=&apos;Логин&apos;]&quot;}
	at com.codeborne.selenide.impl.WebElementSource.createElementNotFoundError(WebElementSource.java:37)
	at com.codeborne.selenide.impl.ElementFinder.createElementNotFoundError(ElementFinder.java:100)
	at com.codeborne.selenide.impl.WebElementSource.checkCondition(WebElementSource.java:65)
	at com.codeborne.selenide.commands.Should.should(Should.java:35)
	at com.codeborne.selenide.commands.Should.execute(Should.java:29)
	at com.codeborne.selenide.commands.Should.execute(Should.java:12)
	at com.codeborne.selenide.commands.Commands.execute(Commands.java:144)
	at com.codeborne.selenide.impl.SelenideElementProxy.dispatchAndRetry(SelenideElementProxy.java:99)
	at com.codeborne.selenide.impl.SelenideElementProxy.invoke(SelenideElementProxy.java:65)
	at com.sun.proxy.$Proxy10.waitUntil(Unknown Source)
	at com.pages.tko_96_addONWithoutCheckingAdmin.login(tko_96_addONWithoutCheckingAdmin.java:39)
	at com.pages.tko_96_addONWithoutCheckingAdmin.getKadastrNumber(tko_96_addONWithoutCheckingAdmin.java:353)
	at com.pages.tko_96_addONWithoutCheckingAdmin.addONWithoutCheckingAdmin(tko_96_addONWithoutCheckingAdmin.java:473)
	at com.tests.smoke.Smoke_tko_8.smoke1(Smoke_tko_8.java:17)
	at java.util.ArrayList.forEach(Unknown Source)
Caused by: org.openqa.selenium.NoSuchElementException: no such element: Unable to locate element: {&quot;method&quot;:&quot;xpath&quot;,&quot;selector&quot;:&quot;//input[@placeholder=&apos;Логин&apos;]&quot;}
  (Session info: chrome=87.0.4280.141)
For documentation on this error, please visit: https://www.seleniumhq.org/exceptions/no_such_element.html
Build info: version: &apos;3.141.59&apos;, revision: &apos;e82be7d358&apos;, time: &apos;2018-11-14T08:17:03&apos;
System info: host: &apos;DESKTOP-J47TJ88&apos;, ip: &apos;192.168.0.103&apos;, os.name: &apos;Windows 10&apos;, os.arch: &apos;amd64&apos;, os.version: &apos;10.0&apos;, java.version: &apos;1.8.0_271&apos;
Driver info: org.openqa.selenium.chrome.ChromeDriver
Capabilities {acceptInsecureCerts: false, browserName: chrome, browserVersion: 87.0.4280.141, chrome: {chromedriverVersion: 86.0.4240.22 (398b0743353ff..., userDataDir: C:\Users\Home\AppData\Local...}, goog:chromeOptions: {debuggerAddress: localhost:55719}, javascriptEnabled: true, networkConnectionEnabled: false, pageLoadStrategy: normal, platform: WINDOWS, platformName: WINDOWS, proxy: Proxy(), setWindowRect: true, strictFileInteractability: false, timeouts: {implicit: 0, pageLoad: 300000, script: 30000}, unhandledPromptBehavior: dismiss and notify, webauthn:virtualAuthenticators: true}
Session ID: ba0fb80054c84fe10894583d01cd6f5f
*** Element info: {Using=xpath, value=//input[@placeholder=&apos;Логин&apos;]}
	at org.openqa.selenium.remote.http.W3CHttpResponseCodec.createException(W3CHttpResponseCodec.java:187)
	at org.openqa.selenium.remote.http.W3CHttpResponseCodec.decode(W3CHttpResponseCodec.java:122)
	at org.openqa.selenium.remote.http.W3CHttpResponseCodec.decode(W3CHttpResponseCodec.java:49)
	at org.openqa.selenium.remote.HttpCommandExecutor.execute(HttpCommandExecutor.java:158)
	at org.openqa.selenium.remote.service.DriverCommandExecutor.execute(DriverCommandExecutor.java:83)
	at org.openqa.selenium.remote.RemoteWebDriver.execute(RemoteWebDriver.java:552)
	at org.openqa.selenium.remote.RemoteWebDriver.findElement(RemoteWebDriver.java:323)
	at org.openqa.selenium.remote.RemoteWebDriver.findElementByXPath(RemoteWebDriver.java:428)
	at org.openqa.selenium.By$ByXPath.findElement(By.java:353)
	at org.openqa.selenium.remote.RemoteWebDriver.findElement(RemoteWebDriver.java:315)
	at com.codeborne.selenide.impl.WebElementSelector.findElement(WebElementSelector.java:28)
	at com.codeborne.selenide.impl.ElementFinder.getWebElement(ElementFinder.java:74)
	at com.codeborne.selenide.impl.WebElementSource.checkCondition(WebElementSource.java:50)
	... 39 more
... Removed 30 stack frames
</div> <!-- stack-trace -->
                </div> <!-- method-content -->
              </div> <!-- method -->
            </div> <!-- main-panel-content rounded-window-bottom -->
          </div> <!-- suite-SMOKE_TESTS_TKO-class-failed -->
        </div> <!-- panel SMOKE_TESTS_TKO -->
        <div panel-name="test-xml-SMOKE_TESTS_TKO" class="panel">
          <div class="main-panel-header rounded-window-top">
            <span class="header-content">C:\Users\Home\git\AutoTKO\TKO\testng.xml</span>
          </div> <!-- main-panel-header rounded-window-top -->
          <div class="main-panel-content rounded-window-bottom">
            <pre>
&lt;?xml version=&quot;1.0&quot; encoding=&quot;UTF-8&quot;?&gt;
&lt;!DOCTYPE suite SYSTEM &quot;https://testng.org/testng-1.0.dtd&quot;&gt;
&lt;suite thread-count=&quot;1&quot; guice-stage=&quot;DEVELOPMENT&quot; name=&quot;SMOKE TESTS TKO&quot;&gt;
  &lt;parameter name=&quot;browser&quot; value=&quot;chrome&quot;/&gt;
  &lt;parameter name=&quot;platform&quot; value=&quot;test&quot;/&gt;
  &lt;test thread-count=&quot;1&quot; name=&quot;SMOKE TESTS&quot;&gt;
    &lt;parameter name=&quot;password&quot; value=&quot;pass&quot;/&gt;
    &lt;parameter name=&quot;admin&quot; value=&quot;admin&quot;/&gt;
    &lt;parameter name=&quot;admin_password&quot; value=&quot;password&quot;/&gt;
    &lt;parameter name=&quot;user&quot; value=&quot;login&quot;/&gt;
    &lt;parameter name=&quot;url&quot; value=&quot;http://tko-qa.groupstp.ru/app/#!/&quot;/&gt;
    &lt;classes&gt;
      &lt;class name=&quot;com.tests.smoke.Smoke_tko_33&quot;/&gt;
      &lt;class name=&quot;com.tests.smoke.Smoke_tko_99&quot;/&gt;
      &lt;class name=&quot;com.tests.smoke.Smoke_tko_10&quot;/&gt;
      &lt;class name=&quot;com.tests.smoke.Smoke_tko_9&quot;/&gt;
      &lt;class name=&quot;com.tests.smoke.Smoke_tko_17&quot;/&gt;
      &lt;class name=&quot;com.tests.smoke.Smoke_tko_12&quot;/&gt;
      &lt;class name=&quot;com.tests.smoke.Smoke_tko_4&quot;/&gt;
      &lt;class name=&quot;com.tests.smoke.Smoke_tko_5&quot;/&gt;
      &lt;class name=&quot;com.tests.smoke.Smoke_tko_8&quot;/&gt;
      &lt;class name=&quot;com.tests.smoke.Smoke_tko_16&quot;/&gt;
      &lt;class name=&quot;com.tests.smoke.Smoke_tko_21&quot;/&gt;
      &lt;class name=&quot;com.tests.smoke.Smoke_tko_22&quot;/&gt;
      &lt;class name=&quot;com.tests.smoke.Smoke_tko_13&quot;/&gt;
    &lt;/classes&gt;
  &lt;/test&gt; &lt;!-- SMOKE TESTS --&gt;
&lt;/suite&gt; &lt;!-- SMOKE TESTS TKO --&gt;
            </pre>
          </div> <!-- main-panel-content rounded-window-bottom -->
        </div> <!-- panel -->
        <div panel-name="testlist-SMOKE_TESTS_TKO" class="panel">
          <div class="main-panel-header rounded-window-top">
            <span class="header-content">Tests for SMOKE TESTS TKO</span>
          </div> <!-- main-panel-header rounded-window-top -->
          <div class="main-panel-content rounded-window-bottom">
            <ul>
              <li>
                <span class="test-name">SMOKE TESTS (13 classes)</span>
              </li>
            </ul>
          </div> <!-- main-panel-content rounded-window-bottom -->
        </div> <!-- panel -->
        <div panel-name="group-SMOKE_TESTS_TKO" class="panel">
          <div class="main-panel-header rounded-window-top">
            <span class="header-content">Groups for SMOKE TESTS TKO</span>
          </div> <!-- main-panel-header rounded-window-top -->
          <div class="main-panel-content rounded-window-bottom">
            <div class="test-group">
              <span class="test-group-name">smoke</span>
              <br/>
              <div class="method-in-group">
                <span class="method-in-group-name">smoke1</span>
                <br/>
              </div> <!-- method-in-group -->
            </div> <!-- test-group -->
          </div> <!-- main-panel-content rounded-window-bottom -->
        </div> <!-- panel -->
        <div panel-name="times-SMOKE_TESTS_TKO" class="panel">
          <div class="main-panel-header rounded-window-top">
            <span class="header-content">Times for SMOKE TESTS TKO</span>
          </div> <!-- main-panel-header rounded-window-top -->
          <div class="main-panel-content rounded-window-bottom">
            <div class="times-div">
              <script type="text/javascript">
suiteTableInitFunctions.push('tableData_SMOKE_TESTS_TKO');
function tableData_SMOKE_TESTS_TKO() {
var data = new google.visualization.DataTable();
data.addColumn('number', 'Number');
data.addColumn('string', 'Method');
data.addColumn('string', 'Class');
data.addColumn('number', 'Time (ms)');
data.addRows(13);
data.setCell(0, 0, 0)
data.setCell(0, 1, 'smoke1')
data.setCell(0, 2, 'com.tests.smoke.Smoke_tko_33')
data.setCell(0, 3, 13803);
data.setCell(1, 0, 1)
data.setCell(1, 1, 'smoke1')
data.setCell(1, 2, 'com.tests.smoke.Smoke_tko_99')
data.setCell(1, 3, 6603);
data.setCell(2, 0, 2)
data.setCell(2, 1, 'smoke1')
data.setCell(2, 2, 'com.tests.smoke.Smoke_tko_5')
data.setCell(2, 3, 5568);
data.setCell(3, 0, 3)
data.setCell(3, 1, 'smoke1')
data.setCell(3, 2, 'com.tests.smoke.Smoke_tko_8')
data.setCell(3, 3, 5560);
data.setCell(4, 0, 4)
data.setCell(4, 1, 'smoke1')
data.setCell(4, 2, 'com.tests.smoke.Smoke_tko_21')
data.setCell(4, 3, 5525);
data.setCell(5, 0, 5)
data.setCell(5, 1, 'smoke1')
data.setCell(5, 2, 'com.tests.smoke.Smoke_tko_16')
data.setCell(5, 3, 5513);
data.setCell(6, 0, 6)
data.setCell(6, 1, 'smoke1')
data.setCell(6, 2, 'com.tests.smoke.Smoke_tko_9')
data.setCell(6, 3, 5465);
data.setCell(7, 0, 7)
data.setCell(7, 1, 'smoke1')
data.setCell(7, 2, 'com.tests.smoke.Smoke_tko_17')
data.setCell(7, 3, 5451);
data.setCell(8, 0, 8)
data.setCell(8, 1, 'smoke1')
data.setCell(8, 2, 'com.tests.smoke.Smoke_tko_13')
data.setCell(8, 3, 5445);
data.setCell(9, 0, 9)
data.setCell(9, 1, 'smoke1')
data.setCell(9, 2, 'com.tests.smoke.Smoke_tko_12')
data.setCell(9, 3, 5442);
data.setCell(10, 0, 10)
data.setCell(10, 1, 'smoke1')
data.setCell(10, 2, 'com.tests.smoke.Smoke_tko_22')
data.setCell(10, 3, 5441);
data.setCell(11, 0, 11)
data.setCell(11, 1, 'smoke1')
data.setCell(11, 2, 'com.tests.smoke.Smoke_tko_10')
data.setCell(11, 3, 5427);
data.setCell(12, 0, 12)
data.setCell(12, 1, 'smoke1')
data.setCell(12, 2, 'com.tests.smoke.Smoke_tko_4')
data.setCell(12, 3, 5402);
window.suiteTableData['SMOKE_TESTS_TKO']= { tableData: data, tableDiv: 'times-div-SMOKE_TESTS_TKO'}
return data;
}
              </script>
              <span class="suite-total-time">Total running time: 1 minutes</span>
              <div id="times-div-SMOKE_TESTS_TKO">
              </div> <!-- times-div-SMOKE_TESTS_TKO -->
            </div> <!-- times-div -->
          </div> <!-- main-panel-content rounded-window-bottom -->
        </div> <!-- panel -->
        <div panel-name="reporter-SMOKE_TESTS_TKO" class="panel">
          <div class="main-panel-header rounded-window-top">
            <span class="header-content">Reporter output for SMOKE TESTS TKO</span>
          </div> <!-- main-panel-header rounded-window-top -->
          <div class="main-panel-content rounded-window-bottom">
            <div class="reporter-method-div">
              <span class="reporter-method-name">smoke1</span>
              <div class="reporter-method-output-div">
                <span class="reporter-method-output"></details></b></span>
                <span class="reporter-method-output"><a href=..\videos\smoke1.WMV download="filename">Download video</a></span>
                <span class="reporter-method-output"><br><b><div align="left" style=" height:30px; width:250px; padding: 10px; border: 2px solid gray; margin: 0; background-color:#ff2500;">Class - Smoke_tko_22  TEST - smoke1 Fail! chrome</div></b></span>
                <span class="reporter-method-output"></b><details><summary>Show steps..</summary> <br></span>
              </div> <!-- reporter-method-output-div -->
            </div> <!-- reporter-method-div -->
            <div class="reporter-method-div">
              <span class="reporter-method-name">smoke1</span>
              <div class="reporter-method-output-div">
                <span class="reporter-method-output"></details></b></span>
                <span class="reporter-method-output"><a href=..\videos\smoke1.WMV download="filename">Download video</a></span>
                <span class="reporter-method-output"><br><b><div align="left" style=" height:30px; width:250px; padding: 10px; border: 2px solid gray; margin: 0; background-color:#ff2500;">Class - Smoke_tko_16  TEST - smoke1 Fail! chrome</div></b></span>
                <span class="reporter-method-output"></b><details><summary>Show steps..</summary> <br></span>
              </div> <!-- reporter-method-output-div -->
            </div> <!-- reporter-method-div -->
            <div class="reporter-method-div">
              <span class="reporter-method-name">smoke1</span>
              <div class="reporter-method-output-div">
                <span class="reporter-method-output"></details></b></span>
                <span class="reporter-method-output"><a href=..\videos\smoke1.WMV download="filename">Download video</a></span>
                <span class="reporter-method-output"><br><b><div align="left" style=" height:30px; width:250px; padding: 10px; border: 2px solid gray; margin: 0; background-color:#ff2500;">Class - Smoke_tko_8  TEST - smoke1 Fail! chrome</div></b></span>
                <span class="reporter-method-output"></b><details><summary>Show steps..</summary> <br></span>
              </div> <!-- reporter-method-output-div -->
            </div> <!-- reporter-method-div -->
            <div class="reporter-method-div">
              <span class="reporter-method-name">smoke1</span>
              <div class="reporter-method-output-div">
                <span class="reporter-method-output"></details></b></span>
                <span class="reporter-method-output"><a href=..\videos\smoke1.WMV download="filename">Download video</a></span>
                <span class="reporter-method-output"><br><b><div align="left" style=" height:30px; width:250px; padding: 10px; border: 2px solid gray; margin: 0; background-color:#ff2500;">Class - Smoke_tko_99  TEST - smoke1 Fail! chrome</div></b></span>
                <span class="reporter-method-output"></b><details><summary>Show steps..</summary> <br></span>
              </div> <!-- reporter-method-output-div -->
            </div> <!-- reporter-method-div -->
            <div class="reporter-method-div">
              <span class="reporter-method-name">smoke1</span>
              <div class="reporter-method-output-div">
                <span class="reporter-method-output"></details></b></span>
                <span class="reporter-method-output"><a href=..\videos\smoke1.WMV download="filename">Download video</a></span>
                <span class="reporter-method-output"><br><b><div align="left" style=" height:30px; width:250px; padding: 10px; border: 2px solid gray; margin: 0; background-color:#ff2500;">Class - Smoke_tko_13  TEST - smoke1 Fail! chrome</div></b></span>
                <span class="reporter-method-output"></b><details><summary>Show steps..</summary> <br></span>
              </div> <!-- reporter-method-output-div -->
            </div> <!-- reporter-method-div -->
            <div class="reporter-method-div">
              <span class="reporter-method-name">smoke1</span>
              <div class="reporter-method-output-div">
                <span class="reporter-method-output"></details></b></span>
                <span class="reporter-method-output"><a href=..\videos\smoke1.WMV download="filename">Download video</a></span>
                <span class="reporter-method-output"><br><b><div align="left" style=" height:30px; width:250px; padding: 10px; border: 2px solid gray; margin: 0; background-color:#ff2500;">Class - Smoke_tko_5  TEST - smoke1 Fail! chrome</div></b></span>
                <span class="reporter-method-output"></b><details><summary>Show steps..</summary> <br></span>
              </div> <!-- reporter-method-output-div -->
            </div> <!-- reporter-method-div -->
            <div class="reporter-method-div">
              <span class="reporter-method-name">smoke1</span>
              <div class="reporter-method-output-div">
                <span class="reporter-method-output"></details></b></span>
                <span class="reporter-method-output"><a href=..\videos\smoke1.WMV download="filename">Download video</a></span>
                <span class="reporter-method-output"><br><b><div align="left" style=" height:30px; width:250px; padding: 10px; border: 2px solid gray; margin: 0; background-color:#ff2500;">Class - Smoke_tko_12  TEST - smoke1 Fail! chrome</div></b></span>
                <span class="reporter-method-output"></b><details><summary>Show steps..</summary> <br></span>
              </div> <!-- reporter-method-output-div -->
            </div> <!-- reporter-method-div -->
            <div class="reporter-method-div">
              <span class="reporter-method-name">smoke1</span>
              <div class="reporter-method-output-div">
                <span class="reporter-method-output"></details></b></span>
                <span class="reporter-method-output"><a href=..\videos\smoke1.WMV download="filename">Download video</a></span>
                <span class="reporter-method-output"><br><b><div align="left" style=" height:30px; width:250px; padding: 10px; border: 2px solid gray; margin: 0; background-color:#ff2500;">Class - Smoke_tko_10  TEST - smoke1 Fail! chrome</div></b></span>
                <span class="reporter-method-output"></b><details><summary>Show steps..</summary> <br></span>
              </div> <!-- reporter-method-output-div -->
            </div> <!-- reporter-method-div -->
            <div class="reporter-method-div">
              <span class="reporter-method-name">smoke1</span>
              <div class="reporter-method-output-div">
                <span class="reporter-method-output"></details></b></span>
                <span class="reporter-method-output"><a href=..\videos\smoke1.WMV download="filename">Download video</a></span>
                <span class="reporter-method-output"><br><b><div align="left" style=" height:30px; width:250px; padding: 10px; border: 2px solid gray; margin: 0; background-color:#ff2500;">Class - Smoke_tko_4  TEST - smoke1 Fail! chrome</div></b></span>
                <span class="reporter-method-output"></b><details><summary>Show steps..</summary> <br></span>
              </div> <!-- reporter-method-output-div -->
            </div> <!-- reporter-method-div -->
            <div class="reporter-method-div">
              <span class="reporter-method-name">smoke1</span>
              <div class="reporter-method-output-div">
                <span class="reporter-method-output"></details></b></span>
                <span class="reporter-method-output"><a href=..\videos\smoke1.WMV download="filename">Download video</a></span>
                <span class="reporter-method-output"><br><b><div align="left" style=" height:30px; width:250px; padding: 10px; border: 2px solid gray; margin: 0; background-color:#ff2500;">Class - Smoke_tko_17  TEST - smoke1 Fail! chrome</div></b></span>
                <span class="reporter-method-output"></b><details><summary>Show steps..</summary> <br></span>
              </div> <!-- reporter-method-output-div -->
            </div> <!-- reporter-method-div -->
            <div class="reporter-method-div">
              <span class="reporter-method-name">smoke1</span>
              <div class="reporter-method-output-div">
                <span class="reporter-method-output"></details></b></span>
                <span class="reporter-method-output"><a href=..\videos\smoke1.WMV download="filename">Download video</a></span>
                <span class="reporter-method-output"><br><b><div align="left" style=" height:30px; width:250px; padding: 10px; border: 2px solid gray; margin: 0; background-color:#ff2500;">Class - Smoke_tko_33  TEST - smoke1 Fail! chrome</div></b></span>
                <span class="reporter-method-output"></b><details><summary>Show steps..</summary> <br></span>
              </div> <!-- reporter-method-output-div -->
            </div> <!-- reporter-method-div -->
            <div class="reporter-method-div">
              <span class="reporter-method-name">smoke1</span>
              <div class="reporter-method-output-div">
                <span class="reporter-method-output"></details></b></span>
                <span class="reporter-method-output"><a href=..\videos\smoke1.WMV download="filename">Download video</a></span>
                <span class="reporter-method-output"><br><b><div align="left" style=" height:30px; width:250px; padding: 10px; border: 2px solid gray; margin: 0; background-color:#ff2500;">Class - Smoke_tko_9  TEST - smoke1 Fail! chrome</div></b></span>
                <span class="reporter-method-output"></b><details><summary>Show steps..</summary> <br></span>
              </div> <!-- reporter-method-output-div -->
            </div> <!-- reporter-method-div -->
            <div class="reporter-method-div">
              <span class="reporter-method-name">smoke1</span>
              <div class="reporter-method-output-div">
                <span class="reporter-method-output"></details></b></span>
                <span class="reporter-method-output"><a href=..\videos\smoke1.WMV download="filename">Download video</a></span>
                <span class="reporter-method-output"><br><b><div align="left" style=" height:30px; width:250px; padding: 10px; border: 2px solid gray; margin: 0; background-color:#ff2500;">Class - Smoke_tko_21  TEST - smoke1 Fail! chrome</div></b></span>
                <span class="reporter-method-output"></b><details><summary>Show steps..</summary> <br></span>
              </div> <!-- reporter-method-output-div -->
            </div> <!-- reporter-method-div -->
          </div> <!-- main-panel-content rounded-window-bottom -->
        </div> <!-- panel -->
        <div panel-name="ignored-methods-SMOKE_TESTS_TKO" class="panel">
          <div class="main-panel-header rounded-window-top">
            <span class="header-content">12 ignored methods</span>
          </div> <!-- main-panel-header rounded-window-top -->
          <div class="main-panel-content rounded-window-bottom">
            <div class="ignored-class-div">
              <span class="ignored-class-name">com.tests.smoke.Smoke_tko_4</span>
              <div class="ignored-methods-div">
                <span class="ignored-method-name">cleanUp</span>
                <br/>
              </div> <!-- ignored-methods-div -->
            </div> <!-- ignored-class-div -->
            <div class="ignored-class-div">
              <span class="ignored-class-name">com.tests.smoke.Smoke_tko_17</span>
              <div class="ignored-methods-div">
                <span class="ignored-method-name">cleanUp</span>
                <br/>
              </div> <!-- ignored-methods-div -->
            </div> <!-- ignored-class-div -->
            <div class="ignored-class-div">
              <span class="ignored-class-name">com.tests.smoke.Smoke_tko_5</span>
              <div class="ignored-methods-div">
                <span class="ignored-method-name">cleanUp</span>
                <br/>
              </div> <!-- ignored-methods-div -->
            </div> <!-- ignored-class-div -->
            <div class="ignored-class-div">
              <span class="ignored-class-name">com.tests.smoke.Smoke_tko_12</span>
              <div class="ignored-methods-div">
                <span class="ignored-method-name">cleanUp</span>
                <br/>
              </div> <!-- ignored-methods-div -->
            </div> <!-- ignored-class-div -->
            <div class="ignored-class-div">
              <span class="ignored-class-name">com.tests.smoke.Smoke_tko_9</span>
              <div class="ignored-methods-div">
                <span class="ignored-method-name">cleanUp</span>
                <br/>
              </div> <!-- ignored-methods-div -->
            </div> <!-- ignored-class-div -->
            <div class="ignored-class-div">
              <span class="ignored-class-name">com.tests.smoke.Smoke_tko_13</span>
              <div class="ignored-methods-div">
                <span class="ignored-method-name">cleanUp</span>
                <br/>
              </div> <!-- ignored-methods-div -->
            </div> <!-- ignored-class-div -->
            <div class="ignored-class-div">
              <span class="ignored-class-name">com.tests.smoke.Smoke_tko_10</span>
              <div class="ignored-methods-div">
                <span class="ignored-method-name">cleanUp</span>
                <br/>
              </div> <!-- ignored-methods-div -->
            </div> <!-- ignored-class-div -->
            <div class="ignored-class-div">
              <span class="ignored-class-name">com.tests.smoke.Smoke_tko_21</span>
              <div class="ignored-methods-div">
                <span class="ignored-method-name">cleanUp</span>
                <br/>
              </div> <!-- ignored-methods-div -->
            </div> <!-- ignored-class-div -->
            <div class="ignored-class-div">
              <span class="ignored-class-name">com.tests.smoke.Smoke_tko_16</span>
              <div class="ignored-methods-div">
                <span class="ignored-method-name">cleanUp</span>
                <br/>
              </div> <!-- ignored-methods-div -->
            </div> <!-- ignored-class-div -->
            <div class="ignored-class-div">
              <span class="ignored-class-name">com.tests.smoke.Smoke_tko_22</span>
              <div class="ignored-methods-div">
                <span class="ignored-method-name">cleanUp</span>
                <br/>
              </div> <!-- ignored-methods-div -->
            </div> <!-- ignored-class-div -->
            <div class="ignored-class-div">
              <span class="ignored-class-name">com.tests.smoke.Smoke_tko_99</span>
              <div class="ignored-methods-div">
                <span class="ignored-method-name">cleanUp</span>
                <br/>
              </div> <!-- ignored-methods-div -->
            </div> <!-- ignored-class-div -->
            <div class="ignored-class-div">
              <span class="ignored-class-name">com.tests.smoke.Smoke_tko_8</span>
              <div class="ignored-methods-div">
                <span class="ignored-method-name">cleanUp</span>
                <br/>
              </div> <!-- ignored-methods-div -->
            </div> <!-- ignored-class-div -->
          </div> <!-- main-panel-content rounded-window-bottom -->
        </div> <!-- panel -->
        <div panel-name="chronological-SMOKE_TESTS_TKO" class="panel">
          <div class="main-panel-header rounded-window-top">
            <span class="header-content">Methods in chronological order</span>
          </div> <!-- main-panel-header rounded-window-top -->
          <div class="main-panel-content rounded-window-bottom">
            <div class="chronological-class">
              <div class="chronological-class-name">com.tests.smoke.Smoke_tko_33</div> <!-- chronological-class-name -->
              <div class="configuration-suite before">
                <span class="method-name">cleanUp</span>
                <span class="method-start">0 ms</span>
              </div> <!-- configuration-suite before -->
              <div class="configuration-class before">
                <span class="method-name">setUp(http://tko-qa.groupstp.ru/app/#!/, test)</span>
                <span class="method-start">19 ms</span>
              </div> <!-- configuration-class before -->
              <div class="configuration-method before">
                <span class="method-name">startVideo([TestResult name={null} status=CREATED method=Smoke_tko_33.smoke1()[pri:1, instance:[Smoke_tko_33 pa...)</span>
                <span class="method-start">4053 ms</span>
              </div> <!-- configuration-method before -->
              <div class="test-method">
                <img src="failed.png">
                </img>
                <span class="method-name">smoke1</span>
                <span class="method-start">4867 ms</span>
              </div> <!-- test-method -->
              <div class="configuration-method after">
                <span class="method-name">result([TestResult name=smoke1 on [Smoke_tko_33 passed=0 failed=0 skipped=0] status=FAILURE method=Smoke_tk...)</span>
                <span class="method-start">18675 ms</span>
              </div> <!-- configuration-method after -->
              <div class="configuration-class after">
                <span class="method-name">tearDown</span>
                <span class="method-start">18792 ms</span>
              </div> <!-- configuration-class after -->
            </div> <!-- chronological-class -->
            <div class="chronological-class">
              <div class="chronological-class-name">com.tests.smoke.Smoke_tko_99</div> <!-- chronological-class-name -->
              <div class="configuration-class before">
                <span class="method-name">setUp(http://tko-qa.groupstp.ru/app/#!/, test)</span>
                <span class="method-start">19342 ms</span>
              </div> <!-- configuration-class before -->
              <div class="configuration-method before">
                <span class="method-name">startVideo([TestResult name={null} status=CREATED method=Smoke_tko_99.smoke1()[pri:1, instance:[Smoke_tko_99 pa...)</span>
                <span class="method-start">22920 ms</span>
              </div> <!-- configuration-method before -->
              <div class="test-method">
                <img src="failed.png">
                </img>
                <span class="method-name">smoke1</span>
                <span class="method-start">23227 ms</span>
              </div> <!-- test-method -->
              <div class="configuration-method after">
                <span class="method-name">result([TestResult name=smoke1 on [Smoke_tko_99 passed=0 failed=0 skipped=0] status=FAILURE method=Smoke_tk...)</span>
                <span class="method-start">29832 ms</span>
              </div> <!-- configuration-method after -->
              <div class="configuration-class after">
                <span class="method-name">tearDown</span>
                <span class="method-start">29996 ms</span>
              </div> <!-- configuration-class after -->
            </div> <!-- chronological-class -->
            <div class="chronological-class">
              <div class="chronological-class-name">com.tests.smoke.Smoke_tko_10</div> <!-- chronological-class-name -->
              <div class="configuration-class before">
                <span class="method-name">setUp(http://tko-qa.groupstp.ru/app/#!/, test)</span>
                <span class="method-start">31346 ms</span>
              </div> <!-- configuration-class before -->
              <div class="configuration-method before">
                <span class="method-name">startVideo([TestResult name={null} status=CREATED method=Smoke_tko_10.smoke1()[pri:1, instance:[Smoke_tko_10 pa...)</span>
                <span class="method-start">34887 ms</span>
              </div> <!-- configuration-method before -->
              <div class="test-method">
                <img src="failed.png">
                </img>
                <span class="method-name">smoke1</span>
                <span class="method-start">35189 ms</span>
              </div> <!-- test-method -->
              <div class="configuration-method after">
                <span class="method-name">result([TestResult name=smoke1 on [Smoke_tko_10 passed=0 failed=0 skipped=0] status=FAILURE method=Smoke_tk...)</span>
                <span class="method-start">40617 ms</span>
              </div> <!-- configuration-method after -->
              <div class="configuration-class after">
                <span class="method-name">tearDown</span>
                <span class="method-start">40757 ms</span>
              </div> <!-- configuration-class after -->
            </div> <!-- chronological-class -->
            <div class="chronological-class">
              <div class="chronological-class-name">com.tests.smoke.Smoke_tko_9</div> <!-- chronological-class-name -->
              <div class="configuration-class before">
                <span class="method-name">setUp(http://tko-qa.groupstp.ru/app/#!/, test)</span>
                <span class="method-start">41323 ms</span>
              </div> <!-- configuration-class before -->
              <div class="configuration-method before">
                <span class="method-name">startVideo([TestResult name={null} status=CREATED method=Smoke_tko_9.smoke1()[pri:1, instance:[Smoke_tko_9 pass...)</span>
                <span class="method-start">44899 ms</span>
              </div> <!-- configuration-method before -->
              <div class="test-method">
                <img src="failed.png">
                </img>
                <span class="method-name">smoke1</span>
                <span class="method-start">45210 ms</span>
              </div> <!-- test-method -->
              <div class="configuration-method after">
                <span class="method-name">result([TestResult name=smoke1 on [Smoke_tko_9 passed=0 failed=0 skipped=0] status=FAILURE method=Smoke_tko...)</span>
                <span class="method-start">50677 ms</span>
              </div> <!-- configuration-method after -->
              <div class="configuration-class after">
                <span class="method-name">tearDown</span>
                <span class="method-start">50717 ms</span>
              </div> <!-- configuration-class after -->
            </div> <!-- chronological-class -->
            <div class="chronological-class">
              <div class="chronological-class-name">com.tests.smoke.Smoke_tko_17</div> <!-- chronological-class-name -->
              <div class="configuration-class before">
                <span class="method-name">setUp(http://tko-qa.groupstp.ru/app/#!/, test)</span>
                <span class="method-start">52188 ms</span>
              </div> <!-- configuration-class before -->
              <div class="configuration-method before">
                <span class="method-name">startVideo([TestResult name={null} status=CREATED method=Smoke_tko_17.smoke1()[pri:1, instance:[Smoke_tko_17 pa...)</span>
                <span class="method-start">55710 ms</span>
              </div> <!-- configuration-method before -->
              <div class="test-method">
                <img src="failed.png">
                </img>
                <span class="method-name">smoke1</span>
                <span class="method-start">56096 ms</span>
              </div> <!-- test-method -->
              <div class="configuration-method after">
                <span class="method-name">result([TestResult name=smoke1 on [Smoke_tko_17 passed=0 failed=0 skipped=0] status=FAILURE method=Smoke_tk...)</span>
                <span class="method-start">61548 ms</span>
              </div> <!-- configuration-method after -->
              <div class="configuration-class after">
                <span class="method-name">tearDown</span>
                <span class="method-start">61668 ms</span>
              </div> <!-- configuration-class after -->
            </div> <!-- chronological-class -->
            <div class="chronological-class">
              <div class="chronological-class-name">com.tests.smoke.Smoke_tko_12</div> <!-- chronological-class-name -->
              <div class="configuration-class before">
                <span class="method-name">setUp(http://tko-qa.groupstp.ru/app/#!/, test)</span>
                <span class="method-start">62242 ms</span>
              </div> <!-- configuration-class before -->
              <div class="configuration-method before">
                <span class="method-name">startVideo([TestResult name={null} status=CREATED method=Smoke_tko_12.smoke1()[pri:1, instance:[Smoke_tko_12 pa...)</span>
                <span class="method-start">66162 ms</span>
              </div> <!-- configuration-method before -->
              <div class="test-method">
                <img src="failed.png">
                </img>
                <span class="method-name">smoke1</span>
                <span class="method-start">66431 ms</span>
              </div> <!-- test-method -->
              <div class="configuration-method after">
                <span class="method-name">result([TestResult name=smoke1 on [Smoke_tko_12 passed=0 failed=0 skipped=0] status=FAILURE method=Smoke_tk...)</span>
                <span class="method-start">71874 ms</span>
              </div> <!-- configuration-method after -->
              <div class="configuration-class after">
                <span class="method-name">tearDown</span>
                <span class="method-start">71933 ms</span>
              </div> <!-- configuration-class after -->
            </div> <!-- chronological-class -->
            <div class="chronological-class">
              <div class="chronological-class-name">com.tests.smoke.Smoke_tko_4</div> <!-- chronological-class-name -->
              <div class="configuration-class before">
                <span class="method-name">setUp(http://tko-qa.groupstp.ru/app/#!/, test)</span>
                <span class="method-start">72499 ms</span>
              </div> <!-- configuration-class before -->
              <div class="configuration-method before">
                <span class="method-name">startVideo([TestResult name={null} status=CREATED method=Smoke_tko_4.smoke1()[pri:1, instance:[Smoke_tko_4 pass...)</span>
                <span class="method-start">76436 ms</span>
              </div> <!-- configuration-method before -->
              <div class="test-method">
                <img src="failed.png">
                </img>
                <span class="method-name">smoke1</span>
                <span class="method-start">76748 ms</span>
              </div> <!-- test-method -->
              <div class="configuration-method after">
                <span class="method-name">result([TestResult name=smoke1 on [Smoke_tko_4 passed=0 failed=0 skipped=0] status=FAILURE method=Smoke_tko...)</span>
                <span class="method-start">82152 ms</span>
              </div> <!-- configuration-method after -->
              <div class="configuration-class after">
                <span class="method-name">tearDown</span>
                <span class="method-start">82186 ms</span>
              </div> <!-- configuration-class after -->
            </div> <!-- chronological-class -->
            <div class="chronological-class">
              <div class="chronological-class-name">com.tests.smoke.Smoke_tko_5</div> <!-- chronological-class-name -->
              <div class="configuration-class before">
                <span class="method-name">setUp(http://tko-qa.groupstp.ru/app/#!/, test)</span>
                <span class="method-start">82763 ms</span>
              </div> <!-- configuration-class before -->
              <div class="configuration-method before">
                <span class="method-name">startVideo([TestResult name={null} status=CREATED method=Smoke_tko_5.smoke1()[pri:1, instance:[Smoke_tko_5 pass...)</span>
                <span class="method-start">86297 ms</span>
              </div> <!-- configuration-method before -->
              <div class="test-method">
                <img src="failed.png">
                </img>
                <span class="method-name">smoke1</span>
                <span class="method-start">86608 ms</span>
              </div> <!-- test-method -->
              <div class="configuration-method after">
                <span class="method-name">result([TestResult name=smoke1 on [Smoke_tko_5 passed=0 failed=0 skipped=0] status=FAILURE method=Smoke_tko...)</span>
                <span class="method-start">92177 ms</span>
              </div> <!-- configuration-method after -->
              <div class="configuration-class after">
                <span class="method-name">tearDown</span>
                <span class="method-start">92250 ms</span>
              </div> <!-- configuration-class after -->
            </div> <!-- chronological-class -->
            <div class="chronological-class">
              <div class="chronological-class-name">com.tests.smoke.Smoke_tko_8</div> <!-- chronological-class-name -->
              <div class="configuration-class before">
                <span class="method-name">setUp(http://tko-qa.groupstp.ru/app/#!/, test)</span>
                <span class="method-start">93771 ms</span>
              </div> <!-- configuration-class before -->
              <div class="configuration-method before">
                <span class="method-name">startVideo([TestResult name={null} status=CREATED method=Smoke_tko_8.smoke1()[pri:1, instance:[Smoke_tko_8 pass...)</span>
                <span class="method-start">97209 ms</span>
              </div> <!-- configuration-method before -->
              <div class="test-method">
                <img src="failed.png">
                </img>
                <span class="method-name">smoke1</span>
                <span class="method-start">97480 ms</span>
              </div> <!-- test-method -->
              <div class="configuration-method after">
                <span class="method-name">result([TestResult name=smoke1 on [Smoke_tko_8 passed=0 failed=0 skipped=0] status=FAILURE method=Smoke_tko...)</span>
                <span class="method-start">103042 ms</span>
              </div> <!-- configuration-method after -->
              <div class="configuration-class after">
                <span class="method-name">tearDown</span>
                <span class="method-start">103127 ms</span>
              </div> <!-- configuration-class after -->
            </div> <!-- chronological-class -->
            <div class="chronological-class">
              <div class="chronological-class-name">com.tests.smoke.Smoke_tko_16</div> <!-- chronological-class-name -->
              <div class="configuration-class before">
                <span class="method-name">setUp(http://tko-qa.groupstp.ru/app/#!/, test)</span>
                <span class="method-start">103845 ms</span>
              </div> <!-- configuration-class before -->
              <div class="configuration-method before">
                <span class="method-name">startVideo([TestResult name={null} status=CREATED method=Smoke_tko_16.smoke1()[pri:1, instance:[Smoke_tko_16 pa...)</span>
                <span class="method-start">107771 ms</span>
              </div> <!-- configuration-method before -->
              <div class="test-method">
                <img src="failed.png">
                </img>
                <span class="method-name">smoke1</span>
                <span class="method-start">108080 ms</span>
              </div> <!-- test-method -->
              <div class="configuration-method after">
                <span class="method-name">result([TestResult name=smoke1 on [Smoke_tko_16 passed=0 failed=0 skipped=0] status=FAILURE method=Smoke_tk...)</span>
                <span class="method-start">113595 ms</span>
              </div> <!-- configuration-method after -->
              <div class="configuration-class after">
                <span class="method-name">tearDown</span>
                <span class="method-start">113673 ms</span>
              </div> <!-- configuration-class after -->
            </div> <!-- chronological-class -->
            <div class="chronological-class">
              <div class="chronological-class-name">com.tests.smoke.Smoke_tko_21</div> <!-- chronological-class-name -->
              <div class="configuration-class before">
                <span class="method-name">setUp(http://tko-qa.groupstp.ru/app/#!/, test)</span>
                <span class="method-start">114235 ms</span>
              </div> <!-- configuration-class before -->
              <div class="configuration-method before">
                <span class="method-name">startVideo([TestResult name={null} status=CREATED method=Smoke_tko_21.smoke1()[pri:1, instance:[Smoke_tko_21 pa...)</span>
                <span class="method-start">117847 ms</span>
              </div> <!-- configuration-method before -->
              <div class="test-method">
                <img src="failed.png">
                </img>
                <span class="method-name">smoke1</span>
                <span class="method-start">118159 ms</span>
              </div> <!-- test-method -->
              <div class="configuration-method after">
                <span class="method-name">result([TestResult name=smoke1 on [Smoke_tko_21 passed=0 failed=0 skipped=0] status=FAILURE method=Smoke_tk...)</span>
                <span class="method-start">123685 ms</span>
              </div> <!-- configuration-method after -->
              <div class="configuration-class after">
                <span class="method-name">tearDown</span>
                <span class="method-start">123741 ms</span>
              </div> <!-- configuration-class after -->
            </div> <!-- chronological-class -->
            <div class="chronological-class">
              <div class="chronological-class-name">com.tests.smoke.Smoke_tko_22</div> <!-- chronological-class-name -->
              <div class="configuration-class before">
                <span class="method-name">setUp(http://tko-qa.groupstp.ru/app/#!/, test)</span>
                <span class="method-start">124314 ms</span>
              </div> <!-- configuration-class before -->
              <div class="configuration-method before">
                <span class="method-name">startVideo([TestResult name={null} status=CREATED method=Smoke_tko_22.smoke1()[pri:1, instance:[Smoke_tko_22 pa...)</span>
                <span class="method-start">128229 ms</span>
              </div> <!-- configuration-method before -->
              <div class="test-method">
                <img src="failed.png">
                </img>
                <span class="method-name">smoke1</span>
                <span class="method-start">128544 ms</span>
              </div> <!-- test-method -->
              <div class="configuration-method after">
                <span class="method-name">result([TestResult name=smoke1 on [Smoke_tko_22 passed=0 failed=0 skipped=0] status=FAILURE method=Smoke_tk...)</span>
                <span class="method-start">133987 ms</span>
              </div> <!-- configuration-method after -->
              <div class="configuration-class after">
                <span class="method-name">tearDown</span>
                <span class="method-start">134063 ms</span>
              </div> <!-- configuration-class after -->
            </div> <!-- chronological-class -->
            <div class="chronological-class">
              <div class="chronological-class-name">com.tests.smoke.Smoke_tko_13</div> <!-- chronological-class-name -->
              <div class="configuration-class before">
                <span class="method-name">setUp(http://tko-qa.groupstp.ru/app/#!/, test)</span>
                <span class="method-start">134624 ms</span>
              </div> <!-- configuration-class before -->
              <div class="configuration-method before">
                <span class="method-name">startVideo([TestResult name={null} status=CREATED method=Smoke_tko_13.smoke1()[pri:1, instance:[Smoke_tko_13 pa...)</span>
                <span class="method-start">138549 ms</span>
              </div> <!-- configuration-method before -->
              <div class="test-method">
                <img src="failed.png">
                </img>
                <span class="method-name">smoke1</span>
                <span class="method-start">138815 ms</span>
              </div> <!-- test-method -->
              <div class="configuration-method after">
                <span class="method-name">result([TestResult name=smoke1 on [Smoke_tko_13 passed=0 failed=0 skipped=0] status=FAILURE method=Smoke_tk...)</span>
                <span class="method-start">144261 ms</span>
              </div> <!-- configuration-method after -->
              <div class="configuration-class after">
                <span class="method-name">tearDown</span>
                <span class="method-start">144318 ms</span>
              </div> <!-- configuration-class after -->
          </div> <!-- main-panel-content rounded-window-bottom -->
        </div> <!-- panel -->
      </div> <!-- main-panel-root -->
    </div> <!-- wrapper -->
  </body>
<script type="text/javascript" src="testng-reports2.js"></script>
</html>
